#***************************************************************************

#sjplacer

#Version:            1.1

#Build Date:         Sep  9 2019 11:47:43

#File Generated:     Jun 4 2022 00:13:10

#Purpose:            

#Copyright (C) 2010-2011 by Softjin Technologies Pvt Ltd. All rights reserved.

#***************************************************************************

Executing : C:\Program Files (x86)\Cypress\PSoC Creator\4.4\PSoC Creator\bin/sjplacer.exe --proj-name Dashboard --netlist-vh2 Dashboard_p.vh2 --arch p35_udb4x6 --arch-file C:\Program Files (x86)\Cypress\PSoC Creator\4.4\PSoC Creator\dev\arch/udbdsi_4x6_24.cydata --ip-file C:\Program Files (x86)\Cypress\PSoC Creator\4.4\PSoC Creator\dev\psoc5/psoc5lp/ip_blocks.cydata --rrg-file C:\Program Files (x86)\Cypress\PSoC Creator\4.4\PSoC Creator\dev\psoc5/psoc5lp/route_arch-rrg.cydata --irq-file C:\Program Files (x86)\Cypress\PSoC Creator\4.4\PSoC Creator\dev\psoc5/psoc5lp/irqconn.cydata --drq-file C:\Program Files (x86)\Cypress\PSoC Creator\4.4\PSoC Creator\dev\psoc5/psoc5lp/dmaconn.cydata --dsi-conn-file C:\Program Files (x86)\Cypress\PSoC Creator\4.4\PSoC Creator\dev\psoc5/psoc5lp/dsiconn.cydata --pins-file pins_100-TQFP.xml --lib-file Dashboard_p.lib --sdc-file Dashboard.sdc --io-pcf Dashboard.pci --outdir .

		Softjin Techologies Placer, Version 1.1

Build Date : Sep  9 2019	11:45:12

D2004: Option and Settings Summary
=============================================================
Netlist vh2 file          - Dashboard_p.vh2
Architecture file         - C:\Program Files (x86)\Cypress\PSoC Creator\4.4\PSoC Creator\dev\arch/udbdsi_4x6_24.cydata
Package                   - 
Defparam file             - 
SDC file                  - Dashboard.sdc
Output directory          - .
Timing library            - Dashboard_p.lib
IO Placement file         - Dashboard.pci

D2050: Starting reading inputs for placer
=============================================================
D2065: Reading netlist file : "Dashboard_p.vh2"
D2065: Reading arch file : "C:\Program Files (x86)\Cypress\PSoC Creator\4.4\PSoC Creator\dev\arch/udbdsi_4x6_24.cydata"
D2051: Reading of inputs for placer completed successfully

D2053: Starting placement of the design
=============================================================

Phase 2
Phase 3

Design Statistics after Packing
    Number of Combinational MCs 	:	6
    Number of Sequential MCs    	:	9
    Number of DPs               	:	12
    Number of Controls          	:	3
    Number of Status            	:	5
    Number of SyncCells         	:	0
    Number of count7cells       	:	0

Device Utilization Summary after Packing
    Macrocells                  :	15/192
    UDBS                        :	13/24
    IOs                         :	39/72


D2088: Phase 3, elapsed time : 0.0 (sec)

Phase 4
D2088: Phase 4, elapsed time : 0.0 (sec)

Phase 5
D2088: Phase 5, elapsed time : 0.0 (sec)

Phase 6

######################################################################
Placement Timing Summary

The timing summary is based on estimated routing delays after
placement. For final timing report, please carry out the timing
analysis after routing.
======================================================================

######################################################################
                     Clock Summary 
======================================================================
Number of clocks: 14
Clock: ADC_GLV_V_Ext_CP_Clk | Frequency: N/A       | Target:  24.0 MHz
Clock: ADC_GLV_V_Ext_CP_Clk(routed) | Frequency: N/A       | Target:  24.0 MHz
Clock: ADC_GLV_V_theACLK    | Frequency: N/A       | Target:   0.6 MHz
Clock: ADC_GLV_V_theACLK(fixed-function) | Frequency: N/A       | Target:   0.6 MHz
Clock: Clock_1              | Frequency:  69.0 MHz | Target:  24.0 MHz
Clock: CyBUS_CLK            | Frequency:  32.0 MHz | Target:  24.0 MHz
Clock: CyBUS_CLK(fixed-function) | Frequency: N/A       | Target:  24.0 MHz
Clock: CyILO                | Frequency: N/A       | Target:   0.1 MHz
Clock: CyIMO                | Frequency: N/A       | Target:  24.0 MHz
Clock: CyMASTER_CLK         | Frequency: N/A       | Target:  24.0 MHz
Clock: CyPLL_OUT            | Frequency: N/A       | Target:  24.0 MHz
Clock: \ADC_GLV_V:DSM\/dec_clock | Frequency: N/A       | Target:   0.1 MHz
Clock: timer_clock          | Frequency: N/A       | Target:   0.0 MHz
Clock: timer_clock(fixed-function) | Frequency: N/A       | Target:   0.0 MHz

======================================================================
                     End of Clock Summary
######################################################################

D2088: Phase 6, elapsed time : 0.0 (sec)

Phase 7
######################################################################
                     Clock Summary 
======================================================================
Number of clocks: 14
Clock: ADC_GLV_V_Ext_CP_Clk | Frequency: N/A       | Target:  24.0 MHz
Clock: ADC_GLV_V_Ext_CP_Clk(routed) | Frequency: N/A       | Target:  24.0 MHz
Clock: ADC_GLV_V_theACLK    | Frequency: N/A       | Target:   0.6 MHz
Clock: ADC_GLV_V_theACLK(fixed-function) | Frequency: N/A       | Target:   0.6 MHz
Clock: Clock_1              | Frequency:  69.0 MHz | Target:  24.0 MHz
Clock: CyBUS_CLK            | Frequency:  32.6 MHz | Target:  24.0 MHz
Clock: CyBUS_CLK(fixed-function) | Frequency: N/A       | Target:  24.0 MHz
Clock: CyILO                | Frequency: N/A       | Target:   0.1 MHz
Clock: CyIMO                | Frequency: N/A       | Target:  24.0 MHz
Clock: CyMASTER_CLK         | Frequency: N/A       | Target:  24.0 MHz
Clock: CyPLL_OUT            | Frequency: N/A       | Target:  24.0 MHz
Clock: \ADC_GLV_V:DSM\/dec_clock | Frequency: N/A       | Target:   0.1 MHz
Clock: timer_clock          | Frequency: N/A       | Target:   0.0 MHz
Clock: timer_clock(fixed-function) | Frequency: N/A       | Target:   0.0 MHz

======================================================================
                     End of Clock Summary
######################################################################
D2088: Phase 7, elapsed time : 0.3 (sec)

Final Design Statistics
    Number of Combinational MCs 	:	6
    Number of Sequential MCs    	:	9
    Number of DPs               	:	12
    Number of Controls          	:	3
    Number of Status            	:	5
    Number of SyncCells         	:	0
    Number of count7cells       	:	0
    Number of IOs       	:	39

Device Utilization Summary
    Macrocells                  :	15/192
    IOs                         :	39/72



######################################################################
Placement Timing Summary

The timing summary is based on estimated routing delays after
placement. For final timing report, please carry out the timing
analysis after routing.
======================================================================


######################################################################
                     Clock Summary 
======================================================================
Number of clocks: 14
Clock: ADC_GLV_V_Ext_CP_Clk | Frequency: N/A       | Target:  24.0 MHz
Clock: ADC_GLV_V_Ext_CP_Clk(routed) | Frequency: N/A       | Target:  24.0 MHz
Clock: ADC_GLV_V_theACLK    | Frequency: N/A       | Target:   0.6 MHz
Clock: ADC_GLV_V_theACLK(fixed-function) | Frequency: N/A       | Target:   0.6 MHz
Clock: Clock_1              | Frequency:  69.0 MHz | Target:  26.3 MHz
Clock: CyBUS_CLK            | Frequency:  32.6 MHz | Target:  26.3 MHz
Clock: CyBUS_CLK(fixed-function) | Frequency: N/A       | Target:  24.0 MHz
Clock: CyILO                | Frequency: N/A       | Target:   0.1 MHz
Clock: CyIMO                | Frequency: N/A       | Target:  24.0 MHz
Clock: CyMASTER_CLK         | Frequency: N/A       | Target:  24.0 MHz
Clock: CyPLL_OUT            | Frequency: N/A       | Target:  24.0 MHz
Clock: \ADC_GLV_V:DSM\/dec_clock | Frequency: N/A       | Target:   0.1 MHz
Clock: timer_clock          | Frequency: N/A       | Target:   0.0 MHz
Clock: timer_clock(fixed-function) | Frequency: N/A       | Target:   0.0 MHz

======================================================================
                     End of Clock Summary
######################################################################

Phase 6

######################################################################
Placement Timing Summary

The timing summary is based on estimated routing delays after
placement. For final timing report, please carry out the timing
analysis after routing.
======================================================================

######################################################################
                     Clock Summary 
======================================================================
Number of clocks: 14
Clock: ADC_GLV_V_Ext_CP_Clk | Frequency: N/A       | Target:  24.0 MHz
Clock: ADC_GLV_V_Ext_CP_Clk(routed) | Frequency: N/A       | Target:  24.0 MHz
Clock: ADC_GLV_V_theACLK    | Frequency: N/A       | Target:   0.6 MHz
Clock: ADC_GLV_V_theACLK(fixed-function) | Frequency: N/A       | Target:   0.6 MHz
Clock: Clock_1              | Frequency:  69.0 MHz | Target:  26.3 MHz
Clock: CyBUS_CLK            | Frequency:  32.0 MHz | Target:  26.3 MHz
Clock: CyBUS_CLK(fixed-function) | Frequency: N/A       | Target:  24.0 MHz
Clock: CyILO                | Frequency: N/A       | Target:   0.1 MHz
Clock: CyIMO                | Frequency: N/A       | Target:  24.0 MHz
Clock: CyMASTER_CLK         | Frequency: N/A       | Target:  24.0 MHz
Clock: CyPLL_OUT            | Frequency: N/A       | Target:  24.0 MHz
Clock: \ADC_GLV_V:DSM\/dec_clock | Frequency: N/A       | Target:   0.1 MHz
Clock: timer_clock          | Frequency: N/A       | Target:   0.0 MHz
Clock: timer_clock(fixed-function) | Frequency: N/A       | Target:   0.0 MHz

======================================================================
                     End of Clock Summary
######################################################################

D2088: Phase 6, elapsed time : 0.0 (sec)

Phase 7
######################################################################
                     Clock Summary 
======================================================================
Number of clocks: 14
Clock: ADC_GLV_V_Ext_CP_Clk | Frequency: N/A       | Target:  24.0 MHz
Clock: ADC_GLV_V_Ext_CP_Clk(routed) | Frequency: N/A       | Target:  24.0 MHz
Clock: ADC_GLV_V_theACLK    | Frequency: N/A       | Target:   0.6 MHz
Clock: ADC_GLV_V_theACLK(fixed-function) | Frequency: N/A       | Target:   0.6 MHz
Clock: Clock_1              | Frequency:  63.9 MHz | Target:  28.6 MHz
Clock: CyBUS_CLK            | Frequency:  32.0 MHz | Target:  28.6 MHz
Clock: CyBUS_CLK(fixed-function) | Frequency: N/A       | Target:  24.0 MHz
Clock: CyILO                | Frequency: N/A       | Target:   0.1 MHz
Clock: CyIMO                | Frequency: N/A       | Target:  24.0 MHz
Clock: CyMASTER_CLK         | Frequency: N/A       | Target:  24.0 MHz
Clock: CyPLL_OUT            | Frequency: N/A       | Target:  24.0 MHz
Clock: \ADC_GLV_V:DSM\/dec_clock | Frequency: N/A       | Target:   0.1 MHz
Clock: timer_clock          | Frequency: N/A       | Target:   0.0 MHz
Clock: timer_clock(fixed-function) | Frequency: N/A       | Target:   0.0 MHz

======================================================================
                     End of Clock Summary
######################################################################
D2088: Phase 7, elapsed time : 0.5 (sec)

Final Design Statistics
    Number of Combinational MCs 	:	6
    Number of Sequential MCs    	:	9
    Number of DPs               	:	12
    Number of Controls          	:	3
    Number of Status            	:	5
    Number of SyncCells         	:	0
    Number of count7cells       	:	0
    Number of IOs       	:	39

Device Utilization Summary
    Macrocells                  :	15/192
    IOs                         :	39/72



######################################################################
Placement Timing Summary

The timing summary is based on estimated routing delays after
placement. For final timing report, please carry out the timing
analysis after routing.
======================================================================


######################################################################
                     Clock Summary 
======================================================================
Number of clocks: 14
Clock: ADC_GLV_V_Ext_CP_Clk | Frequency: N/A       | Target:  24.0 MHz
Clock: ADC_GLV_V_Ext_CP_Clk(routed) | Frequency: N/A       | Target:  24.0 MHz
Clock: ADC_GLV_V_theACLK    | Frequency: N/A       | Target:   0.6 MHz
Clock: ADC_GLV_V_theACLK(fixed-function) | Frequency: N/A       | Target:   0.6 MHz
Clock: Clock_1              | Frequency:  61.7 MHz | Target:  31.3 MHz
Clock: CyBUS_CLK            | Frequency:  33.7 MHz | Target:  31.3 MHz
Clock: CyBUS_CLK(fixed-function) | Frequency: N/A       | Target:  24.0 MHz
Clock: CyILO                | Frequency: N/A       | Target:   0.1 MHz
Clock: CyIMO                | Frequency: N/A       | Target:  24.0 MHz
Clock: CyMASTER_CLK         | Frequency: N/A       | Target:  24.0 MHz
Clock: CyPLL_OUT            | Frequency: N/A       | Target:  24.0 MHz
Clock: \ADC_GLV_V:DSM\/dec_clock | Frequency: N/A       | Target:   0.1 MHz
Clock: timer_clock          | Frequency: N/A       | Target:   0.0 MHz
Clock: timer_clock(fixed-function) | Frequency: N/A       | Target:   0.0 MHz

======================================================================
                     End of Clock Summary
######################################################################

Phase 8
D2088: Phase 8, elapsed time : 0.0 (sec)

D2054: Placement of the design completed successfully

I2076: Total run-time: 1.9 sec.

