ARM GAS  C:\Users\ANDREY~1\AppData\Local\Temp\cc4LG6sW.s 			page 1


   1              		.syntax unified
   2              		.cpu cortex-m3
   3              		.fpu softvfp
   4              		.eabi_attribute 20, 1
   5              		.eabi_attribute 21, 1
   6              		.eabi_attribute 23, 3
   7              		.eabi_attribute 24, 1
   8              		.eabi_attribute 25, 1
   9              		.eabi_attribute 26, 1
  10              		.eabi_attribute 30, 1
  11              		.eabi_attribute 34, 1
  12              		.eabi_attribute 18, 4
  13              		.thumb
  14              		.syntax unified
  15              		.file	"BMS.c"
  16              		.text
  17              	.Ltext0:
  18              		.cfi_sections	.debug_frame
  19              		.section	.text.BMS_Write,"ax",%progbits
  20              		.align	2
  21              		.global	BMS_Write
  22              		.thumb
  23              		.thumb_func
  24              		.type	BMS_Write, %function
  25              	BMS_Write:
  26              	.LFB0:
  27              		.file 1 "Generated_Source\\PSoC5\\BMS.c"
   1:Generated_Source\PSoC5/BMS.c **** /*******************************************************************************
   2:Generated_Source\PSoC5/BMS.c **** * File Name: BMS.c  
   3:Generated_Source\PSoC5/BMS.c **** * Version 2.10
   4:Generated_Source\PSoC5/BMS.c **** *
   5:Generated_Source\PSoC5/BMS.c **** * Description:
   6:Generated_Source\PSoC5/BMS.c **** *  This file contains API to enable firmware control of a Pins component.
   7:Generated_Source\PSoC5/BMS.c **** *
   8:Generated_Source\PSoC5/BMS.c **** * Note:
   9:Generated_Source\PSoC5/BMS.c **** *
  10:Generated_Source\PSoC5/BMS.c **** ********************************************************************************
  11:Generated_Source\PSoC5/BMS.c **** * Copyright 2008-2014, Cypress Semiconductor Corporation.  All rights reserved.
  12:Generated_Source\PSoC5/BMS.c **** * You may use this file only in accordance with the license, terms, conditions, 
  13:Generated_Source\PSoC5/BMS.c **** * disclaimers, and limitations in the end user license agreement accompanying 
  14:Generated_Source\PSoC5/BMS.c **** * the software package with which this file was provided.
  15:Generated_Source\PSoC5/BMS.c **** *******************************************************************************/
  16:Generated_Source\PSoC5/BMS.c **** 
  17:Generated_Source\PSoC5/BMS.c **** #include "cytypes.h"
  18:Generated_Source\PSoC5/BMS.c **** #include "BMS.h"
  19:Generated_Source\PSoC5/BMS.c **** 
  20:Generated_Source\PSoC5/BMS.c **** /* APIs are not generated for P15[7:6] on PSoC 5 */
  21:Generated_Source\PSoC5/BMS.c **** #if !(CY_PSOC5A &&\
  22:Generated_Source\PSoC5/BMS.c **** 	 BMS__PORT == 15 && ((BMS__MASK & 0xC0) != 0))
  23:Generated_Source\PSoC5/BMS.c **** 
  24:Generated_Source\PSoC5/BMS.c **** 
  25:Generated_Source\PSoC5/BMS.c **** /*******************************************************************************
  26:Generated_Source\PSoC5/BMS.c **** * Function Name: BMS_Write
  27:Generated_Source\PSoC5/BMS.c **** ********************************************************************************
  28:Generated_Source\PSoC5/BMS.c **** *
  29:Generated_Source\PSoC5/BMS.c **** * Summary:
  30:Generated_Source\PSoC5/BMS.c **** *  Assign a new value to the digital port's data output register.  
ARM GAS  C:\Users\ANDREY~1\AppData\Local\Temp\cc4LG6sW.s 			page 2


  31:Generated_Source\PSoC5/BMS.c **** *
  32:Generated_Source\PSoC5/BMS.c **** * Parameters:  
  33:Generated_Source\PSoC5/BMS.c **** *  prtValue:  The value to be assigned to the Digital Port. 
  34:Generated_Source\PSoC5/BMS.c **** *
  35:Generated_Source\PSoC5/BMS.c **** * Return: 
  36:Generated_Source\PSoC5/BMS.c **** *  None
  37:Generated_Source\PSoC5/BMS.c **** *  
  38:Generated_Source\PSoC5/BMS.c **** *******************************************************************************/
  39:Generated_Source\PSoC5/BMS.c **** void BMS_Write(uint8 value) 
  40:Generated_Source\PSoC5/BMS.c **** {
  28              		.loc 1 40 0
  29              		.cfi_startproc
  30              		@ args = 0, pretend = 0, frame = 0
  31              		@ frame_needed = 0, uses_anonymous_args = 0
  32              		@ link register save eliminated.
  33              	.LVL0:
  41:Generated_Source\PSoC5/BMS.c ****     uint8 staticBits = (BMS_DR & (uint8)(~BMS_MASK));
  34              		.loc 1 41 0
  35 0000 044A     		ldr	r2, .L2
  36 0002 1378     		ldrb	r3, [r2]	@ zero_extendqisi2
  37 0004 03F0F703 		and	r3, r3, #247
  38              	.LVL1:
  42:Generated_Source\PSoC5/BMS.c ****     BMS_DR = staticBits | ((uint8)(value << BMS_SHIFT) & BMS_MASK);
  39              		.loc 1 42 0
  40 0008 C000     		lsls	r0, r0, #3
  41              	.LVL2:
  42 000a 00F00800 		and	r0, r0, #8
  43 000e 1843     		orrs	r0, r0, r3
  44 0010 1070     		strb	r0, [r2]
  45 0012 7047     		bx	lr
  46              	.L3:
  47              		.align	2
  48              	.L2:
  49 0014 30510040 		.word	1073762608
  50              		.cfi_endproc
  51              	.LFE0:
  52              		.size	BMS_Write, .-BMS_Write
  53              		.section	.text.BMS_SetDriveMode,"ax",%progbits
  54              		.align	2
  55              		.global	BMS_SetDriveMode
  56              		.thumb
  57              		.thumb_func
  58              		.type	BMS_SetDriveMode, %function
  59              	BMS_SetDriveMode:
  60              	.LFB1:
  43:Generated_Source\PSoC5/BMS.c **** }
  44:Generated_Source\PSoC5/BMS.c **** 
  45:Generated_Source\PSoC5/BMS.c **** 
  46:Generated_Source\PSoC5/BMS.c **** /*******************************************************************************
  47:Generated_Source\PSoC5/BMS.c **** * Function Name: BMS_SetDriveMode
  48:Generated_Source\PSoC5/BMS.c **** ********************************************************************************
  49:Generated_Source\PSoC5/BMS.c **** *
  50:Generated_Source\PSoC5/BMS.c **** * Summary:
  51:Generated_Source\PSoC5/BMS.c **** *  Change the drive mode on the pins of the port.
  52:Generated_Source\PSoC5/BMS.c **** * 
  53:Generated_Source\PSoC5/BMS.c **** * Parameters:  
  54:Generated_Source\PSoC5/BMS.c **** *  mode:  Change the pins to one of the following drive modes.
ARM GAS  C:\Users\ANDREY~1\AppData\Local\Temp\cc4LG6sW.s 			page 3


  55:Generated_Source\PSoC5/BMS.c **** *
  56:Generated_Source\PSoC5/BMS.c **** *  BMS_DM_STRONG     Strong Drive 
  57:Generated_Source\PSoC5/BMS.c **** *  BMS_DM_OD_HI      Open Drain, Drives High 
  58:Generated_Source\PSoC5/BMS.c **** *  BMS_DM_OD_LO      Open Drain, Drives Low 
  59:Generated_Source\PSoC5/BMS.c **** *  BMS_DM_RES_UP     Resistive Pull Up 
  60:Generated_Source\PSoC5/BMS.c **** *  BMS_DM_RES_DWN    Resistive Pull Down 
  61:Generated_Source\PSoC5/BMS.c **** *  BMS_DM_RES_UPDWN  Resistive Pull Up/Down 
  62:Generated_Source\PSoC5/BMS.c **** *  BMS_DM_DIG_HIZ    High Impedance Digital 
  63:Generated_Source\PSoC5/BMS.c **** *  BMS_DM_ALG_HIZ    High Impedance Analog 
  64:Generated_Source\PSoC5/BMS.c **** *
  65:Generated_Source\PSoC5/BMS.c **** * Return: 
  66:Generated_Source\PSoC5/BMS.c **** *  None
  67:Generated_Source\PSoC5/BMS.c **** *
  68:Generated_Source\PSoC5/BMS.c **** *******************************************************************************/
  69:Generated_Source\PSoC5/BMS.c **** void BMS_SetDriveMode(uint8 mode) 
  70:Generated_Source\PSoC5/BMS.c **** {
  61              		.loc 1 70 0
  62              		.cfi_startproc
  63              		@ args = 0, pretend = 0, frame = 0
  64              		@ frame_needed = 0, uses_anonymous_args = 0
  65              		@ link register save eliminated.
  66              	.LVL3:
  71:Generated_Source\PSoC5/BMS.c **** 	CyPins_SetPinDriveMode(BMS_0, mode);
  67              		.loc 1 71 0
  68 0000 044A     		ldr	r2, .L5
  69 0002 1378     		ldrb	r3, [r2]	@ zero_extendqisi2
  70 0004 03F0F103 		and	r3, r3, #241
  71 0008 00F00E00 		and	r0, r0, #14
  72              	.LVL4:
  73 000c 1843     		orrs	r0, r0, r3
  74 000e 1070     		strb	r0, [r2]
  75 0010 7047     		bx	lr
  76              	.L6:
  77 0012 00BF     		.align	2
  78              	.L5:
  79 0014 1B500040 		.word	1073762331
  80              		.cfi_endproc
  81              	.LFE1:
  82              		.size	BMS_SetDriveMode, .-BMS_SetDriveMode
  83              		.section	.text.BMS_Read,"ax",%progbits
  84              		.align	2
  85              		.global	BMS_Read
  86              		.thumb
  87              		.thumb_func
  88              		.type	BMS_Read, %function
  89              	BMS_Read:
  90              	.LFB2:
  72:Generated_Source\PSoC5/BMS.c **** }
  73:Generated_Source\PSoC5/BMS.c **** 
  74:Generated_Source\PSoC5/BMS.c **** 
  75:Generated_Source\PSoC5/BMS.c **** /*******************************************************************************
  76:Generated_Source\PSoC5/BMS.c **** * Function Name: BMS_Read
  77:Generated_Source\PSoC5/BMS.c **** ********************************************************************************
  78:Generated_Source\PSoC5/BMS.c **** *
  79:Generated_Source\PSoC5/BMS.c **** * Summary:
  80:Generated_Source\PSoC5/BMS.c **** *  Read the current value on the pins of the Digital Port in right justified 
  81:Generated_Source\PSoC5/BMS.c **** *  form.
ARM GAS  C:\Users\ANDREY~1\AppData\Local\Temp\cc4LG6sW.s 			page 4


  82:Generated_Source\PSoC5/BMS.c **** *
  83:Generated_Source\PSoC5/BMS.c **** * Parameters:  
  84:Generated_Source\PSoC5/BMS.c **** *  None
  85:Generated_Source\PSoC5/BMS.c **** *
  86:Generated_Source\PSoC5/BMS.c **** * Return: 
  87:Generated_Source\PSoC5/BMS.c **** *  Returns the current value of the Digital Port as a right justified number
  88:Generated_Source\PSoC5/BMS.c **** *  
  89:Generated_Source\PSoC5/BMS.c **** * Note:
  90:Generated_Source\PSoC5/BMS.c **** *  Macro BMS_ReadPS calls this function. 
  91:Generated_Source\PSoC5/BMS.c **** *  
  92:Generated_Source\PSoC5/BMS.c **** *******************************************************************************/
  93:Generated_Source\PSoC5/BMS.c **** uint8 BMS_Read(void) 
  94:Generated_Source\PSoC5/BMS.c **** {
  91              		.loc 1 94 0
  92              		.cfi_startproc
  93              		@ args = 0, pretend = 0, frame = 0
  94              		@ frame_needed = 0, uses_anonymous_args = 0
  95              		@ link register save eliminated.
  95:Generated_Source\PSoC5/BMS.c ****     return (BMS_PS & BMS_MASK) >> BMS_SHIFT;
  96              		.loc 1 95 0
  97 0000 024B     		ldr	r3, .L8
  98 0002 1878     		ldrb	r0, [r3]	@ zero_extendqisi2
  96:Generated_Source\PSoC5/BMS.c **** }
  99              		.loc 1 96 0
 100 0004 C0F3C000 		ubfx	r0, r0, #3, #1
 101 0008 7047     		bx	lr
 102              	.L9:
 103 000a 00BF     		.align	2
 104              	.L8:
 105 000c 31510040 		.word	1073762609
 106              		.cfi_endproc
 107              	.LFE2:
 108              		.size	BMS_Read, .-BMS_Read
 109              		.section	.text.BMS_ReadDataReg,"ax",%progbits
 110              		.align	2
 111              		.global	BMS_ReadDataReg
 112              		.thumb
 113              		.thumb_func
 114              		.type	BMS_ReadDataReg, %function
 115              	BMS_ReadDataReg:
 116              	.LFB3:
  97:Generated_Source\PSoC5/BMS.c **** 
  98:Generated_Source\PSoC5/BMS.c **** 
  99:Generated_Source\PSoC5/BMS.c **** /*******************************************************************************
 100:Generated_Source\PSoC5/BMS.c **** * Function Name: BMS_ReadDataReg
 101:Generated_Source\PSoC5/BMS.c **** ********************************************************************************
 102:Generated_Source\PSoC5/BMS.c **** *
 103:Generated_Source\PSoC5/BMS.c **** * Summary:
 104:Generated_Source\PSoC5/BMS.c **** *  Read the current value assigned to a Digital Port's data output register
 105:Generated_Source\PSoC5/BMS.c **** *
 106:Generated_Source\PSoC5/BMS.c **** * Parameters:  
 107:Generated_Source\PSoC5/BMS.c **** *  None 
 108:Generated_Source\PSoC5/BMS.c **** *
 109:Generated_Source\PSoC5/BMS.c **** * Return: 
 110:Generated_Source\PSoC5/BMS.c **** *  Returns the current value assigned to the Digital Port's data output register
 111:Generated_Source\PSoC5/BMS.c **** *  
 112:Generated_Source\PSoC5/BMS.c **** *******************************************************************************/
ARM GAS  C:\Users\ANDREY~1\AppData\Local\Temp\cc4LG6sW.s 			page 5


 113:Generated_Source\PSoC5/BMS.c **** uint8 BMS_ReadDataReg(void) 
 114:Generated_Source\PSoC5/BMS.c **** {
 117              		.loc 1 114 0
 118              		.cfi_startproc
 119              		@ args = 0, pretend = 0, frame = 0
 120              		@ frame_needed = 0, uses_anonymous_args = 0
 121              		@ link register save eliminated.
 115:Generated_Source\PSoC5/BMS.c ****     return (BMS_DR & BMS_MASK) >> BMS_SHIFT;
 122              		.loc 1 115 0
 123 0000 024B     		ldr	r3, .L11
 124 0002 1878     		ldrb	r0, [r3]	@ zero_extendqisi2
 116:Generated_Source\PSoC5/BMS.c **** }
 125              		.loc 1 116 0
 126 0004 C0F3C000 		ubfx	r0, r0, #3, #1
 127 0008 7047     		bx	lr
 128              	.L12:
 129 000a 00BF     		.align	2
 130              	.L11:
 131 000c 30510040 		.word	1073762608
 132              		.cfi_endproc
 133              	.LFE3:
 134              		.size	BMS_ReadDataReg, .-BMS_ReadDataReg
 135              		.text
 136              	.Letext0:
 137              		.file 2 "Generated_Source\\PSoC5\\cytypes.h"
 138              		.section	.debug_info,"",%progbits
 139              	.Ldebug_info0:
 140 0000 1B010000 		.4byte	0x11b
 141 0004 0400     		.2byte	0x4
 142 0006 00000000 		.4byte	.Ldebug_abbrev0
 143 000a 04       		.byte	0x4
 144 000b 01       		.uleb128 0x1
 145 000c 25000000 		.4byte	.LASF20
 146 0010 0C       		.byte	0xc
 147 0011 E4000000 		.4byte	.LASF21
 148 0015 25010000 		.4byte	.LASF22
 149 0019 00000000 		.4byte	.Ldebug_ranges0+0
 150 001d 00000000 		.4byte	0
 151 0021 00000000 		.4byte	.Ldebug_line0
 152 0025 02       		.uleb128 0x2
 153 0026 01       		.byte	0x1
 154 0027 06       		.byte	0x6
 155 0028 C8010000 		.4byte	.LASF0
 156 002c 02       		.uleb128 0x2
 157 002d 01       		.byte	0x1
 158 002e 08       		.byte	0x8
 159 002f 17000000 		.4byte	.LASF1
 160 0033 02       		.uleb128 0x2
 161 0034 02       		.byte	0x2
 162 0035 05       		.byte	0x5
 163 0036 9F010000 		.4byte	.LASF2
 164 003a 02       		.uleb128 0x2
 165 003b 02       		.byte	0x2
 166 003c 07       		.byte	0x7
 167 003d CA000000 		.4byte	.LASF3
 168 0041 02       		.uleb128 0x2
 169 0042 04       		.byte	0x4
ARM GAS  C:\Users\ANDREY~1\AppData\Local\Temp\cc4LG6sW.s 			page 6


 170 0043 05       		.byte	0x5
 171 0044 BF010000 		.4byte	.LASF4
 172 0048 02       		.uleb128 0x2
 173 0049 04       		.byte	0x4
 174 004a 07       		.byte	0x7
 175 004b B8000000 		.4byte	.LASF5
 176 004f 02       		.uleb128 0x2
 177 0050 08       		.byte	0x8
 178 0051 05       		.byte	0x5
 179 0052 8C010000 		.4byte	.LASF6
 180 0056 02       		.uleb128 0x2
 181 0057 08       		.byte	0x8
 182 0058 07       		.byte	0x7
 183 0059 0E010000 		.4byte	.LASF7
 184 005d 03       		.uleb128 0x3
 185 005e 04       		.byte	0x4
 186 005f 05       		.byte	0x5
 187 0060 696E7400 		.ascii	"int\000"
 188 0064 02       		.uleb128 0x2
 189 0065 04       		.byte	0x4
 190 0066 07       		.byte	0x7
 191 0067 01010000 		.4byte	.LASF8
 192 006b 04       		.uleb128 0x4
 193 006c A9010000 		.4byte	.LASF12
 194 0070 02       		.byte	0x2
 195 0071 3801     		.2byte	0x138
 196 0073 2C000000 		.4byte	0x2c
 197 0077 02       		.uleb128 0x2
 198 0078 04       		.byte	0x4
 199 0079 04       		.byte	0x4
 200 007a 11000000 		.4byte	.LASF9
 201 007e 02       		.uleb128 0x2
 202 007f 08       		.byte	0x8
 203 0080 04       		.byte	0x4
 204 0081 DD000000 		.4byte	.LASF10
 205 0085 02       		.uleb128 0x2
 206 0086 01       		.byte	0x1
 207 0087 08       		.byte	0x8
 208 0088 9A010000 		.4byte	.LASF11
 209 008c 04       		.uleb128 0x4
 210 008d B3000000 		.4byte	.LASF13
 211 0091 02       		.byte	0x2
 212 0092 E201     		.2byte	0x1e2
 213 0094 98000000 		.4byte	0x98
 214 0098 05       		.uleb128 0x5
 215 0099 6B000000 		.4byte	0x6b
 216 009d 06       		.uleb128 0x6
 217 009e D4010000 		.4byte	.LASF14
 218 00a2 01       		.byte	0x1
 219 00a3 27       		.byte	0x27
 220 00a4 00000000 		.4byte	.LFB0
 221 00a8 18000000 		.4byte	.LFE0-.LFB0
 222 00ac 01       		.uleb128 0x1
 223 00ad 9C       		.byte	0x9c
 224 00ae CF000000 		.4byte	0xcf
 225 00b2 07       		.uleb128 0x7
 226 00b3 00000000 		.4byte	.LASF16
ARM GAS  C:\Users\ANDREY~1\AppData\Local\Temp\cc4LG6sW.s 			page 7


 227 00b7 01       		.byte	0x1
 228 00b8 27       		.byte	0x27
 229 00b9 6B000000 		.4byte	0x6b
 230 00bd 00000000 		.4byte	.LLST0
 231 00c1 08       		.uleb128 0x8
 232 00c2 06000000 		.4byte	.LASF23
 233 00c6 01       		.byte	0x1
 234 00c7 29       		.byte	0x29
 235 00c8 6B000000 		.4byte	0x6b
 236 00cc 01       		.uleb128 0x1
 237 00cd 53       		.byte	0x53
 238 00ce 00       		.byte	0
 239 00cf 06       		.uleb128 0x6
 240 00d0 7B010000 		.4byte	.LASF15
 241 00d4 01       		.byte	0x1
 242 00d5 45       		.byte	0x45
 243 00d6 00000000 		.4byte	.LFB1
 244 00da 18000000 		.4byte	.LFE1-.LFB1
 245 00de 01       		.uleb128 0x1
 246 00df 9C       		.byte	0x9c
 247 00e0 F4000000 		.4byte	0xf4
 248 00e4 07       		.uleb128 0x7
 249 00e5 6D010000 		.4byte	.LASF17
 250 00e9 01       		.byte	0x1
 251 00ea 45       		.byte	0x45
 252 00eb 6B000000 		.4byte	0x6b
 253 00ef 21000000 		.4byte	.LLST1
 254 00f3 00       		.byte	0
 255 00f4 09       		.uleb128 0x9
 256 00f5 72010000 		.4byte	.LASF18
 257 00f9 01       		.byte	0x1
 258 00fa 5D       		.byte	0x5d
 259 00fb 6B000000 		.4byte	0x6b
 260 00ff 00000000 		.4byte	.LFB2
 261 0103 10000000 		.4byte	.LFE2-.LFB2
 262 0107 01       		.uleb128 0x1
 263 0108 9C       		.byte	0x9c
 264 0109 09       		.uleb128 0x9
 265 010a AF010000 		.4byte	.LASF19
 266 010e 01       		.byte	0x1
 267 010f 71       		.byte	0x71
 268 0110 6B000000 		.4byte	0x6b
 269 0114 00000000 		.4byte	.LFB3
 270 0118 10000000 		.4byte	.LFE3-.LFB3
 271 011c 01       		.uleb128 0x1
 272 011d 9C       		.byte	0x9c
 273 011e 00       		.byte	0
 274              		.section	.debug_abbrev,"",%progbits
 275              	.Ldebug_abbrev0:
 276 0000 01       		.uleb128 0x1
 277 0001 11       		.uleb128 0x11
 278 0002 01       		.byte	0x1
 279 0003 25       		.uleb128 0x25
 280 0004 0E       		.uleb128 0xe
 281 0005 13       		.uleb128 0x13
 282 0006 0B       		.uleb128 0xb
 283 0007 03       		.uleb128 0x3
ARM GAS  C:\Users\ANDREY~1\AppData\Local\Temp\cc4LG6sW.s 			page 8


 284 0008 0E       		.uleb128 0xe
 285 0009 1B       		.uleb128 0x1b
 286 000a 0E       		.uleb128 0xe
 287 000b 55       		.uleb128 0x55
 288 000c 17       		.uleb128 0x17
 289 000d 11       		.uleb128 0x11
 290 000e 01       		.uleb128 0x1
 291 000f 10       		.uleb128 0x10
 292 0010 17       		.uleb128 0x17
 293 0011 00       		.byte	0
 294 0012 00       		.byte	0
 295 0013 02       		.uleb128 0x2
 296 0014 24       		.uleb128 0x24
 297 0015 00       		.byte	0
 298 0016 0B       		.uleb128 0xb
 299 0017 0B       		.uleb128 0xb
 300 0018 3E       		.uleb128 0x3e
 301 0019 0B       		.uleb128 0xb
 302 001a 03       		.uleb128 0x3
 303 001b 0E       		.uleb128 0xe
 304 001c 00       		.byte	0
 305 001d 00       		.byte	0
 306 001e 03       		.uleb128 0x3
 307 001f 24       		.uleb128 0x24
 308 0020 00       		.byte	0
 309 0021 0B       		.uleb128 0xb
 310 0022 0B       		.uleb128 0xb
 311 0023 3E       		.uleb128 0x3e
 312 0024 0B       		.uleb128 0xb
 313 0025 03       		.uleb128 0x3
 314 0026 08       		.uleb128 0x8
 315 0027 00       		.byte	0
 316 0028 00       		.byte	0
 317 0029 04       		.uleb128 0x4
 318 002a 16       		.uleb128 0x16
 319 002b 00       		.byte	0
 320 002c 03       		.uleb128 0x3
 321 002d 0E       		.uleb128 0xe
 322 002e 3A       		.uleb128 0x3a
 323 002f 0B       		.uleb128 0xb
 324 0030 3B       		.uleb128 0x3b
 325 0031 05       		.uleb128 0x5
 326 0032 49       		.uleb128 0x49
 327 0033 13       		.uleb128 0x13
 328 0034 00       		.byte	0
 329 0035 00       		.byte	0
 330 0036 05       		.uleb128 0x5
 331 0037 35       		.uleb128 0x35
 332 0038 00       		.byte	0
 333 0039 49       		.uleb128 0x49
 334 003a 13       		.uleb128 0x13
 335 003b 00       		.byte	0
 336 003c 00       		.byte	0
 337 003d 06       		.uleb128 0x6
 338 003e 2E       		.uleb128 0x2e
 339 003f 01       		.byte	0x1
 340 0040 3F       		.uleb128 0x3f
ARM GAS  C:\Users\ANDREY~1\AppData\Local\Temp\cc4LG6sW.s 			page 9


 341 0041 19       		.uleb128 0x19
 342 0042 03       		.uleb128 0x3
 343 0043 0E       		.uleb128 0xe
 344 0044 3A       		.uleb128 0x3a
 345 0045 0B       		.uleb128 0xb
 346 0046 3B       		.uleb128 0x3b
 347 0047 0B       		.uleb128 0xb
 348 0048 27       		.uleb128 0x27
 349 0049 19       		.uleb128 0x19
 350 004a 11       		.uleb128 0x11
 351 004b 01       		.uleb128 0x1
 352 004c 12       		.uleb128 0x12
 353 004d 06       		.uleb128 0x6
 354 004e 40       		.uleb128 0x40
 355 004f 18       		.uleb128 0x18
 356 0050 9742     		.uleb128 0x2117
 357 0052 19       		.uleb128 0x19
 358 0053 01       		.uleb128 0x1
 359 0054 13       		.uleb128 0x13
 360 0055 00       		.byte	0
 361 0056 00       		.byte	0
 362 0057 07       		.uleb128 0x7
 363 0058 05       		.uleb128 0x5
 364 0059 00       		.byte	0
 365 005a 03       		.uleb128 0x3
 366 005b 0E       		.uleb128 0xe
 367 005c 3A       		.uleb128 0x3a
 368 005d 0B       		.uleb128 0xb
 369 005e 3B       		.uleb128 0x3b
 370 005f 0B       		.uleb128 0xb
 371 0060 49       		.uleb128 0x49
 372 0061 13       		.uleb128 0x13
 373 0062 02       		.uleb128 0x2
 374 0063 17       		.uleb128 0x17
 375 0064 00       		.byte	0
 376 0065 00       		.byte	0
 377 0066 08       		.uleb128 0x8
 378 0067 34       		.uleb128 0x34
 379 0068 00       		.byte	0
 380 0069 03       		.uleb128 0x3
 381 006a 0E       		.uleb128 0xe
 382 006b 3A       		.uleb128 0x3a
 383 006c 0B       		.uleb128 0xb
 384 006d 3B       		.uleb128 0x3b
 385 006e 0B       		.uleb128 0xb
 386 006f 49       		.uleb128 0x49
 387 0070 13       		.uleb128 0x13
 388 0071 02       		.uleb128 0x2
 389 0072 18       		.uleb128 0x18
 390 0073 00       		.byte	0
 391 0074 00       		.byte	0
 392 0075 09       		.uleb128 0x9
 393 0076 2E       		.uleb128 0x2e
 394 0077 00       		.byte	0
 395 0078 3F       		.uleb128 0x3f
 396 0079 19       		.uleb128 0x19
 397 007a 03       		.uleb128 0x3
ARM GAS  C:\Users\ANDREY~1\AppData\Local\Temp\cc4LG6sW.s 			page 10


 398 007b 0E       		.uleb128 0xe
 399 007c 3A       		.uleb128 0x3a
 400 007d 0B       		.uleb128 0xb
 401 007e 3B       		.uleb128 0x3b
 402 007f 0B       		.uleb128 0xb
 403 0080 27       		.uleb128 0x27
 404 0081 19       		.uleb128 0x19
 405 0082 49       		.uleb128 0x49
 406 0083 13       		.uleb128 0x13
 407 0084 11       		.uleb128 0x11
 408 0085 01       		.uleb128 0x1
 409 0086 12       		.uleb128 0x12
 410 0087 06       		.uleb128 0x6
 411 0088 40       		.uleb128 0x40
 412 0089 18       		.uleb128 0x18
 413 008a 9742     		.uleb128 0x2117
 414 008c 19       		.uleb128 0x19
 415 008d 00       		.byte	0
 416 008e 00       		.byte	0
 417 008f 00       		.byte	0
 418              		.section	.debug_loc,"",%progbits
 419              	.Ldebug_loc0:
 420              	.LLST0:
 421 0000 00000000 		.4byte	.LVL0
 422 0004 0A000000 		.4byte	.LVL2
 423 0008 0100     		.2byte	0x1
 424 000a 50       		.byte	0x50
 425 000b 0A000000 		.4byte	.LVL2
 426 000f 18000000 		.4byte	.LFE0
 427 0013 0400     		.2byte	0x4
 428 0015 F3       		.byte	0xf3
 429 0016 01       		.uleb128 0x1
 430 0017 50       		.byte	0x50
 431 0018 9F       		.byte	0x9f
 432 0019 00000000 		.4byte	0
 433 001d 00000000 		.4byte	0
 434              	.LLST1:
 435 0021 00000000 		.4byte	.LVL3
 436 0025 0C000000 		.4byte	.LVL4
 437 0029 0100     		.2byte	0x1
 438 002b 50       		.byte	0x50
 439 002c 0C000000 		.4byte	.LVL4
 440 0030 18000000 		.4byte	.LFE1
 441 0034 0400     		.2byte	0x4
 442 0036 F3       		.byte	0xf3
 443 0037 01       		.uleb128 0x1
 444 0038 50       		.byte	0x50
 445 0039 9F       		.byte	0x9f
 446 003a 00000000 		.4byte	0
 447 003e 00000000 		.4byte	0
 448              		.section	.debug_aranges,"",%progbits
 449 0000 34000000 		.4byte	0x34
 450 0004 0200     		.2byte	0x2
 451 0006 00000000 		.4byte	.Ldebug_info0
 452 000a 04       		.byte	0x4
 453 000b 00       		.byte	0
 454 000c 0000     		.2byte	0
ARM GAS  C:\Users\ANDREY~1\AppData\Local\Temp\cc4LG6sW.s 			page 11


 455 000e 0000     		.2byte	0
 456 0010 00000000 		.4byte	.LFB0
 457 0014 18000000 		.4byte	.LFE0-.LFB0
 458 0018 00000000 		.4byte	.LFB1
 459 001c 18000000 		.4byte	.LFE1-.LFB1
 460 0020 00000000 		.4byte	.LFB2
 461 0024 10000000 		.4byte	.LFE2-.LFB2
 462 0028 00000000 		.4byte	.LFB3
 463 002c 10000000 		.4byte	.LFE3-.LFB3
 464 0030 00000000 		.4byte	0
 465 0034 00000000 		.4byte	0
 466              		.section	.debug_ranges,"",%progbits
 467              	.Ldebug_ranges0:
 468 0000 00000000 		.4byte	.LFB0
 469 0004 18000000 		.4byte	.LFE0
 470 0008 00000000 		.4byte	.LFB1
 471 000c 18000000 		.4byte	.LFE1
 472 0010 00000000 		.4byte	.LFB2
 473 0014 10000000 		.4byte	.LFE2
 474 0018 00000000 		.4byte	.LFB3
 475 001c 10000000 		.4byte	.LFE3
 476 0020 00000000 		.4byte	0
 477 0024 00000000 		.4byte	0
 478              		.section	.debug_line,"",%progbits
 479              	.Ldebug_line0:
 480 0000 8C000000 		.section	.debug_str,"MS",%progbits,1
 480      02004000 
 480      00000201 
 480      FB0E0D00 
 480      01010101 
 481              	.LASF16:
 482 0000 76616C75 		.ascii	"value\000"
 482      6500
 483              	.LASF23:
 484 0006 73746174 		.ascii	"staticBits\000"
 484      69634269 
 484      747300
 485              	.LASF9:
 486 0011 666C6F61 		.ascii	"float\000"
 486      7400
 487              	.LASF1:
 488 0017 756E7369 		.ascii	"unsigned char\000"
 488      676E6564 
 488      20636861 
 488      7200
 489              	.LASF20:
 490 0025 474E5520 		.ascii	"GNU C11 5.4.1 20160609 (release) [ARM/embedded-5-br"
 490      43313120 
 490      352E342E 
 490      31203230 
 490      31363036 
 491 0058 616E6368 		.ascii	"anch revision 237715] -mcpu=cortex-m3 -mthumb -g -O"
 491      20726576 
 491      6973696F 
 491      6E203233 
 491      37373135 
 492 008b 67202D66 		.ascii	"g -ffunction-sections -ffat-lto-objects\000"
ARM GAS  C:\Users\ANDREY~1\AppData\Local\Temp\cc4LG6sW.s 			page 12


 492      66756E63 
 492      74696F6E 
 492      2D736563 
 492      74696F6E 
 493              	.LASF13:
 494 00b3 72656738 		.ascii	"reg8\000"
 494      00
 495              	.LASF5:
 496 00b8 6C6F6E67 		.ascii	"long unsigned int\000"
 496      20756E73 
 496      69676E65 
 496      6420696E 
 496      7400
 497              	.LASF3:
 498 00ca 73686F72 		.ascii	"short unsigned int\000"
 498      7420756E 
 498      7369676E 
 498      65642069 
 498      6E7400
 499              	.LASF10:
 500 00dd 646F7562 		.ascii	"double\000"
 500      6C6500
 501              	.LASF21:
 502 00e4 47656E65 		.ascii	"Generated_Source\\PSoC5\\BMS.c\000"
 502      72617465 
 502      645F536F 
 502      75726365 
 502      5C50536F 
 503              	.LASF8:
 504 0101 756E7369 		.ascii	"unsigned int\000"
 504      676E6564 
 504      20696E74 
 504      00
 505              	.LASF7:
 506 010e 6C6F6E67 		.ascii	"long long unsigned int\000"
 506      206C6F6E 
 506      6720756E 
 506      7369676E 
 506      65642069 
 507              	.LASF22:
 508 0125 5A3A5C44 		.ascii	"Z:\\Documents\\UCD\\FRUCD\\Dashboard-Firmware-FE9-F"
 508      6F63756D 
 508      656E7473 
 508      5C554344 
 508      5C465255 
 509 0154 45372D42 		.ascii	"E7-Board\\Dashboard.cydsn\000"
 509      6F617264 
 509      5C446173 
 509      68626F61 
 509      72642E63 
 510              	.LASF17:
 511 016d 6D6F6465 		.ascii	"mode\000"
 511      00
 512              	.LASF18:
 513 0172 424D535F 		.ascii	"BMS_Read\000"
 513      52656164 
 513      00
ARM GAS  C:\Users\ANDREY~1\AppData\Local\Temp\cc4LG6sW.s 			page 13


 514              	.LASF15:
 515 017b 424D535F 		.ascii	"BMS_SetDriveMode\000"
 515      53657444 
 515      72697665 
 515      4D6F6465 
 515      00
 516              	.LASF6:
 517 018c 6C6F6E67 		.ascii	"long long int\000"
 517      206C6F6E 
 517      6720696E 
 517      7400
 518              	.LASF11:
 519 019a 63686172 		.ascii	"char\000"
 519      00
 520              	.LASF2:
 521 019f 73686F72 		.ascii	"short int\000"
 521      7420696E 
 521      7400
 522              	.LASF12:
 523 01a9 75696E74 		.ascii	"uint8\000"
 523      3800
 524              	.LASF19:
 525 01af 424D535F 		.ascii	"BMS_ReadDataReg\000"
 525      52656164 
 525      44617461 
 525      52656700 
 526              	.LASF4:
 527 01bf 6C6F6E67 		.ascii	"long int\000"
 527      20696E74 
 527      00
 528              	.LASF0:
 529 01c8 7369676E 		.ascii	"signed char\000"
 529      65642063 
 529      68617200 
 530              	.LASF14:
 531 01d4 424D535F 		.ascii	"BMS_Write\000"
 531      57726974 
 531      6500
 532              		.ident	"GCC: (GNU Tools for ARM Embedded Processors) 5.4.1 20160609 (release) [ARM/embedded-5-bran
