ARM GAS  C:\Users\ANDREY~1\AppData\Local\Temp\ccS0SaWm.s 			page 1


   1              		.syntax unified
   2              		.cpu cortex-m3
   3              		.fpu softvfp
   4              		.eabi_attribute 20, 1
   5              		.eabi_attribute 21, 1
   6              		.eabi_attribute 23, 3
   7              		.eabi_attribute 24, 1
   8              		.eabi_attribute 25, 1
   9              		.eabi_attribute 26, 1
  10              		.eabi_attribute 30, 1
  11              		.eabi_attribute 34, 1
  12              		.eabi_attribute 18, 4
  13              		.thumb
  14              		.syntax unified
  15              		.file	"ReadyToDrive_Int.c"
  16              		.text
  17              	.Ltext0:
  18              		.cfi_sections	.debug_frame
  19              		.section	.text.ReadyToDrive_Int_Interrupt,"ax",%progbits
  20              		.align	2
  21              		.global	ReadyToDrive_Int_Interrupt
  22              		.thumb
  23              		.thumb_func
  24              		.type	ReadyToDrive_Int_Interrupt, %function
  25              	ReadyToDrive_Int_Interrupt:
  26              	.LFB3:
  27              		.file 1 "Generated_Source\\PSoC5\\ReadyToDrive_Int.c"
   1:Generated_Source\PSoC5/ReadyToDrive_Int.c **** /*******************************************************************************
   2:Generated_Source\PSoC5/ReadyToDrive_Int.c **** * File Name: ReadyToDrive_Int.c  
   3:Generated_Source\PSoC5/ReadyToDrive_Int.c **** * Version 1.70
   4:Generated_Source\PSoC5/ReadyToDrive_Int.c **** *
   5:Generated_Source\PSoC5/ReadyToDrive_Int.c **** *  Description:
   6:Generated_Source\PSoC5/ReadyToDrive_Int.c **** *   API for controlling the state of an interrupt.
   7:Generated_Source\PSoC5/ReadyToDrive_Int.c **** *
   8:Generated_Source\PSoC5/ReadyToDrive_Int.c **** *
   9:Generated_Source\PSoC5/ReadyToDrive_Int.c **** *  Note:
  10:Generated_Source\PSoC5/ReadyToDrive_Int.c **** *
  11:Generated_Source\PSoC5/ReadyToDrive_Int.c **** ********************************************************************************
  12:Generated_Source\PSoC5/ReadyToDrive_Int.c **** * Copyright 2008-2015, Cypress Semiconductor Corporation.  All rights reserved.
  13:Generated_Source\PSoC5/ReadyToDrive_Int.c **** * You may use this file only in accordance with the license, terms, conditions, 
  14:Generated_Source\PSoC5/ReadyToDrive_Int.c **** * disclaimers, and limitations in the end user license agreement accompanying 
  15:Generated_Source\PSoC5/ReadyToDrive_Int.c **** * the software package with which this file was provided.
  16:Generated_Source\PSoC5/ReadyToDrive_Int.c **** *******************************************************************************/
  17:Generated_Source\PSoC5/ReadyToDrive_Int.c **** 
  18:Generated_Source\PSoC5/ReadyToDrive_Int.c **** 
  19:Generated_Source\PSoC5/ReadyToDrive_Int.c **** #include <cydevice_trm.h>
  20:Generated_Source\PSoC5/ReadyToDrive_Int.c **** #include <CyLib.h>
  21:Generated_Source\PSoC5/ReadyToDrive_Int.c **** #include <ReadyToDrive_Int.h>
  22:Generated_Source\PSoC5/ReadyToDrive_Int.c **** #include "cyapicallbacks.h"
  23:Generated_Source\PSoC5/ReadyToDrive_Int.c **** 
  24:Generated_Source\PSoC5/ReadyToDrive_Int.c **** #if !defined(ReadyToDrive_Int__REMOVED) /* Check for removal by optimization */
  25:Generated_Source\PSoC5/ReadyToDrive_Int.c **** 
  26:Generated_Source\PSoC5/ReadyToDrive_Int.c **** /*******************************************************************************
  27:Generated_Source\PSoC5/ReadyToDrive_Int.c **** *  Place your includes, defines and code here 
  28:Generated_Source\PSoC5/ReadyToDrive_Int.c **** ********************************************************************************/
  29:Generated_Source\PSoC5/ReadyToDrive_Int.c **** #include "Buzzer.h"
  30:Generated_Source\PSoC5/ReadyToDrive_Int.c **** #include "ReadyToDrive_Timer.h"
ARM GAS  C:\Users\ANDREY~1\AppData\Local\Temp\ccS0SaWm.s 			page 2


  31:Generated_Source\PSoC5/ReadyToDrive_Int.c **** /* `#START ReadyToDrive_Int_intc` */
  32:Generated_Source\PSoC5/ReadyToDrive_Int.c **** /* `#END` */
  33:Generated_Source\PSoC5/ReadyToDrive_Int.c **** 
  34:Generated_Source\PSoC5/ReadyToDrive_Int.c **** #ifndef CYINT_IRQ_BASE
  35:Generated_Source\PSoC5/ReadyToDrive_Int.c **** #define CYINT_IRQ_BASE      16
  36:Generated_Source\PSoC5/ReadyToDrive_Int.c **** #endif /* CYINT_IRQ_BASE */
  37:Generated_Source\PSoC5/ReadyToDrive_Int.c **** #ifndef CYINT_VECT_TABLE
  38:Generated_Source\PSoC5/ReadyToDrive_Int.c **** #define CYINT_VECT_TABLE    ((cyisraddress **) CYREG_NVIC_VECT_OFFSET)
  39:Generated_Source\PSoC5/ReadyToDrive_Int.c **** #endif /* CYINT_VECT_TABLE */
  40:Generated_Source\PSoC5/ReadyToDrive_Int.c **** 
  41:Generated_Source\PSoC5/ReadyToDrive_Int.c **** /* Declared in startup, used to set unused interrupts to. */
  42:Generated_Source\PSoC5/ReadyToDrive_Int.c **** CY_ISR_PROTO(IntDefaultHandler);
  43:Generated_Source\PSoC5/ReadyToDrive_Int.c **** 
  44:Generated_Source\PSoC5/ReadyToDrive_Int.c **** 
  45:Generated_Source\PSoC5/ReadyToDrive_Int.c **** /*******************************************************************************
  46:Generated_Source\PSoC5/ReadyToDrive_Int.c **** * Function Name: ReadyToDrive_Int_Start
  47:Generated_Source\PSoC5/ReadyToDrive_Int.c **** ********************************************************************************
  48:Generated_Source\PSoC5/ReadyToDrive_Int.c **** *
  49:Generated_Source\PSoC5/ReadyToDrive_Int.c **** * Summary:
  50:Generated_Source\PSoC5/ReadyToDrive_Int.c **** *  Set up the interrupt and enable it. This function disables the interrupt, 
  51:Generated_Source\PSoC5/ReadyToDrive_Int.c **** *  sets the default interrupt vector, sets the priority from the value in the
  52:Generated_Source\PSoC5/ReadyToDrive_Int.c **** *  Design Wide Resources Interrupt Editor, then enables the interrupt to the 
  53:Generated_Source\PSoC5/ReadyToDrive_Int.c **** *  interrupt controller.
  54:Generated_Source\PSoC5/ReadyToDrive_Int.c **** *
  55:Generated_Source\PSoC5/ReadyToDrive_Int.c **** * Parameters:  
  56:Generated_Source\PSoC5/ReadyToDrive_Int.c **** *   None
  57:Generated_Source\PSoC5/ReadyToDrive_Int.c **** *
  58:Generated_Source\PSoC5/ReadyToDrive_Int.c **** * Return:
  59:Generated_Source\PSoC5/ReadyToDrive_Int.c **** *   None
  60:Generated_Source\PSoC5/ReadyToDrive_Int.c **** *
  61:Generated_Source\PSoC5/ReadyToDrive_Int.c **** *******************************************************************************/
  62:Generated_Source\PSoC5/ReadyToDrive_Int.c **** void ReadyToDrive_Int_Start(void)
  63:Generated_Source\PSoC5/ReadyToDrive_Int.c **** {
  64:Generated_Source\PSoC5/ReadyToDrive_Int.c ****     /* For all we know the interrupt is active. */
  65:Generated_Source\PSoC5/ReadyToDrive_Int.c ****     ReadyToDrive_Int_Disable();
  66:Generated_Source\PSoC5/ReadyToDrive_Int.c **** 
  67:Generated_Source\PSoC5/ReadyToDrive_Int.c ****     /* Set the ISR to point to the ReadyToDrive_Int Interrupt. */
  68:Generated_Source\PSoC5/ReadyToDrive_Int.c ****     ReadyToDrive_Int_SetVector(&ReadyToDrive_Int_Interrupt);
  69:Generated_Source\PSoC5/ReadyToDrive_Int.c **** 
  70:Generated_Source\PSoC5/ReadyToDrive_Int.c ****     /* Set the priority. */
  71:Generated_Source\PSoC5/ReadyToDrive_Int.c ****     ReadyToDrive_Int_SetPriority((uint8)ReadyToDrive_Int_INTC_PRIOR_NUMBER);
  72:Generated_Source\PSoC5/ReadyToDrive_Int.c **** 
  73:Generated_Source\PSoC5/ReadyToDrive_Int.c ****     /* Enable it. */
  74:Generated_Source\PSoC5/ReadyToDrive_Int.c ****     ReadyToDrive_Int_Enable();
  75:Generated_Source\PSoC5/ReadyToDrive_Int.c **** }
  76:Generated_Source\PSoC5/ReadyToDrive_Int.c **** 
  77:Generated_Source\PSoC5/ReadyToDrive_Int.c **** 
  78:Generated_Source\PSoC5/ReadyToDrive_Int.c **** /*******************************************************************************
  79:Generated_Source\PSoC5/ReadyToDrive_Int.c **** * Function Name: ReadyToDrive_Int_StartEx
  80:Generated_Source\PSoC5/ReadyToDrive_Int.c **** ********************************************************************************
  81:Generated_Source\PSoC5/ReadyToDrive_Int.c **** *
  82:Generated_Source\PSoC5/ReadyToDrive_Int.c **** * Summary:
  83:Generated_Source\PSoC5/ReadyToDrive_Int.c **** *  Sets up the interrupt and enables it. This function disables the interrupt,
  84:Generated_Source\PSoC5/ReadyToDrive_Int.c **** *  sets the interrupt vector based on the address passed in, sets the priority 
  85:Generated_Source\PSoC5/ReadyToDrive_Int.c **** *  from the value in the Design Wide Resources Interrupt Editor, then enables 
  86:Generated_Source\PSoC5/ReadyToDrive_Int.c **** *  the interrupt to the interrupt controller.
  87:Generated_Source\PSoC5/ReadyToDrive_Int.c **** *  
ARM GAS  C:\Users\ANDREY~1\AppData\Local\Temp\ccS0SaWm.s 			page 3


  88:Generated_Source\PSoC5/ReadyToDrive_Int.c **** *  When defining ISR functions, the CY_ISR and CY_ISR_PROTO macros should be 
  89:Generated_Source\PSoC5/ReadyToDrive_Int.c **** *  used to provide consistent definition across compilers:
  90:Generated_Source\PSoC5/ReadyToDrive_Int.c **** *  
  91:Generated_Source\PSoC5/ReadyToDrive_Int.c **** *  Function definition example:
  92:Generated_Source\PSoC5/ReadyToDrive_Int.c **** *   CY_ISR(MyISR)
  93:Generated_Source\PSoC5/ReadyToDrive_Int.c **** *   {
  94:Generated_Source\PSoC5/ReadyToDrive_Int.c **** *   }
  95:Generated_Source\PSoC5/ReadyToDrive_Int.c **** *   Function prototype example:
  96:Generated_Source\PSoC5/ReadyToDrive_Int.c **** *   CY_ISR_PROTO(MyISR);
  97:Generated_Source\PSoC5/ReadyToDrive_Int.c **** *
  98:Generated_Source\PSoC5/ReadyToDrive_Int.c **** * Parameters:  
  99:Generated_Source\PSoC5/ReadyToDrive_Int.c **** *   address: Address of the ISR to set in the interrupt vector table.
 100:Generated_Source\PSoC5/ReadyToDrive_Int.c **** *
 101:Generated_Source\PSoC5/ReadyToDrive_Int.c **** * Return:
 102:Generated_Source\PSoC5/ReadyToDrive_Int.c **** *   None
 103:Generated_Source\PSoC5/ReadyToDrive_Int.c **** *
 104:Generated_Source\PSoC5/ReadyToDrive_Int.c **** *******************************************************************************/
 105:Generated_Source\PSoC5/ReadyToDrive_Int.c **** void ReadyToDrive_Int_StartEx(cyisraddress address)
 106:Generated_Source\PSoC5/ReadyToDrive_Int.c **** {
 107:Generated_Source\PSoC5/ReadyToDrive_Int.c ****     /* For all we know the interrupt is active. */
 108:Generated_Source\PSoC5/ReadyToDrive_Int.c ****     ReadyToDrive_Int_Disable();
 109:Generated_Source\PSoC5/ReadyToDrive_Int.c **** 
 110:Generated_Source\PSoC5/ReadyToDrive_Int.c ****     /* Set the ISR to point to the ReadyToDrive_Int Interrupt. */
 111:Generated_Source\PSoC5/ReadyToDrive_Int.c ****     ReadyToDrive_Int_SetVector(address);
 112:Generated_Source\PSoC5/ReadyToDrive_Int.c **** 
 113:Generated_Source\PSoC5/ReadyToDrive_Int.c ****     /* Set the priority. */
 114:Generated_Source\PSoC5/ReadyToDrive_Int.c ****     ReadyToDrive_Int_SetPriority((uint8)ReadyToDrive_Int_INTC_PRIOR_NUMBER);
 115:Generated_Source\PSoC5/ReadyToDrive_Int.c **** 
 116:Generated_Source\PSoC5/ReadyToDrive_Int.c ****     /* Enable it. */
 117:Generated_Source\PSoC5/ReadyToDrive_Int.c ****     ReadyToDrive_Int_Enable();
 118:Generated_Source\PSoC5/ReadyToDrive_Int.c **** }
 119:Generated_Source\PSoC5/ReadyToDrive_Int.c **** 
 120:Generated_Source\PSoC5/ReadyToDrive_Int.c **** 
 121:Generated_Source\PSoC5/ReadyToDrive_Int.c **** /*******************************************************************************
 122:Generated_Source\PSoC5/ReadyToDrive_Int.c **** * Function Name: ReadyToDrive_Int_Stop
 123:Generated_Source\PSoC5/ReadyToDrive_Int.c **** ********************************************************************************
 124:Generated_Source\PSoC5/ReadyToDrive_Int.c **** *
 125:Generated_Source\PSoC5/ReadyToDrive_Int.c **** * Summary:
 126:Generated_Source\PSoC5/ReadyToDrive_Int.c **** *   Disables and removes the interrupt.
 127:Generated_Source\PSoC5/ReadyToDrive_Int.c **** *
 128:Generated_Source\PSoC5/ReadyToDrive_Int.c **** * Parameters:  
 129:Generated_Source\PSoC5/ReadyToDrive_Int.c **** *   None
 130:Generated_Source\PSoC5/ReadyToDrive_Int.c **** *
 131:Generated_Source\PSoC5/ReadyToDrive_Int.c **** * Return:
 132:Generated_Source\PSoC5/ReadyToDrive_Int.c **** *   None
 133:Generated_Source\PSoC5/ReadyToDrive_Int.c **** *
 134:Generated_Source\PSoC5/ReadyToDrive_Int.c **** *******************************************************************************/
 135:Generated_Source\PSoC5/ReadyToDrive_Int.c **** void ReadyToDrive_Int_Stop(void)
 136:Generated_Source\PSoC5/ReadyToDrive_Int.c **** {
 137:Generated_Source\PSoC5/ReadyToDrive_Int.c ****     /* Disable this interrupt. */
 138:Generated_Source\PSoC5/ReadyToDrive_Int.c ****     ReadyToDrive_Int_Disable();
 139:Generated_Source\PSoC5/ReadyToDrive_Int.c **** 
 140:Generated_Source\PSoC5/ReadyToDrive_Int.c ****     /* Set the ISR to point to the passive one. */
 141:Generated_Source\PSoC5/ReadyToDrive_Int.c ****     ReadyToDrive_Int_SetVector(&IntDefaultHandler);
 142:Generated_Source\PSoC5/ReadyToDrive_Int.c **** }
 143:Generated_Source\PSoC5/ReadyToDrive_Int.c **** 
 144:Generated_Source\PSoC5/ReadyToDrive_Int.c **** 
ARM GAS  C:\Users\ANDREY~1\AppData\Local\Temp\ccS0SaWm.s 			page 4


 145:Generated_Source\PSoC5/ReadyToDrive_Int.c **** /*******************************************************************************
 146:Generated_Source\PSoC5/ReadyToDrive_Int.c **** * Function Name: ReadyToDrive_Int_Interrupt
 147:Generated_Source\PSoC5/ReadyToDrive_Int.c **** ********************************************************************************
 148:Generated_Source\PSoC5/ReadyToDrive_Int.c **** *
 149:Generated_Source\PSoC5/ReadyToDrive_Int.c **** * Summary:
 150:Generated_Source\PSoC5/ReadyToDrive_Int.c **** *   The default Interrupt Service Routine for ReadyToDrive_Int.
 151:Generated_Source\PSoC5/ReadyToDrive_Int.c **** *
 152:Generated_Source\PSoC5/ReadyToDrive_Int.c **** *   Add custom code between the coments to keep the next version of this file
 153:Generated_Source\PSoC5/ReadyToDrive_Int.c **** *   from over writting your code.
 154:Generated_Source\PSoC5/ReadyToDrive_Int.c **** *
 155:Generated_Source\PSoC5/ReadyToDrive_Int.c **** * Parameters:  
 156:Generated_Source\PSoC5/ReadyToDrive_Int.c **** *
 157:Generated_Source\PSoC5/ReadyToDrive_Int.c **** * Return:
 158:Generated_Source\PSoC5/ReadyToDrive_Int.c **** *   None
 159:Generated_Source\PSoC5/ReadyToDrive_Int.c **** *
 160:Generated_Source\PSoC5/ReadyToDrive_Int.c **** *******************************************************************************/
 161:Generated_Source\PSoC5/ReadyToDrive_Int.c **** CY_ISR(ReadyToDrive_Int_Interrupt)
 162:Generated_Source\PSoC5/ReadyToDrive_Int.c **** {
  28              		.loc 1 162 0
  29              		.cfi_startproc
  30              		@ args = 0, pretend = 0, frame = 0
  31              		@ frame_needed = 0, uses_anonymous_args = 0
  32 0000 08B5     		push	{r3, lr}
  33              		.cfi_def_cfa_offset 8
  34              		.cfi_offset 3, -8
  35              		.cfi_offset 14, -4
 163:Generated_Source\PSoC5/ReadyToDrive_Int.c ****     #ifdef ReadyToDrive_Int_INTERRUPT_INTERRUPT_CALLBACK
 164:Generated_Source\PSoC5/ReadyToDrive_Int.c ****         ReadyToDrive_Int_Interrupt_InterruptCallback();
 165:Generated_Source\PSoC5/ReadyToDrive_Int.c ****     #endif /* ReadyToDrive_Int_INTERRUPT_INTERRUPT_CALLBACK */ 
 166:Generated_Source\PSoC5/ReadyToDrive_Int.c **** 
 167:Generated_Source\PSoC5/ReadyToDrive_Int.c ****     /*  Place your Interrupt code here. */
 168:Generated_Source\PSoC5/ReadyToDrive_Int.c ****     /* `#START ReadyToDrive_Int_Interrupt` */
 169:Generated_Source\PSoC5/ReadyToDrive_Int.c ****     Buzzer_Write(0);
  36              		.loc 1 169 0
  37 0002 0020     		movs	r0, #0
  38 0004 FFF7FEFF 		bl	Buzzer_Write
  39              	.LVL0:
 170:Generated_Source\PSoC5/ReadyToDrive_Int.c ****     ReadyToDrive_Timer_Stop();
  40              		.loc 1 170 0
  41 0008 FFF7FEFF 		bl	ReadyToDrive_Timer_Stop
  42              	.LVL1:
  43 000c 08BD     		pop	{r3, pc}
  44              		.cfi_endproc
  45              	.LFE3:
  46              		.size	ReadyToDrive_Int_Interrupt, .-ReadyToDrive_Int_Interrupt
  47 000e 00BF     		.section	.text.ReadyToDrive_Int_SetVector,"ax",%progbits
  48              		.align	2
  49              		.global	ReadyToDrive_Int_SetVector
  50              		.thumb
  51              		.thumb_func
  52              		.type	ReadyToDrive_Int_SetVector, %function
  53              	ReadyToDrive_Int_SetVector:
  54              	.LFB4:
 171:Generated_Source\PSoC5/ReadyToDrive_Int.c ****     /* `#END` */
 172:Generated_Source\PSoC5/ReadyToDrive_Int.c **** }
 173:Generated_Source\PSoC5/ReadyToDrive_Int.c **** 
 174:Generated_Source\PSoC5/ReadyToDrive_Int.c **** 
ARM GAS  C:\Users\ANDREY~1\AppData\Local\Temp\ccS0SaWm.s 			page 5


 175:Generated_Source\PSoC5/ReadyToDrive_Int.c **** /*******************************************************************************
 176:Generated_Source\PSoC5/ReadyToDrive_Int.c **** * Function Name: ReadyToDrive_Int_SetVector
 177:Generated_Source\PSoC5/ReadyToDrive_Int.c **** ********************************************************************************
 178:Generated_Source\PSoC5/ReadyToDrive_Int.c **** *
 179:Generated_Source\PSoC5/ReadyToDrive_Int.c **** * Summary:
 180:Generated_Source\PSoC5/ReadyToDrive_Int.c **** *   Change the ISR vector for the Interrupt. Note calling ReadyToDrive_Int_Start
 181:Generated_Source\PSoC5/ReadyToDrive_Int.c **** *   will override any effect this method would have had. To set the vector 
 182:Generated_Source\PSoC5/ReadyToDrive_Int.c **** *   before the component has been started use ReadyToDrive_Int_StartEx instead.
 183:Generated_Source\PSoC5/ReadyToDrive_Int.c **** * 
 184:Generated_Source\PSoC5/ReadyToDrive_Int.c **** *   When defining ISR functions, the CY_ISR and CY_ISR_PROTO macros should be 
 185:Generated_Source\PSoC5/ReadyToDrive_Int.c **** *   used to provide consistent definition across compilers:
 186:Generated_Source\PSoC5/ReadyToDrive_Int.c **** *
 187:Generated_Source\PSoC5/ReadyToDrive_Int.c **** *   Function definition example:
 188:Generated_Source\PSoC5/ReadyToDrive_Int.c **** *   CY_ISR(MyISR)
 189:Generated_Source\PSoC5/ReadyToDrive_Int.c **** *   {
 190:Generated_Source\PSoC5/ReadyToDrive_Int.c **** *   }
 191:Generated_Source\PSoC5/ReadyToDrive_Int.c **** *
 192:Generated_Source\PSoC5/ReadyToDrive_Int.c **** *   Function prototype example:
 193:Generated_Source\PSoC5/ReadyToDrive_Int.c **** *     CY_ISR_PROTO(MyISR);
 194:Generated_Source\PSoC5/ReadyToDrive_Int.c **** *
 195:Generated_Source\PSoC5/ReadyToDrive_Int.c **** * Parameters:
 196:Generated_Source\PSoC5/ReadyToDrive_Int.c **** *   address: Address of the ISR to set in the interrupt vector table.
 197:Generated_Source\PSoC5/ReadyToDrive_Int.c **** *
 198:Generated_Source\PSoC5/ReadyToDrive_Int.c **** * Return:
 199:Generated_Source\PSoC5/ReadyToDrive_Int.c **** *   None
 200:Generated_Source\PSoC5/ReadyToDrive_Int.c **** *
 201:Generated_Source\PSoC5/ReadyToDrive_Int.c **** *******************************************************************************/
 202:Generated_Source\PSoC5/ReadyToDrive_Int.c **** void ReadyToDrive_Int_SetVector(cyisraddress address)
 203:Generated_Source\PSoC5/ReadyToDrive_Int.c **** {
  55              		.loc 1 203 0
  56              		.cfi_startproc
  57              		@ args = 0, pretend = 0, frame = 0
  58              		@ frame_needed = 0, uses_anonymous_args = 0
  59              		@ link register save eliminated.
  60              	.LVL2:
 204:Generated_Source\PSoC5/ReadyToDrive_Int.c ****     cyisraddress * ramVectorTable;
 205:Generated_Source\PSoC5/ReadyToDrive_Int.c **** 
 206:Generated_Source\PSoC5/ReadyToDrive_Int.c ****     ramVectorTable = (cyisraddress *) *CYINT_VECT_TABLE;
  61              		.loc 1 206 0
  62 0000 014B     		ldr	r3, .L4
  63 0002 1B68     		ldr	r3, [r3]
  64              	.LVL3:
 207:Generated_Source\PSoC5/ReadyToDrive_Int.c **** 
 208:Generated_Source\PSoC5/ReadyToDrive_Int.c ****     ramVectorTable[CYINT_IRQ_BASE + (uint32)ReadyToDrive_Int__INTC_NUMBER] = address;
  65              		.loc 1 208 0
  66 0004 1864     		str	r0, [r3, #64]
  67 0006 7047     		bx	lr
  68              	.L5:
  69              		.align	2
  70              	.L4:
  71 0008 08ED00E0 		.word	-536810232
  72              		.cfi_endproc
  73              	.LFE4:
  74              		.size	ReadyToDrive_Int_SetVector, .-ReadyToDrive_Int_SetVector
  75              		.section	.text.ReadyToDrive_Int_GetVector,"ax",%progbits
  76              		.align	2
  77              		.global	ReadyToDrive_Int_GetVector
ARM GAS  C:\Users\ANDREY~1\AppData\Local\Temp\ccS0SaWm.s 			page 6


  78              		.thumb
  79              		.thumb_func
  80              		.type	ReadyToDrive_Int_GetVector, %function
  81              	ReadyToDrive_Int_GetVector:
  82              	.LFB5:
 209:Generated_Source\PSoC5/ReadyToDrive_Int.c **** }
 210:Generated_Source\PSoC5/ReadyToDrive_Int.c **** 
 211:Generated_Source\PSoC5/ReadyToDrive_Int.c **** 
 212:Generated_Source\PSoC5/ReadyToDrive_Int.c **** /*******************************************************************************
 213:Generated_Source\PSoC5/ReadyToDrive_Int.c **** * Function Name: ReadyToDrive_Int_GetVector
 214:Generated_Source\PSoC5/ReadyToDrive_Int.c **** ********************************************************************************
 215:Generated_Source\PSoC5/ReadyToDrive_Int.c **** *
 216:Generated_Source\PSoC5/ReadyToDrive_Int.c **** * Summary:
 217:Generated_Source\PSoC5/ReadyToDrive_Int.c **** *   Gets the "address" of the current ISR vector for the Interrupt.
 218:Generated_Source\PSoC5/ReadyToDrive_Int.c **** *
 219:Generated_Source\PSoC5/ReadyToDrive_Int.c **** * Parameters:
 220:Generated_Source\PSoC5/ReadyToDrive_Int.c **** *   None
 221:Generated_Source\PSoC5/ReadyToDrive_Int.c **** *
 222:Generated_Source\PSoC5/ReadyToDrive_Int.c **** * Return:
 223:Generated_Source\PSoC5/ReadyToDrive_Int.c **** *   Address of the ISR in the interrupt vector table.
 224:Generated_Source\PSoC5/ReadyToDrive_Int.c **** *
 225:Generated_Source\PSoC5/ReadyToDrive_Int.c **** *******************************************************************************/
 226:Generated_Source\PSoC5/ReadyToDrive_Int.c **** cyisraddress ReadyToDrive_Int_GetVector(void)
 227:Generated_Source\PSoC5/ReadyToDrive_Int.c **** {
  83              		.loc 1 227 0
  84              		.cfi_startproc
  85              		@ args = 0, pretend = 0, frame = 0
  86              		@ frame_needed = 0, uses_anonymous_args = 0
  87              		@ link register save eliminated.
 228:Generated_Source\PSoC5/ReadyToDrive_Int.c ****     cyisraddress * ramVectorTable;
 229:Generated_Source\PSoC5/ReadyToDrive_Int.c **** 
 230:Generated_Source\PSoC5/ReadyToDrive_Int.c ****     ramVectorTable = (cyisraddress *) *CYINT_VECT_TABLE;
  88              		.loc 1 230 0
  89 0000 014B     		ldr	r3, .L7
  90 0002 1B68     		ldr	r3, [r3]
  91              	.LVL4:
 231:Generated_Source\PSoC5/ReadyToDrive_Int.c **** 
 232:Generated_Source\PSoC5/ReadyToDrive_Int.c ****     return ramVectorTable[CYINT_IRQ_BASE + (uint32)ReadyToDrive_Int__INTC_NUMBER];
 233:Generated_Source\PSoC5/ReadyToDrive_Int.c **** }
  92              		.loc 1 233 0
  93 0004 186C     		ldr	r0, [r3, #64]
  94 0006 7047     		bx	lr
  95              	.L8:
  96              		.align	2
  97              	.L7:
  98 0008 08ED00E0 		.word	-536810232
  99              		.cfi_endproc
 100              	.LFE5:
 101              		.size	ReadyToDrive_Int_GetVector, .-ReadyToDrive_Int_GetVector
 102              		.section	.text.ReadyToDrive_Int_SetPriority,"ax",%progbits
 103              		.align	2
 104              		.global	ReadyToDrive_Int_SetPriority
 105              		.thumb
 106              		.thumb_func
 107              		.type	ReadyToDrive_Int_SetPriority, %function
 108              	ReadyToDrive_Int_SetPriority:
 109              	.LFB6:
ARM GAS  C:\Users\ANDREY~1\AppData\Local\Temp\ccS0SaWm.s 			page 7


 234:Generated_Source\PSoC5/ReadyToDrive_Int.c **** 
 235:Generated_Source\PSoC5/ReadyToDrive_Int.c **** 
 236:Generated_Source\PSoC5/ReadyToDrive_Int.c **** /*******************************************************************************
 237:Generated_Source\PSoC5/ReadyToDrive_Int.c **** * Function Name: ReadyToDrive_Int_SetPriority
 238:Generated_Source\PSoC5/ReadyToDrive_Int.c **** ********************************************************************************
 239:Generated_Source\PSoC5/ReadyToDrive_Int.c **** *
 240:Generated_Source\PSoC5/ReadyToDrive_Int.c **** * Summary:
 241:Generated_Source\PSoC5/ReadyToDrive_Int.c **** *   Sets the Priority of the Interrupt. 
 242:Generated_Source\PSoC5/ReadyToDrive_Int.c **** *
 243:Generated_Source\PSoC5/ReadyToDrive_Int.c **** *   Note calling ReadyToDrive_Int_Start or ReadyToDrive_Int_StartEx will 
 244:Generated_Source\PSoC5/ReadyToDrive_Int.c **** *   override any effect this API would have had. This API should only be called
 245:Generated_Source\PSoC5/ReadyToDrive_Int.c **** *   after ReadyToDrive_Int_Start or ReadyToDrive_Int_StartEx has been called. 
 246:Generated_Source\PSoC5/ReadyToDrive_Int.c **** *   To set the initial priority for the component, use the Design-Wide Resources
 247:Generated_Source\PSoC5/ReadyToDrive_Int.c **** *   Interrupt Editor.
 248:Generated_Source\PSoC5/ReadyToDrive_Int.c **** *
 249:Generated_Source\PSoC5/ReadyToDrive_Int.c **** *   Note This API has no effect on Non-maskable interrupt NMI).
 250:Generated_Source\PSoC5/ReadyToDrive_Int.c **** *
 251:Generated_Source\PSoC5/ReadyToDrive_Int.c **** * Parameters:
 252:Generated_Source\PSoC5/ReadyToDrive_Int.c **** *   priority: Priority of the interrupt, 0 being the highest priority
 253:Generated_Source\PSoC5/ReadyToDrive_Int.c **** *             PSoC 3 and PSoC 5LP: Priority is from 0 to 7.
 254:Generated_Source\PSoC5/ReadyToDrive_Int.c **** *             PSoC 4: Priority is from 0 to 3.
 255:Generated_Source\PSoC5/ReadyToDrive_Int.c **** *
 256:Generated_Source\PSoC5/ReadyToDrive_Int.c **** * Return:
 257:Generated_Source\PSoC5/ReadyToDrive_Int.c **** *   None
 258:Generated_Source\PSoC5/ReadyToDrive_Int.c **** *
 259:Generated_Source\PSoC5/ReadyToDrive_Int.c **** *******************************************************************************/
 260:Generated_Source\PSoC5/ReadyToDrive_Int.c **** void ReadyToDrive_Int_SetPriority(uint8 priority)
 261:Generated_Source\PSoC5/ReadyToDrive_Int.c **** {
 110              		.loc 1 261 0
 111              		.cfi_startproc
 112              		@ args = 0, pretend = 0, frame = 0
 113              		@ frame_needed = 0, uses_anonymous_args = 0
 114              		@ link register save eliminated.
 115              	.LVL5:
 262:Generated_Source\PSoC5/ReadyToDrive_Int.c ****     *ReadyToDrive_Int_INTC_PRIOR = priority << 5;
 116              		.loc 1 262 0
 117 0000 4001     		lsls	r0, r0, #5
 118              	.LVL6:
 119 0002 C0B2     		uxtb	r0, r0
 120 0004 014B     		ldr	r3, .L10
 121 0006 1870     		strb	r0, [r3]
 122 0008 7047     		bx	lr
 123              	.L11:
 124 000a 00BF     		.align	2
 125              	.L10:
 126 000c 00E400E0 		.word	-536812544
 127              		.cfi_endproc
 128              	.LFE6:
 129              		.size	ReadyToDrive_Int_SetPriority, .-ReadyToDrive_Int_SetPriority
 130              		.section	.text.ReadyToDrive_Int_GetPriority,"ax",%progbits
 131              		.align	2
 132              		.global	ReadyToDrive_Int_GetPriority
 133              		.thumb
 134              		.thumb_func
 135              		.type	ReadyToDrive_Int_GetPriority, %function
 136              	ReadyToDrive_Int_GetPriority:
 137              	.LFB7:
ARM GAS  C:\Users\ANDREY~1\AppData\Local\Temp\ccS0SaWm.s 			page 8


 263:Generated_Source\PSoC5/ReadyToDrive_Int.c **** }
 264:Generated_Source\PSoC5/ReadyToDrive_Int.c **** 
 265:Generated_Source\PSoC5/ReadyToDrive_Int.c **** 
 266:Generated_Source\PSoC5/ReadyToDrive_Int.c **** /*******************************************************************************
 267:Generated_Source\PSoC5/ReadyToDrive_Int.c **** * Function Name: ReadyToDrive_Int_GetPriority
 268:Generated_Source\PSoC5/ReadyToDrive_Int.c **** ********************************************************************************
 269:Generated_Source\PSoC5/ReadyToDrive_Int.c **** *
 270:Generated_Source\PSoC5/ReadyToDrive_Int.c **** * Summary:
 271:Generated_Source\PSoC5/ReadyToDrive_Int.c **** *   Gets the Priority of the Interrupt.
 272:Generated_Source\PSoC5/ReadyToDrive_Int.c **** *
 273:Generated_Source\PSoC5/ReadyToDrive_Int.c **** * Parameters:
 274:Generated_Source\PSoC5/ReadyToDrive_Int.c **** *   None
 275:Generated_Source\PSoC5/ReadyToDrive_Int.c **** *
 276:Generated_Source\PSoC5/ReadyToDrive_Int.c **** * Return:
 277:Generated_Source\PSoC5/ReadyToDrive_Int.c **** *   Priority of the interrupt, 0 being the highest priority
 278:Generated_Source\PSoC5/ReadyToDrive_Int.c **** *    PSoC 3 and PSoC 5LP: Priority is from 0 to 7.
 279:Generated_Source\PSoC5/ReadyToDrive_Int.c **** *    PSoC 4: Priority is from 0 to 3.
 280:Generated_Source\PSoC5/ReadyToDrive_Int.c **** *
 281:Generated_Source\PSoC5/ReadyToDrive_Int.c **** *******************************************************************************/
 282:Generated_Source\PSoC5/ReadyToDrive_Int.c **** uint8 ReadyToDrive_Int_GetPriority(void)
 283:Generated_Source\PSoC5/ReadyToDrive_Int.c **** {
 138              		.loc 1 283 0
 139              		.cfi_startproc
 140              		@ args = 0, pretend = 0, frame = 0
 141              		@ frame_needed = 0, uses_anonymous_args = 0
 142              		@ link register save eliminated.
 284:Generated_Source\PSoC5/ReadyToDrive_Int.c ****     uint8 priority;
 285:Generated_Source\PSoC5/ReadyToDrive_Int.c **** 
 286:Generated_Source\PSoC5/ReadyToDrive_Int.c **** 
 287:Generated_Source\PSoC5/ReadyToDrive_Int.c ****     priority = *ReadyToDrive_Int_INTC_PRIOR >> 5;
 143              		.loc 1 287 0
 144 0000 014B     		ldr	r3, .L13
 145 0002 1878     		ldrb	r0, [r3]	@ zero_extendqisi2
 146              	.LVL7:
 288:Generated_Source\PSoC5/ReadyToDrive_Int.c **** 
 289:Generated_Source\PSoC5/ReadyToDrive_Int.c ****     return priority;
 290:Generated_Source\PSoC5/ReadyToDrive_Int.c **** }
 147              		.loc 1 290 0
 148 0004 4009     		lsrs	r0, r0, #5
 149              	.LVL8:
 150 0006 7047     		bx	lr
 151              	.L14:
 152              		.align	2
 153              	.L13:
 154 0008 00E400E0 		.word	-536812544
 155              		.cfi_endproc
 156              	.LFE7:
 157              		.size	ReadyToDrive_Int_GetPriority, .-ReadyToDrive_Int_GetPriority
 158              		.section	.text.ReadyToDrive_Int_Enable,"ax",%progbits
 159              		.align	2
 160              		.global	ReadyToDrive_Int_Enable
 161              		.thumb
 162              		.thumb_func
 163              		.type	ReadyToDrive_Int_Enable, %function
 164              	ReadyToDrive_Int_Enable:
 165              	.LFB8:
 291:Generated_Source\PSoC5/ReadyToDrive_Int.c **** 
ARM GAS  C:\Users\ANDREY~1\AppData\Local\Temp\ccS0SaWm.s 			page 9


 292:Generated_Source\PSoC5/ReadyToDrive_Int.c **** 
 293:Generated_Source\PSoC5/ReadyToDrive_Int.c **** /*******************************************************************************
 294:Generated_Source\PSoC5/ReadyToDrive_Int.c **** * Function Name: ReadyToDrive_Int_Enable
 295:Generated_Source\PSoC5/ReadyToDrive_Int.c **** ********************************************************************************
 296:Generated_Source\PSoC5/ReadyToDrive_Int.c **** *
 297:Generated_Source\PSoC5/ReadyToDrive_Int.c **** * Summary:
 298:Generated_Source\PSoC5/ReadyToDrive_Int.c **** *   Enables the interrupt to the interrupt controller. Do not call this function
 299:Generated_Source\PSoC5/ReadyToDrive_Int.c **** *   unless ISR_Start() has been called or the functionality of the ISR_Start() 
 300:Generated_Source\PSoC5/ReadyToDrive_Int.c **** *   function, which sets the vector and the priority, has been called.
 301:Generated_Source\PSoC5/ReadyToDrive_Int.c **** *
 302:Generated_Source\PSoC5/ReadyToDrive_Int.c **** * Parameters:
 303:Generated_Source\PSoC5/ReadyToDrive_Int.c **** *   None
 304:Generated_Source\PSoC5/ReadyToDrive_Int.c **** *
 305:Generated_Source\PSoC5/ReadyToDrive_Int.c **** * Return:
 306:Generated_Source\PSoC5/ReadyToDrive_Int.c **** *   None
 307:Generated_Source\PSoC5/ReadyToDrive_Int.c **** *
 308:Generated_Source\PSoC5/ReadyToDrive_Int.c **** *******************************************************************************/
 309:Generated_Source\PSoC5/ReadyToDrive_Int.c **** void ReadyToDrive_Int_Enable(void)
 310:Generated_Source\PSoC5/ReadyToDrive_Int.c **** {
 166              		.loc 1 310 0
 167              		.cfi_startproc
 168              		@ args = 0, pretend = 0, frame = 0
 169              		@ frame_needed = 0, uses_anonymous_args = 0
 170              		@ link register save eliminated.
 311:Generated_Source\PSoC5/ReadyToDrive_Int.c ****     /* Enable the general interrupt. */
 312:Generated_Source\PSoC5/ReadyToDrive_Int.c ****     *ReadyToDrive_Int_INTC_SET_EN = ReadyToDrive_Int__INTC_MASK;
 171              		.loc 1 312 0
 172 0000 0122     		movs	r2, #1
 173 0002 014B     		ldr	r3, .L16
 174 0004 1A60     		str	r2, [r3]
 175 0006 7047     		bx	lr
 176              	.L17:
 177              		.align	2
 178              	.L16:
 179 0008 00E100E0 		.word	-536813312
 180              		.cfi_endproc
 181              	.LFE8:
 182              		.size	ReadyToDrive_Int_Enable, .-ReadyToDrive_Int_Enable
 183              		.section	.text.ReadyToDrive_Int_GetState,"ax",%progbits
 184              		.align	2
 185              		.global	ReadyToDrive_Int_GetState
 186              		.thumb
 187              		.thumb_func
 188              		.type	ReadyToDrive_Int_GetState, %function
 189              	ReadyToDrive_Int_GetState:
 190              	.LFB9:
 313:Generated_Source\PSoC5/ReadyToDrive_Int.c **** }
 314:Generated_Source\PSoC5/ReadyToDrive_Int.c **** 
 315:Generated_Source\PSoC5/ReadyToDrive_Int.c **** 
 316:Generated_Source\PSoC5/ReadyToDrive_Int.c **** /*******************************************************************************
 317:Generated_Source\PSoC5/ReadyToDrive_Int.c **** * Function Name: ReadyToDrive_Int_GetState
 318:Generated_Source\PSoC5/ReadyToDrive_Int.c **** ********************************************************************************
 319:Generated_Source\PSoC5/ReadyToDrive_Int.c **** *
 320:Generated_Source\PSoC5/ReadyToDrive_Int.c **** * Summary:
 321:Generated_Source\PSoC5/ReadyToDrive_Int.c **** *   Gets the state (enabled, disabled) of the Interrupt.
 322:Generated_Source\PSoC5/ReadyToDrive_Int.c **** *
 323:Generated_Source\PSoC5/ReadyToDrive_Int.c **** * Parameters:
ARM GAS  C:\Users\ANDREY~1\AppData\Local\Temp\ccS0SaWm.s 			page 10


 324:Generated_Source\PSoC5/ReadyToDrive_Int.c **** *   None
 325:Generated_Source\PSoC5/ReadyToDrive_Int.c **** *
 326:Generated_Source\PSoC5/ReadyToDrive_Int.c **** * Return:
 327:Generated_Source\PSoC5/ReadyToDrive_Int.c **** *   1 if enabled, 0 if disabled.
 328:Generated_Source\PSoC5/ReadyToDrive_Int.c **** *
 329:Generated_Source\PSoC5/ReadyToDrive_Int.c **** *******************************************************************************/
 330:Generated_Source\PSoC5/ReadyToDrive_Int.c **** uint8 ReadyToDrive_Int_GetState(void)
 331:Generated_Source\PSoC5/ReadyToDrive_Int.c **** {
 191              		.loc 1 331 0
 192              		.cfi_startproc
 193              		@ args = 0, pretend = 0, frame = 0
 194              		@ frame_needed = 0, uses_anonymous_args = 0
 195              		@ link register save eliminated.
 332:Generated_Source\PSoC5/ReadyToDrive_Int.c ****     /* Get the state of the general interrupt. */
 333:Generated_Source\PSoC5/ReadyToDrive_Int.c ****     return ((*ReadyToDrive_Int_INTC_SET_EN & (uint32)ReadyToDrive_Int__INTC_MASK) != 0u) ? 1u:0u;
 196              		.loc 1 333 0
 197 0000 024B     		ldr	r3, .L19
 198 0002 1868     		ldr	r0, [r3]
 334:Generated_Source\PSoC5/ReadyToDrive_Int.c **** }
 199              		.loc 1 334 0
 200 0004 00F00100 		and	r0, r0, #1
 201 0008 7047     		bx	lr
 202              	.L20:
 203 000a 00BF     		.align	2
 204              	.L19:
 205 000c 00E100E0 		.word	-536813312
 206              		.cfi_endproc
 207              	.LFE9:
 208              		.size	ReadyToDrive_Int_GetState, .-ReadyToDrive_Int_GetState
 209              		.section	.text.ReadyToDrive_Int_Disable,"ax",%progbits
 210              		.align	2
 211              		.global	ReadyToDrive_Int_Disable
 212              		.thumb
 213              		.thumb_func
 214              		.type	ReadyToDrive_Int_Disable, %function
 215              	ReadyToDrive_Int_Disable:
 216              	.LFB10:
 335:Generated_Source\PSoC5/ReadyToDrive_Int.c **** 
 336:Generated_Source\PSoC5/ReadyToDrive_Int.c **** 
 337:Generated_Source\PSoC5/ReadyToDrive_Int.c **** /*******************************************************************************
 338:Generated_Source\PSoC5/ReadyToDrive_Int.c **** * Function Name: ReadyToDrive_Int_Disable
 339:Generated_Source\PSoC5/ReadyToDrive_Int.c **** ********************************************************************************
 340:Generated_Source\PSoC5/ReadyToDrive_Int.c **** *
 341:Generated_Source\PSoC5/ReadyToDrive_Int.c **** * Summary:
 342:Generated_Source\PSoC5/ReadyToDrive_Int.c **** *   Disables the Interrupt in the interrupt controller.
 343:Generated_Source\PSoC5/ReadyToDrive_Int.c **** *
 344:Generated_Source\PSoC5/ReadyToDrive_Int.c **** * Parameters:
 345:Generated_Source\PSoC5/ReadyToDrive_Int.c **** *   None
 346:Generated_Source\PSoC5/ReadyToDrive_Int.c **** *
 347:Generated_Source\PSoC5/ReadyToDrive_Int.c **** * Return:
 348:Generated_Source\PSoC5/ReadyToDrive_Int.c **** *   None
 349:Generated_Source\PSoC5/ReadyToDrive_Int.c **** *
 350:Generated_Source\PSoC5/ReadyToDrive_Int.c **** *******************************************************************************/
 351:Generated_Source\PSoC5/ReadyToDrive_Int.c **** void ReadyToDrive_Int_Disable(void)
 352:Generated_Source\PSoC5/ReadyToDrive_Int.c **** {
 217              		.loc 1 352 0
 218              		.cfi_startproc
ARM GAS  C:\Users\ANDREY~1\AppData\Local\Temp\ccS0SaWm.s 			page 11


 219              		@ args = 0, pretend = 0, frame = 0
 220              		@ frame_needed = 0, uses_anonymous_args = 0
 221              		@ link register save eliminated.
 353:Generated_Source\PSoC5/ReadyToDrive_Int.c ****     /* Disable the general interrupt. */
 354:Generated_Source\PSoC5/ReadyToDrive_Int.c ****     *ReadyToDrive_Int_INTC_CLR_EN = ReadyToDrive_Int__INTC_MASK;
 222              		.loc 1 354 0
 223 0000 0122     		movs	r2, #1
 224 0002 014B     		ldr	r3, .L22
 225 0004 1A60     		str	r2, [r3]
 226 0006 7047     		bx	lr
 227              	.L23:
 228              		.align	2
 229              	.L22:
 230 0008 80E100E0 		.word	-536813184
 231              		.cfi_endproc
 232              	.LFE10:
 233              		.size	ReadyToDrive_Int_Disable, .-ReadyToDrive_Int_Disable
 234              		.section	.text.ReadyToDrive_Int_Start,"ax",%progbits
 235              		.align	2
 236              		.global	ReadyToDrive_Int_Start
 237              		.thumb
 238              		.thumb_func
 239              		.type	ReadyToDrive_Int_Start, %function
 240              	ReadyToDrive_Int_Start:
 241              	.LFB0:
  63:Generated_Source\PSoC5/ReadyToDrive_Int.c ****     /* For all we know the interrupt is active. */
 242              		.loc 1 63 0
 243              		.cfi_startproc
 244              		@ args = 0, pretend = 0, frame = 0
 245              		@ frame_needed = 0, uses_anonymous_args = 0
 246 0000 08B5     		push	{r3, lr}
 247              		.cfi_def_cfa_offset 8
 248              		.cfi_offset 3, -8
 249              		.cfi_offset 14, -4
  65:Generated_Source\PSoC5/ReadyToDrive_Int.c **** 
 250              		.loc 1 65 0
 251 0002 FFF7FEFF 		bl	ReadyToDrive_Int_Disable
 252              	.LVL9:
  68:Generated_Source\PSoC5/ReadyToDrive_Int.c **** 
 253              		.loc 1 68 0
 254 0006 0448     		ldr	r0, .L26
 255 0008 FFF7FEFF 		bl	ReadyToDrive_Int_SetVector
 256              	.LVL10:
  71:Generated_Source\PSoC5/ReadyToDrive_Int.c **** 
 257              		.loc 1 71 0
 258 000c 0720     		movs	r0, #7
 259 000e FFF7FEFF 		bl	ReadyToDrive_Int_SetPriority
 260              	.LVL11:
  74:Generated_Source\PSoC5/ReadyToDrive_Int.c **** }
 261              		.loc 1 74 0
 262 0012 FFF7FEFF 		bl	ReadyToDrive_Int_Enable
 263              	.LVL12:
 264 0016 08BD     		pop	{r3, pc}
 265              	.L27:
 266              		.align	2
 267              	.L26:
 268 0018 00000000 		.word	ReadyToDrive_Int_Interrupt
ARM GAS  C:\Users\ANDREY~1\AppData\Local\Temp\ccS0SaWm.s 			page 12


 269              		.cfi_endproc
 270              	.LFE0:
 271              		.size	ReadyToDrive_Int_Start, .-ReadyToDrive_Int_Start
 272              		.section	.text.ReadyToDrive_Int_StartEx,"ax",%progbits
 273              		.align	2
 274              		.global	ReadyToDrive_Int_StartEx
 275              		.thumb
 276              		.thumb_func
 277              		.type	ReadyToDrive_Int_StartEx, %function
 278              	ReadyToDrive_Int_StartEx:
 279              	.LFB1:
 106:Generated_Source\PSoC5/ReadyToDrive_Int.c ****     /* For all we know the interrupt is active. */
 280              		.loc 1 106 0
 281              		.cfi_startproc
 282              		@ args = 0, pretend = 0, frame = 0
 283              		@ frame_needed = 0, uses_anonymous_args = 0
 284              	.LVL13:
 285 0000 10B5     		push	{r4, lr}
 286              		.cfi_def_cfa_offset 8
 287              		.cfi_offset 4, -8
 288              		.cfi_offset 14, -4
 289 0002 0446     		mov	r4, r0
 108:Generated_Source\PSoC5/ReadyToDrive_Int.c **** 
 290              		.loc 1 108 0
 291 0004 FFF7FEFF 		bl	ReadyToDrive_Int_Disable
 292              	.LVL14:
 111:Generated_Source\PSoC5/ReadyToDrive_Int.c **** 
 293              		.loc 1 111 0
 294 0008 2046     		mov	r0, r4
 295 000a FFF7FEFF 		bl	ReadyToDrive_Int_SetVector
 296              	.LVL15:
 114:Generated_Source\PSoC5/ReadyToDrive_Int.c **** 
 297              		.loc 1 114 0
 298 000e 0720     		movs	r0, #7
 299 0010 FFF7FEFF 		bl	ReadyToDrive_Int_SetPriority
 300              	.LVL16:
 117:Generated_Source\PSoC5/ReadyToDrive_Int.c **** }
 301              		.loc 1 117 0
 302 0014 FFF7FEFF 		bl	ReadyToDrive_Int_Enable
 303              	.LVL17:
 304 0018 10BD     		pop	{r4, pc}
 305              		.cfi_endproc
 306              	.LFE1:
 307              		.size	ReadyToDrive_Int_StartEx, .-ReadyToDrive_Int_StartEx
 308 001a 00BF     		.section	.text.ReadyToDrive_Int_Stop,"ax",%progbits
 309              		.align	2
 310              		.global	ReadyToDrive_Int_Stop
 311              		.thumb
 312              		.thumb_func
 313              		.type	ReadyToDrive_Int_Stop, %function
 314              	ReadyToDrive_Int_Stop:
 315              	.LFB2:
 136:Generated_Source\PSoC5/ReadyToDrive_Int.c ****     /* Disable this interrupt. */
 316              		.loc 1 136 0
 317              		.cfi_startproc
 318              		@ args = 0, pretend = 0, frame = 0
 319              		@ frame_needed = 0, uses_anonymous_args = 0
ARM GAS  C:\Users\ANDREY~1\AppData\Local\Temp\ccS0SaWm.s 			page 13


 320 0000 08B5     		push	{r3, lr}
 321              		.cfi_def_cfa_offset 8
 322              		.cfi_offset 3, -8
 323              		.cfi_offset 14, -4
 138:Generated_Source\PSoC5/ReadyToDrive_Int.c **** 
 324              		.loc 1 138 0
 325 0002 FFF7FEFF 		bl	ReadyToDrive_Int_Disable
 326              	.LVL18:
 141:Generated_Source\PSoC5/ReadyToDrive_Int.c **** }
 327              		.loc 1 141 0
 328 0006 0248     		ldr	r0, .L32
 329 0008 FFF7FEFF 		bl	ReadyToDrive_Int_SetVector
 330              	.LVL19:
 331 000c 08BD     		pop	{r3, pc}
 332              	.L33:
 333 000e 00BF     		.align	2
 334              	.L32:
 335 0010 00000000 		.word	IntDefaultHandler
 336              		.cfi_endproc
 337              	.LFE2:
 338              		.size	ReadyToDrive_Int_Stop, .-ReadyToDrive_Int_Stop
 339              		.section	.text.ReadyToDrive_Int_SetPending,"ax",%progbits
 340              		.align	2
 341              		.global	ReadyToDrive_Int_SetPending
 342              		.thumb
 343              		.thumb_func
 344              		.type	ReadyToDrive_Int_SetPending, %function
 345              	ReadyToDrive_Int_SetPending:
 346              	.LFB11:
 355:Generated_Source\PSoC5/ReadyToDrive_Int.c **** }
 356:Generated_Source\PSoC5/ReadyToDrive_Int.c **** 
 357:Generated_Source\PSoC5/ReadyToDrive_Int.c **** 
 358:Generated_Source\PSoC5/ReadyToDrive_Int.c **** /*******************************************************************************
 359:Generated_Source\PSoC5/ReadyToDrive_Int.c **** * Function Name: ReadyToDrive_Int_SetPending
 360:Generated_Source\PSoC5/ReadyToDrive_Int.c **** ********************************************************************************
 361:Generated_Source\PSoC5/ReadyToDrive_Int.c **** *
 362:Generated_Source\PSoC5/ReadyToDrive_Int.c **** * Summary:
 363:Generated_Source\PSoC5/ReadyToDrive_Int.c **** *   Causes the Interrupt to enter the pending state, a software method of
 364:Generated_Source\PSoC5/ReadyToDrive_Int.c **** *   generating the interrupt.
 365:Generated_Source\PSoC5/ReadyToDrive_Int.c **** *
 366:Generated_Source\PSoC5/ReadyToDrive_Int.c **** * Parameters:
 367:Generated_Source\PSoC5/ReadyToDrive_Int.c **** *   None
 368:Generated_Source\PSoC5/ReadyToDrive_Int.c **** *
 369:Generated_Source\PSoC5/ReadyToDrive_Int.c **** * Return:
 370:Generated_Source\PSoC5/ReadyToDrive_Int.c **** *   None
 371:Generated_Source\PSoC5/ReadyToDrive_Int.c **** *
 372:Generated_Source\PSoC5/ReadyToDrive_Int.c **** * Side Effects:
 373:Generated_Source\PSoC5/ReadyToDrive_Int.c **** *   If interrupts are enabled and the interrupt is set up properly, the ISR is
 374:Generated_Source\PSoC5/ReadyToDrive_Int.c **** *   entered (depending on the priority of this interrupt and other pending 
 375:Generated_Source\PSoC5/ReadyToDrive_Int.c **** *   interrupts).
 376:Generated_Source\PSoC5/ReadyToDrive_Int.c **** *
 377:Generated_Source\PSoC5/ReadyToDrive_Int.c **** *******************************************************************************/
 378:Generated_Source\PSoC5/ReadyToDrive_Int.c **** void ReadyToDrive_Int_SetPending(void)
 379:Generated_Source\PSoC5/ReadyToDrive_Int.c **** {
 347              		.loc 1 379 0
 348              		.cfi_startproc
 349              		@ args = 0, pretend = 0, frame = 0
ARM GAS  C:\Users\ANDREY~1\AppData\Local\Temp\ccS0SaWm.s 			page 14


 350              		@ frame_needed = 0, uses_anonymous_args = 0
 351              		@ link register save eliminated.
 380:Generated_Source\PSoC5/ReadyToDrive_Int.c ****     *ReadyToDrive_Int_INTC_SET_PD = ReadyToDrive_Int__INTC_MASK;
 352              		.loc 1 380 0
 353 0000 0122     		movs	r2, #1
 354 0002 014B     		ldr	r3, .L35
 355 0004 1A60     		str	r2, [r3]
 356 0006 7047     		bx	lr
 357              	.L36:
 358              		.align	2
 359              	.L35:
 360 0008 00E200E0 		.word	-536813056
 361              		.cfi_endproc
 362              	.LFE11:
 363              		.size	ReadyToDrive_Int_SetPending, .-ReadyToDrive_Int_SetPending
 364              		.section	.text.ReadyToDrive_Int_ClearPending,"ax",%progbits
 365              		.align	2
 366              		.global	ReadyToDrive_Int_ClearPending
 367              		.thumb
 368              		.thumb_func
 369              		.type	ReadyToDrive_Int_ClearPending, %function
 370              	ReadyToDrive_Int_ClearPending:
 371              	.LFB12:
 381:Generated_Source\PSoC5/ReadyToDrive_Int.c **** }
 382:Generated_Source\PSoC5/ReadyToDrive_Int.c **** 
 383:Generated_Source\PSoC5/ReadyToDrive_Int.c **** 
 384:Generated_Source\PSoC5/ReadyToDrive_Int.c **** /*******************************************************************************
 385:Generated_Source\PSoC5/ReadyToDrive_Int.c **** * Function Name: ReadyToDrive_Int_ClearPending
 386:Generated_Source\PSoC5/ReadyToDrive_Int.c **** ********************************************************************************
 387:Generated_Source\PSoC5/ReadyToDrive_Int.c **** *
 388:Generated_Source\PSoC5/ReadyToDrive_Int.c **** * Summary:
 389:Generated_Source\PSoC5/ReadyToDrive_Int.c **** *   Clears a pending interrupt in the interrupt controller.
 390:Generated_Source\PSoC5/ReadyToDrive_Int.c **** *
 391:Generated_Source\PSoC5/ReadyToDrive_Int.c **** *   Note Some interrupt sources are clear-on-read and require the block 
 392:Generated_Source\PSoC5/ReadyToDrive_Int.c **** *   interrupt/status register to be read/cleared with the appropriate block API 
 393:Generated_Source\PSoC5/ReadyToDrive_Int.c **** *   (GPIO, UART, and so on). Otherwise the ISR will continue to remain in 
 394:Generated_Source\PSoC5/ReadyToDrive_Int.c **** *   pending state even though the interrupt itself is cleared using this API.
 395:Generated_Source\PSoC5/ReadyToDrive_Int.c **** *
 396:Generated_Source\PSoC5/ReadyToDrive_Int.c **** * Parameters:
 397:Generated_Source\PSoC5/ReadyToDrive_Int.c **** *   None
 398:Generated_Source\PSoC5/ReadyToDrive_Int.c **** *
 399:Generated_Source\PSoC5/ReadyToDrive_Int.c **** * Return:
 400:Generated_Source\PSoC5/ReadyToDrive_Int.c **** *   None
 401:Generated_Source\PSoC5/ReadyToDrive_Int.c **** *
 402:Generated_Source\PSoC5/ReadyToDrive_Int.c **** *******************************************************************************/
 403:Generated_Source\PSoC5/ReadyToDrive_Int.c **** void ReadyToDrive_Int_ClearPending(void)
 404:Generated_Source\PSoC5/ReadyToDrive_Int.c **** {
 372              		.loc 1 404 0
 373              		.cfi_startproc
 374              		@ args = 0, pretend = 0, frame = 0
 375              		@ frame_needed = 0, uses_anonymous_args = 0
 376              		@ link register save eliminated.
 405:Generated_Source\PSoC5/ReadyToDrive_Int.c ****     *ReadyToDrive_Int_INTC_CLR_PD = ReadyToDrive_Int__INTC_MASK;
 377              		.loc 1 405 0
 378 0000 0122     		movs	r2, #1
 379 0002 014B     		ldr	r3, .L38
 380 0004 1A60     		str	r2, [r3]
ARM GAS  C:\Users\ANDREY~1\AppData\Local\Temp\ccS0SaWm.s 			page 15


 381 0006 7047     		bx	lr
 382              	.L39:
 383              		.align	2
 384              	.L38:
 385 0008 80E200E0 		.word	-536812928
 386              		.cfi_endproc
 387              	.LFE12:
 388              		.size	ReadyToDrive_Int_ClearPending, .-ReadyToDrive_Int_ClearPending
 389              		.text
 390              	.Letext0:
 391              		.file 2 "Generated_Source\\PSoC5/cytypes.h"
 392              		.file 3 "Generated_Source\\PSoC5\\Buzzer.h"
 393              		.file 4 "Generated_Source\\PSoC5\\ReadyToDrive_Timer.h"
 394              		.section	.debug_info,"",%progbits
 395              	.Ldebug_info0:
 396 0000 05030000 		.4byte	0x305
 397 0004 0400     		.2byte	0x4
 398 0006 00000000 		.4byte	.Ldebug_abbrev0
 399 000a 04       		.byte	0x4
 400 000b 01       		.uleb128 0x1
 401 000c A2000000 		.4byte	.LASF36
 402 0010 0C       		.byte	0xc
 403 0011 7A010000 		.4byte	.LASF37
 404 0015 EE010000 		.4byte	.LASF38
 405 0019 00000000 		.4byte	.Ldebug_ranges0+0
 406 001d 00000000 		.4byte	0
 407 0021 00000000 		.4byte	.Ldebug_line0
 408 0025 02       		.uleb128 0x2
 409 0026 04       		.byte	0x4
 410 0027 05       		.byte	0x5
 411 0028 696E7400 		.ascii	"int\000"
 412 002c 03       		.uleb128 0x3
 413 002d 04       		.byte	0x4
 414 002e 07       		.byte	0x7
 415 002f C2010000 		.4byte	.LASF0
 416 0033 03       		.uleb128 0x3
 417 0034 08       		.byte	0x8
 418 0035 05       		.byte	0x5
 419 0036 7F020000 		.4byte	.LASF1
 420 003a 03       		.uleb128 0x3
 421 003b 08       		.byte	0x8
 422 003c 04       		.byte	0x4
 423 003d 1D030000 		.4byte	.LASF2
 424 0041 03       		.uleb128 0x3
 425 0042 01       		.byte	0x1
 426 0043 06       		.byte	0x6
 427 0044 45030000 		.4byte	.LASF3
 428 0048 03       		.uleb128 0x3
 429 0049 01       		.byte	0x1
 430 004a 08       		.byte	0x8
 431 004b 94000000 		.4byte	.LASF4
 432 004f 03       		.uleb128 0x3
 433 0050 02       		.byte	0x2
 434 0051 05       		.byte	0x5
 435 0052 B9020000 		.4byte	.LASF5
 436 0056 03       		.uleb128 0x3
 437 0057 02       		.byte	0x2
ARM GAS  C:\Users\ANDREY~1\AppData\Local\Temp\ccS0SaWm.s 			page 16


 438 0058 07       		.byte	0x7
 439 0059 47000000 		.4byte	.LASF6
 440 005d 03       		.uleb128 0x3
 441 005e 04       		.byte	0x4
 442 005f 05       		.byte	0x5
 443 0060 14030000 		.4byte	.LASF7
 444 0064 03       		.uleb128 0x3
 445 0065 04       		.byte	0x4
 446 0066 07       		.byte	0x7
 447 0067 35010000 		.4byte	.LASF8
 448 006b 03       		.uleb128 0x3
 449 006c 08       		.byte	0x8
 450 006d 07       		.byte	0x7
 451 006e D7010000 		.4byte	.LASF9
 452 0072 03       		.uleb128 0x3
 453 0073 04       		.byte	0x4
 454 0074 07       		.byte	0x7
 455 0075 60020000 		.4byte	.LASF10
 456 0079 03       		.uleb128 0x3
 457 007a 01       		.byte	0x1
 458 007b 08       		.byte	0x8
 459 007c 8D020000 		.4byte	.LASF11
 460 0080 04       		.uleb128 0x4
 461 0081 04       		.byte	0x4
 462 0082 86000000 		.4byte	0x86
 463 0086 05       		.uleb128 0x5
 464 0087 06       		.uleb128 0x6
 465 0088 47010000 		.4byte	.LASF12
 466 008c 02       		.byte	0x2
 467 008d 3801     		.2byte	0x138
 468 008f 48000000 		.4byte	0x48
 469 0093 06       		.uleb128 0x6
 470 0094 A4010000 		.4byte	.LASF13
 471 0098 02       		.byte	0x2
 472 0099 3A01     		.2byte	0x13a
 473 009b 64000000 		.4byte	0x64
 474 009f 03       		.uleb128 0x3
 475 00a0 04       		.byte	0x4
 476 00a1 04       		.byte	0x4
 477 00a2 8E000000 		.4byte	.LASF14
 478 00a6 03       		.uleb128 0x3
 479 00a7 08       		.byte	0x8
 480 00a8 04       		.byte	0x4
 481 00a9 73010000 		.4byte	.LASF15
 482 00ad 06       		.uleb128 0x6
 483 00ae 30010000 		.4byte	.LASF16
 484 00b2 02       		.byte	0x2
 485 00b3 E201     		.2byte	0x1e2
 486 00b5 B9000000 		.4byte	0xb9
 487 00b9 07       		.uleb128 0x7
 488 00ba 87000000 		.4byte	0x87
 489 00be 06       		.uleb128 0x6
 490 00bf 00000000 		.4byte	.LASF17
 491 00c3 02       		.byte	0x2
 492 00c4 E401     		.2byte	0x1e4
 493 00c6 CA000000 		.4byte	0xca
 494 00ca 07       		.uleb128 0x7
ARM GAS  C:\Users\ANDREY~1\AppData\Local\Temp\ccS0SaWm.s 			page 17


 495 00cb 93000000 		.4byte	0x93
 496 00cf 06       		.uleb128 0x6
 497 00d0 36020000 		.4byte	.LASF18
 498 00d4 02       		.byte	0x2
 499 00d5 F401     		.2byte	0x1f4
 500 00d7 80000000 		.4byte	0x80
 501 00db 08       		.uleb128 0x8
 502 00dc 5A000000 		.4byte	.LASF19
 503 00e0 01       		.byte	0x1
 504 00e1 A1       		.byte	0xa1
 505 00e2 00000000 		.4byte	.LFB3
 506 00e6 0E000000 		.4byte	.LFE3-.LFB3
 507 00ea 01       		.uleb128 0x1
 508 00eb 9C       		.byte	0x9c
 509 00ec 0D010000 		.4byte	0x10d
 510 00f0 09       		.uleb128 0x9
 511 00f1 08000000 		.4byte	.LVL0
 512 00f5 F2020000 		.4byte	0x2f2
 513 00f9 03010000 		.4byte	0x103
 514 00fd 0A       		.uleb128 0xa
 515 00fe 01       		.uleb128 0x1
 516 00ff 50       		.byte	0x50
 517 0100 01       		.uleb128 0x1
 518 0101 30       		.byte	0x30
 519 0102 00       		.byte	0
 520 0103 0B       		.uleb128 0xb
 521 0104 0C000000 		.4byte	.LVL1
 522 0108 FD020000 		.4byte	0x2fd
 523 010c 00       		.byte	0
 524 010d 08       		.uleb128 0x8
 525 010e E1020000 		.4byte	.LASF20
 526 0112 01       		.byte	0x1
 527 0113 CA       		.byte	0xca
 528 0114 00000000 		.4byte	.LFB4
 529 0118 0C000000 		.4byte	.LFE4-.LFB4
 530 011c 01       		.uleb128 0x1
 531 011d 9C       		.byte	0x9c
 532 011e 3D010000 		.4byte	0x13d
 533 0122 0C       		.uleb128 0xc
 534 0123 CF010000 		.4byte	.LASF23
 535 0127 01       		.byte	0x1
 536 0128 CA       		.byte	0xca
 537 0129 CF000000 		.4byte	0xcf
 538 012d 01       		.uleb128 0x1
 539 012e 50       		.byte	0x50
 540 012f 0D       		.uleb128 0xd
 541 0130 92020000 		.4byte	.LASF21
 542 0134 01       		.byte	0x1
 543 0135 CC       		.byte	0xcc
 544 0136 3D010000 		.4byte	0x13d
 545 013a 01       		.uleb128 0x1
 546 013b 53       		.byte	0x53
 547 013c 00       		.byte	0
 548 013d 04       		.uleb128 0x4
 549 013e 04       		.byte	0x4
 550 013f CF000000 		.4byte	0xcf
 551 0143 0E       		.uleb128 0xe
ARM GAS  C:\Users\ANDREY~1\AppData\Local\Temp\ccS0SaWm.s 			page 18


 552 0144 2C000000 		.4byte	.LASF25
 553 0148 01       		.byte	0x1
 554 0149 E2       		.byte	0xe2
 555 014a CF000000 		.4byte	0xcf
 556 014e 00000000 		.4byte	.LFB5
 557 0152 0C000000 		.4byte	.LFE5-.LFB5
 558 0156 01       		.uleb128 0x1
 559 0157 9C       		.byte	0x9c
 560 0158 6A010000 		.4byte	0x16a
 561 015c 0D       		.uleb128 0xd
 562 015d 92020000 		.4byte	.LASF21
 563 0161 01       		.byte	0x1
 564 0162 E4       		.byte	0xe4
 565 0163 3D010000 		.4byte	0x13d
 566 0167 01       		.uleb128 0x1
 567 0168 53       		.byte	0x53
 568 0169 00       		.byte	0
 569 016a 0F       		.uleb128 0xf
 570 016b 43020000 		.4byte	.LASF22
 571 016f 01       		.byte	0x1
 572 0170 0401     		.2byte	0x104
 573 0172 00000000 		.4byte	.LFB6
 574 0176 10000000 		.4byte	.LFE6-.LFB6
 575 017a 01       		.uleb128 0x1
 576 017b 9C       		.byte	0x9c
 577 017c 91010000 		.4byte	0x191
 578 0180 10       		.uleb128 0x10
 579 0181 6A010000 		.4byte	.LASF24
 580 0185 01       		.byte	0x1
 581 0186 0401     		.2byte	0x104
 582 0188 87000000 		.4byte	0x87
 583 018c 00000000 		.4byte	.LLST0
 584 0190 00       		.byte	0
 585 0191 11       		.uleb128 0x11
 586 0192 4D010000 		.4byte	.LASF26
 587 0196 01       		.byte	0x1
 588 0197 1A01     		.2byte	0x11a
 589 0199 87000000 		.4byte	0x87
 590 019d 00000000 		.4byte	.LFB7
 591 01a1 0C000000 		.4byte	.LFE7-.LFB7
 592 01a5 01       		.uleb128 0x1
 593 01a6 9C       		.byte	0x9c
 594 01a7 BC010000 		.4byte	0x1bc
 595 01ab 12       		.uleb128 0x12
 596 01ac 6A010000 		.4byte	.LASF24
 597 01b0 01       		.byte	0x1
 598 01b1 1C01     		.2byte	0x11c
 599 01b3 87000000 		.4byte	0x87
 600 01b7 21000000 		.4byte	.LLST1
 601 01bb 00       		.byte	0
 602 01bc 13       		.uleb128 0x13
 603 01bd FC020000 		.4byte	.LASF27
 604 01c1 01       		.byte	0x1
 605 01c2 3501     		.2byte	0x135
 606 01c4 00000000 		.4byte	.LFB8
 607 01c8 0C000000 		.4byte	.LFE8-.LFB8
 608 01cc 01       		.uleb128 0x1
ARM GAS  C:\Users\ANDREY~1\AppData\Local\Temp\ccS0SaWm.s 			page 19


 609 01cd 9C       		.byte	0x9c
 610 01ce 14       		.uleb128 0x14
 611 01cf 51030000 		.4byte	.LASF39
 612 01d3 01       		.byte	0x1
 613 01d4 4A01     		.2byte	0x14a
 614 01d6 87000000 		.4byte	0x87
 615 01da 00000000 		.4byte	.LFB9
 616 01de 10000000 		.4byte	.LFE9-.LFB9
 617 01e2 01       		.uleb128 0x1
 618 01e3 9C       		.byte	0x9c
 619 01e4 13       		.uleb128 0x13
 620 01e5 75000000 		.4byte	.LASF28
 621 01e9 01       		.byte	0x1
 622 01ea 5F01     		.2byte	0x15f
 623 01ec 00000000 		.4byte	.LFB10
 624 01f0 0C000000 		.4byte	.LFE10-.LFB10
 625 01f4 01       		.uleb128 0x1
 626 01f5 9C       		.byte	0x9c
 627 01f6 08       		.uleb128 0x8
 628 01f7 AB010000 		.4byte	.LASF29
 629 01fb 01       		.byte	0x1
 630 01fc 3E       		.byte	0x3e
 631 01fd 00000000 		.4byte	.LFB0
 632 0201 1C000000 		.4byte	.LFE0-.LFB0
 633 0205 01       		.uleb128 0x1
 634 0206 9C       		.byte	0x9c
 635 0207 48020000 		.4byte	0x248
 636 020b 0B       		.uleb128 0xb
 637 020c 06000000 		.4byte	.LVL9
 638 0210 E4010000 		.4byte	0x1e4
 639 0214 09       		.uleb128 0x9
 640 0215 0C000000 		.4byte	.LVL10
 641 0219 0D010000 		.4byte	0x10d
 642 021d 2B020000 		.4byte	0x22b
 643 0221 0A       		.uleb128 0xa
 644 0222 01       		.uleb128 0x1
 645 0223 50       		.byte	0x50
 646 0224 05       		.uleb128 0x5
 647 0225 03       		.byte	0x3
 648 0226 00000000 		.4byte	ReadyToDrive_Int_Interrupt
 649 022a 00       		.byte	0
 650 022b 09       		.uleb128 0x9
 651 022c 12000000 		.4byte	.LVL11
 652 0230 6A010000 		.4byte	0x16a
 653 0234 3E020000 		.4byte	0x23e
 654 0238 0A       		.uleb128 0xa
 655 0239 01       		.uleb128 0x1
 656 023a 50       		.byte	0x50
 657 023b 01       		.uleb128 0x1
 658 023c 37       		.byte	0x37
 659 023d 00       		.byte	0
 660 023e 0B       		.uleb128 0xb
 661 023f 16000000 		.4byte	.LVL12
 662 0243 BC010000 		.4byte	0x1bc
 663 0247 00       		.byte	0
 664 0248 08       		.uleb128 0x8
 665 0249 06000000 		.4byte	.LASF30
ARM GAS  C:\Users\ANDREY~1\AppData\Local\Temp\ccS0SaWm.s 			page 20


 666 024d 01       		.byte	0x1
 667 024e 69       		.byte	0x69
 668 024f 00000000 		.4byte	.LFB1
 669 0253 1A000000 		.4byte	.LFE1-.LFB1
 670 0257 01       		.uleb128 0x1
 671 0258 9C       		.byte	0x9c
 672 0259 A6020000 		.4byte	0x2a6
 673 025d 15       		.uleb128 0x15
 674 025e CF010000 		.4byte	.LASF23
 675 0262 01       		.byte	0x1
 676 0263 69       		.byte	0x69
 677 0264 CF000000 		.4byte	0xcf
 678 0268 38000000 		.4byte	.LLST2
 679 026c 0B       		.uleb128 0xb
 680 026d 08000000 		.4byte	.LVL14
 681 0271 E4010000 		.4byte	0x1e4
 682 0275 09       		.uleb128 0x9
 683 0276 0E000000 		.4byte	.LVL15
 684 027a 0D010000 		.4byte	0x10d
 685 027e 89020000 		.4byte	0x289
 686 0282 0A       		.uleb128 0xa
 687 0283 01       		.uleb128 0x1
 688 0284 50       		.byte	0x50
 689 0285 02       		.uleb128 0x2
 690 0286 74       		.byte	0x74
 691 0287 00       		.sleb128 0
 692 0288 00       		.byte	0
 693 0289 09       		.uleb128 0x9
 694 028a 14000000 		.4byte	.LVL16
 695 028e 6A010000 		.4byte	0x16a
 696 0292 9C020000 		.4byte	0x29c
 697 0296 0A       		.uleb128 0xa
 698 0297 01       		.uleb128 0x1
 699 0298 50       		.byte	0x50
 700 0299 01       		.uleb128 0x1
 701 029a 37       		.byte	0x37
 702 029b 00       		.byte	0
 703 029c 0B       		.uleb128 0xb
 704 029d 18000000 		.4byte	.LVL17
 705 02a1 BC010000 		.4byte	0x1bc
 706 02a5 00       		.byte	0
 707 02a6 08       		.uleb128 0x8
 708 02a7 69020000 		.4byte	.LASF31
 709 02ab 01       		.byte	0x1
 710 02ac 87       		.byte	0x87
 711 02ad 00000000 		.4byte	.LFB2
 712 02b1 14000000 		.4byte	.LFE2-.LFB2
 713 02b5 01       		.uleb128 0x1
 714 02b6 9C       		.byte	0x9c
 715 02b7 CE020000 		.4byte	0x2ce
 716 02bb 0B       		.uleb128 0xb
 717 02bc 06000000 		.4byte	.LVL18
 718 02c0 E4010000 		.4byte	0x1e4
 719 02c4 0B       		.uleb128 0xb
 720 02c5 0C000000 		.4byte	.LVL19
 721 02c9 0D010000 		.4byte	0x10d
 722 02cd 00       		.byte	0
ARM GAS  C:\Users\ANDREY~1\AppData\Local\Temp\ccS0SaWm.s 			page 21


 723 02ce 13       		.uleb128 0x13
 724 02cf 29030000 		.4byte	.LASF32
 725 02d3 01       		.byte	0x1
 726 02d4 7A01     		.2byte	0x17a
 727 02d6 00000000 		.4byte	.LFB11
 728 02da 0C000000 		.4byte	.LFE11-.LFB11
 729 02de 01       		.uleb128 0x1
 730 02df 9C       		.byte	0x9c
 731 02e0 13       		.uleb128 0x13
 732 02e1 C3020000 		.4byte	.LASF33
 733 02e5 01       		.byte	0x1
 734 02e6 9301     		.2byte	0x193
 735 02e8 00000000 		.4byte	.LFB12
 736 02ec 0C000000 		.4byte	.LFE12-.LFB12
 737 02f0 01       		.uleb128 0x1
 738 02f1 9C       		.byte	0x9c
 739 02f2 16       		.uleb128 0x16
 740 02f3 1F000000 		.4byte	.LASF34
 741 02f7 1F000000 		.4byte	.LASF34
 742 02fb 03       		.byte	0x3
 743 02fc 26       		.byte	0x26
 744 02fd 16       		.uleb128 0x16
 745 02fe A1020000 		.4byte	.LASF35
 746 0302 A1020000 		.4byte	.LASF35
 747 0306 04       		.byte	0x4
 748 0307 5B       		.byte	0x5b
 749 0308 00       		.byte	0
 750              		.section	.debug_abbrev,"",%progbits
 751              	.Ldebug_abbrev0:
 752 0000 01       		.uleb128 0x1
 753 0001 11       		.uleb128 0x11
 754 0002 01       		.byte	0x1
 755 0003 25       		.uleb128 0x25
 756 0004 0E       		.uleb128 0xe
 757 0005 13       		.uleb128 0x13
 758 0006 0B       		.uleb128 0xb
 759 0007 03       		.uleb128 0x3
 760 0008 0E       		.uleb128 0xe
 761 0009 1B       		.uleb128 0x1b
 762 000a 0E       		.uleb128 0xe
 763 000b 55       		.uleb128 0x55
 764 000c 17       		.uleb128 0x17
 765 000d 11       		.uleb128 0x11
 766 000e 01       		.uleb128 0x1
 767 000f 10       		.uleb128 0x10
 768 0010 17       		.uleb128 0x17
 769 0011 00       		.byte	0
 770 0012 00       		.byte	0
 771 0013 02       		.uleb128 0x2
 772 0014 24       		.uleb128 0x24
 773 0015 00       		.byte	0
 774 0016 0B       		.uleb128 0xb
 775 0017 0B       		.uleb128 0xb
 776 0018 3E       		.uleb128 0x3e
 777 0019 0B       		.uleb128 0xb
 778 001a 03       		.uleb128 0x3
 779 001b 08       		.uleb128 0x8
ARM GAS  C:\Users\ANDREY~1\AppData\Local\Temp\ccS0SaWm.s 			page 22


 780 001c 00       		.byte	0
 781 001d 00       		.byte	0
 782 001e 03       		.uleb128 0x3
 783 001f 24       		.uleb128 0x24
 784 0020 00       		.byte	0
 785 0021 0B       		.uleb128 0xb
 786 0022 0B       		.uleb128 0xb
 787 0023 3E       		.uleb128 0x3e
 788 0024 0B       		.uleb128 0xb
 789 0025 03       		.uleb128 0x3
 790 0026 0E       		.uleb128 0xe
 791 0027 00       		.byte	0
 792 0028 00       		.byte	0
 793 0029 04       		.uleb128 0x4
 794 002a 0F       		.uleb128 0xf
 795 002b 00       		.byte	0
 796 002c 0B       		.uleb128 0xb
 797 002d 0B       		.uleb128 0xb
 798 002e 49       		.uleb128 0x49
 799 002f 13       		.uleb128 0x13
 800 0030 00       		.byte	0
 801 0031 00       		.byte	0
 802 0032 05       		.uleb128 0x5
 803 0033 15       		.uleb128 0x15
 804 0034 00       		.byte	0
 805 0035 27       		.uleb128 0x27
 806 0036 19       		.uleb128 0x19
 807 0037 00       		.byte	0
 808 0038 00       		.byte	0
 809 0039 06       		.uleb128 0x6
 810 003a 16       		.uleb128 0x16
 811 003b 00       		.byte	0
 812 003c 03       		.uleb128 0x3
 813 003d 0E       		.uleb128 0xe
 814 003e 3A       		.uleb128 0x3a
 815 003f 0B       		.uleb128 0xb
 816 0040 3B       		.uleb128 0x3b
 817 0041 05       		.uleb128 0x5
 818 0042 49       		.uleb128 0x49
 819 0043 13       		.uleb128 0x13
 820 0044 00       		.byte	0
 821 0045 00       		.byte	0
 822 0046 07       		.uleb128 0x7
 823 0047 35       		.uleb128 0x35
 824 0048 00       		.byte	0
 825 0049 49       		.uleb128 0x49
 826 004a 13       		.uleb128 0x13
 827 004b 00       		.byte	0
 828 004c 00       		.byte	0
 829 004d 08       		.uleb128 0x8
 830 004e 2E       		.uleb128 0x2e
 831 004f 01       		.byte	0x1
 832 0050 3F       		.uleb128 0x3f
 833 0051 19       		.uleb128 0x19
 834 0052 03       		.uleb128 0x3
 835 0053 0E       		.uleb128 0xe
 836 0054 3A       		.uleb128 0x3a
ARM GAS  C:\Users\ANDREY~1\AppData\Local\Temp\ccS0SaWm.s 			page 23


 837 0055 0B       		.uleb128 0xb
 838 0056 3B       		.uleb128 0x3b
 839 0057 0B       		.uleb128 0xb
 840 0058 27       		.uleb128 0x27
 841 0059 19       		.uleb128 0x19
 842 005a 11       		.uleb128 0x11
 843 005b 01       		.uleb128 0x1
 844 005c 12       		.uleb128 0x12
 845 005d 06       		.uleb128 0x6
 846 005e 40       		.uleb128 0x40
 847 005f 18       		.uleb128 0x18
 848 0060 9742     		.uleb128 0x2117
 849 0062 19       		.uleb128 0x19
 850 0063 01       		.uleb128 0x1
 851 0064 13       		.uleb128 0x13
 852 0065 00       		.byte	0
 853 0066 00       		.byte	0
 854 0067 09       		.uleb128 0x9
 855 0068 898201   		.uleb128 0x4109
 856 006b 01       		.byte	0x1
 857 006c 11       		.uleb128 0x11
 858 006d 01       		.uleb128 0x1
 859 006e 31       		.uleb128 0x31
 860 006f 13       		.uleb128 0x13
 861 0070 01       		.uleb128 0x1
 862 0071 13       		.uleb128 0x13
 863 0072 00       		.byte	0
 864 0073 00       		.byte	0
 865 0074 0A       		.uleb128 0xa
 866 0075 8A8201   		.uleb128 0x410a
 867 0078 00       		.byte	0
 868 0079 02       		.uleb128 0x2
 869 007a 18       		.uleb128 0x18
 870 007b 9142     		.uleb128 0x2111
 871 007d 18       		.uleb128 0x18
 872 007e 00       		.byte	0
 873 007f 00       		.byte	0
 874 0080 0B       		.uleb128 0xb
 875 0081 898201   		.uleb128 0x4109
 876 0084 00       		.byte	0
 877 0085 11       		.uleb128 0x11
 878 0086 01       		.uleb128 0x1
 879 0087 31       		.uleb128 0x31
 880 0088 13       		.uleb128 0x13
 881 0089 00       		.byte	0
 882 008a 00       		.byte	0
 883 008b 0C       		.uleb128 0xc
 884 008c 05       		.uleb128 0x5
 885 008d 00       		.byte	0
 886 008e 03       		.uleb128 0x3
 887 008f 0E       		.uleb128 0xe
 888 0090 3A       		.uleb128 0x3a
 889 0091 0B       		.uleb128 0xb
 890 0092 3B       		.uleb128 0x3b
 891 0093 0B       		.uleb128 0xb
 892 0094 49       		.uleb128 0x49
 893 0095 13       		.uleb128 0x13
ARM GAS  C:\Users\ANDREY~1\AppData\Local\Temp\ccS0SaWm.s 			page 24


 894 0096 02       		.uleb128 0x2
 895 0097 18       		.uleb128 0x18
 896 0098 00       		.byte	0
 897 0099 00       		.byte	0
 898 009a 0D       		.uleb128 0xd
 899 009b 34       		.uleb128 0x34
 900 009c 00       		.byte	0
 901 009d 03       		.uleb128 0x3
 902 009e 0E       		.uleb128 0xe
 903 009f 3A       		.uleb128 0x3a
 904 00a0 0B       		.uleb128 0xb
 905 00a1 3B       		.uleb128 0x3b
 906 00a2 0B       		.uleb128 0xb
 907 00a3 49       		.uleb128 0x49
 908 00a4 13       		.uleb128 0x13
 909 00a5 02       		.uleb128 0x2
 910 00a6 18       		.uleb128 0x18
 911 00a7 00       		.byte	0
 912 00a8 00       		.byte	0
 913 00a9 0E       		.uleb128 0xe
 914 00aa 2E       		.uleb128 0x2e
 915 00ab 01       		.byte	0x1
 916 00ac 3F       		.uleb128 0x3f
 917 00ad 19       		.uleb128 0x19
 918 00ae 03       		.uleb128 0x3
 919 00af 0E       		.uleb128 0xe
 920 00b0 3A       		.uleb128 0x3a
 921 00b1 0B       		.uleb128 0xb
 922 00b2 3B       		.uleb128 0x3b
 923 00b3 0B       		.uleb128 0xb
 924 00b4 27       		.uleb128 0x27
 925 00b5 19       		.uleb128 0x19
 926 00b6 49       		.uleb128 0x49
 927 00b7 13       		.uleb128 0x13
 928 00b8 11       		.uleb128 0x11
 929 00b9 01       		.uleb128 0x1
 930 00ba 12       		.uleb128 0x12
 931 00bb 06       		.uleb128 0x6
 932 00bc 40       		.uleb128 0x40
 933 00bd 18       		.uleb128 0x18
 934 00be 9742     		.uleb128 0x2117
 935 00c0 19       		.uleb128 0x19
 936 00c1 01       		.uleb128 0x1
 937 00c2 13       		.uleb128 0x13
 938 00c3 00       		.byte	0
 939 00c4 00       		.byte	0
 940 00c5 0F       		.uleb128 0xf
 941 00c6 2E       		.uleb128 0x2e
 942 00c7 01       		.byte	0x1
 943 00c8 3F       		.uleb128 0x3f
 944 00c9 19       		.uleb128 0x19
 945 00ca 03       		.uleb128 0x3
 946 00cb 0E       		.uleb128 0xe
 947 00cc 3A       		.uleb128 0x3a
 948 00cd 0B       		.uleb128 0xb
 949 00ce 3B       		.uleb128 0x3b
 950 00cf 05       		.uleb128 0x5
ARM GAS  C:\Users\ANDREY~1\AppData\Local\Temp\ccS0SaWm.s 			page 25


 951 00d0 27       		.uleb128 0x27
 952 00d1 19       		.uleb128 0x19
 953 00d2 11       		.uleb128 0x11
 954 00d3 01       		.uleb128 0x1
 955 00d4 12       		.uleb128 0x12
 956 00d5 06       		.uleb128 0x6
 957 00d6 40       		.uleb128 0x40
 958 00d7 18       		.uleb128 0x18
 959 00d8 9742     		.uleb128 0x2117
 960 00da 19       		.uleb128 0x19
 961 00db 01       		.uleb128 0x1
 962 00dc 13       		.uleb128 0x13
 963 00dd 00       		.byte	0
 964 00de 00       		.byte	0
 965 00df 10       		.uleb128 0x10
 966 00e0 05       		.uleb128 0x5
 967 00e1 00       		.byte	0
 968 00e2 03       		.uleb128 0x3
 969 00e3 0E       		.uleb128 0xe
 970 00e4 3A       		.uleb128 0x3a
 971 00e5 0B       		.uleb128 0xb
 972 00e6 3B       		.uleb128 0x3b
 973 00e7 05       		.uleb128 0x5
 974 00e8 49       		.uleb128 0x49
 975 00e9 13       		.uleb128 0x13
 976 00ea 02       		.uleb128 0x2
 977 00eb 17       		.uleb128 0x17
 978 00ec 00       		.byte	0
 979 00ed 00       		.byte	0
 980 00ee 11       		.uleb128 0x11
 981 00ef 2E       		.uleb128 0x2e
 982 00f0 01       		.byte	0x1
 983 00f1 3F       		.uleb128 0x3f
 984 00f2 19       		.uleb128 0x19
 985 00f3 03       		.uleb128 0x3
 986 00f4 0E       		.uleb128 0xe
 987 00f5 3A       		.uleb128 0x3a
 988 00f6 0B       		.uleb128 0xb
 989 00f7 3B       		.uleb128 0x3b
 990 00f8 05       		.uleb128 0x5
 991 00f9 27       		.uleb128 0x27
 992 00fa 19       		.uleb128 0x19
 993 00fb 49       		.uleb128 0x49
 994 00fc 13       		.uleb128 0x13
 995 00fd 11       		.uleb128 0x11
 996 00fe 01       		.uleb128 0x1
 997 00ff 12       		.uleb128 0x12
 998 0100 06       		.uleb128 0x6
 999 0101 40       		.uleb128 0x40
 1000 0102 18       		.uleb128 0x18
 1001 0103 9742     		.uleb128 0x2117
 1002 0105 19       		.uleb128 0x19
 1003 0106 01       		.uleb128 0x1
 1004 0107 13       		.uleb128 0x13
 1005 0108 00       		.byte	0
 1006 0109 00       		.byte	0
 1007 010a 12       		.uleb128 0x12
ARM GAS  C:\Users\ANDREY~1\AppData\Local\Temp\ccS0SaWm.s 			page 26


 1008 010b 34       		.uleb128 0x34
 1009 010c 00       		.byte	0
 1010 010d 03       		.uleb128 0x3
 1011 010e 0E       		.uleb128 0xe
 1012 010f 3A       		.uleb128 0x3a
 1013 0110 0B       		.uleb128 0xb
 1014 0111 3B       		.uleb128 0x3b
 1015 0112 05       		.uleb128 0x5
 1016 0113 49       		.uleb128 0x49
 1017 0114 13       		.uleb128 0x13
 1018 0115 02       		.uleb128 0x2
 1019 0116 17       		.uleb128 0x17
 1020 0117 00       		.byte	0
 1021 0118 00       		.byte	0
 1022 0119 13       		.uleb128 0x13
 1023 011a 2E       		.uleb128 0x2e
 1024 011b 00       		.byte	0
 1025 011c 3F       		.uleb128 0x3f
 1026 011d 19       		.uleb128 0x19
 1027 011e 03       		.uleb128 0x3
 1028 011f 0E       		.uleb128 0xe
 1029 0120 3A       		.uleb128 0x3a
 1030 0121 0B       		.uleb128 0xb
 1031 0122 3B       		.uleb128 0x3b
 1032 0123 05       		.uleb128 0x5
 1033 0124 27       		.uleb128 0x27
 1034 0125 19       		.uleb128 0x19
 1035 0126 11       		.uleb128 0x11
 1036 0127 01       		.uleb128 0x1
 1037 0128 12       		.uleb128 0x12
 1038 0129 06       		.uleb128 0x6
 1039 012a 40       		.uleb128 0x40
 1040 012b 18       		.uleb128 0x18
 1041 012c 9742     		.uleb128 0x2117
 1042 012e 19       		.uleb128 0x19
 1043 012f 00       		.byte	0
 1044 0130 00       		.byte	0
 1045 0131 14       		.uleb128 0x14
 1046 0132 2E       		.uleb128 0x2e
 1047 0133 00       		.byte	0
 1048 0134 3F       		.uleb128 0x3f
 1049 0135 19       		.uleb128 0x19
 1050 0136 03       		.uleb128 0x3
 1051 0137 0E       		.uleb128 0xe
 1052 0138 3A       		.uleb128 0x3a
 1053 0139 0B       		.uleb128 0xb
 1054 013a 3B       		.uleb128 0x3b
 1055 013b 05       		.uleb128 0x5
 1056 013c 27       		.uleb128 0x27
 1057 013d 19       		.uleb128 0x19
 1058 013e 49       		.uleb128 0x49
 1059 013f 13       		.uleb128 0x13
 1060 0140 11       		.uleb128 0x11
 1061 0141 01       		.uleb128 0x1
 1062 0142 12       		.uleb128 0x12
 1063 0143 06       		.uleb128 0x6
 1064 0144 40       		.uleb128 0x40
ARM GAS  C:\Users\ANDREY~1\AppData\Local\Temp\ccS0SaWm.s 			page 27


 1065 0145 18       		.uleb128 0x18
 1066 0146 9742     		.uleb128 0x2117
 1067 0148 19       		.uleb128 0x19
 1068 0149 00       		.byte	0
 1069 014a 00       		.byte	0
 1070 014b 15       		.uleb128 0x15
 1071 014c 05       		.uleb128 0x5
 1072 014d 00       		.byte	0
 1073 014e 03       		.uleb128 0x3
 1074 014f 0E       		.uleb128 0xe
 1075 0150 3A       		.uleb128 0x3a
 1076 0151 0B       		.uleb128 0xb
 1077 0152 3B       		.uleb128 0x3b
 1078 0153 0B       		.uleb128 0xb
 1079 0154 49       		.uleb128 0x49
 1080 0155 13       		.uleb128 0x13
 1081 0156 02       		.uleb128 0x2
 1082 0157 17       		.uleb128 0x17
 1083 0158 00       		.byte	0
 1084 0159 00       		.byte	0
 1085 015a 16       		.uleb128 0x16
 1086 015b 2E       		.uleb128 0x2e
 1087 015c 00       		.byte	0
 1088 015d 3F       		.uleb128 0x3f
 1089 015e 19       		.uleb128 0x19
 1090 015f 3C       		.uleb128 0x3c
 1091 0160 19       		.uleb128 0x19
 1092 0161 6E       		.uleb128 0x6e
 1093 0162 0E       		.uleb128 0xe
 1094 0163 03       		.uleb128 0x3
 1095 0164 0E       		.uleb128 0xe
 1096 0165 3A       		.uleb128 0x3a
 1097 0166 0B       		.uleb128 0xb
 1098 0167 3B       		.uleb128 0x3b
 1099 0168 0B       		.uleb128 0xb
 1100 0169 00       		.byte	0
 1101 016a 00       		.byte	0
 1102 016b 00       		.byte	0
 1103              		.section	.debug_loc,"",%progbits
 1104              	.Ldebug_loc0:
 1105              	.LLST0:
 1106 0000 00000000 		.4byte	.LVL5
 1107 0004 02000000 		.4byte	.LVL6
 1108 0008 0100     		.2byte	0x1
 1109 000a 50       		.byte	0x50
 1110 000b 02000000 		.4byte	.LVL6
 1111 000f 10000000 		.4byte	.LFE6
 1112 0013 0400     		.2byte	0x4
 1113 0015 F3       		.byte	0xf3
 1114 0016 01       		.uleb128 0x1
 1115 0017 50       		.byte	0x50
 1116 0018 9F       		.byte	0x9f
 1117 0019 00000000 		.4byte	0
 1118 001d 00000000 		.4byte	0
 1119              	.LLST1:
 1120 0021 04000000 		.4byte	.LVL7
 1121 0025 06000000 		.4byte	.LVL8
ARM GAS  C:\Users\ANDREY~1\AppData\Local\Temp\ccS0SaWm.s 			page 28


 1122 0029 0500     		.2byte	0x5
 1123 002b 70       		.byte	0x70
 1124 002c 00       		.sleb128 0
 1125 002d 35       		.byte	0x35
 1126 002e 25       		.byte	0x25
 1127 002f 9F       		.byte	0x9f
 1128 0030 00000000 		.4byte	0
 1129 0034 00000000 		.4byte	0
 1130              	.LLST2:
 1131 0038 00000000 		.4byte	.LVL13
 1132 003c 07000000 		.4byte	.LVL14-1
 1133 0040 0100     		.2byte	0x1
 1134 0042 50       		.byte	0x50
 1135 0043 07000000 		.4byte	.LVL14-1
 1136 0047 1A000000 		.4byte	.LFE1
 1137 004b 0100     		.2byte	0x1
 1138 004d 54       		.byte	0x54
 1139 004e 00000000 		.4byte	0
 1140 0052 00000000 		.4byte	0
 1141              		.section	.debug_aranges,"",%progbits
 1142 0000 7C000000 		.4byte	0x7c
 1143 0004 0200     		.2byte	0x2
 1144 0006 00000000 		.4byte	.Ldebug_info0
 1145 000a 04       		.byte	0x4
 1146 000b 00       		.byte	0
 1147 000c 0000     		.2byte	0
 1148 000e 0000     		.2byte	0
 1149 0010 00000000 		.4byte	.LFB3
 1150 0014 0E000000 		.4byte	.LFE3-.LFB3
 1151 0018 00000000 		.4byte	.LFB4
 1152 001c 0C000000 		.4byte	.LFE4-.LFB4
 1153 0020 00000000 		.4byte	.LFB5
 1154 0024 0C000000 		.4byte	.LFE5-.LFB5
 1155 0028 00000000 		.4byte	.LFB6
 1156 002c 10000000 		.4byte	.LFE6-.LFB6
 1157 0030 00000000 		.4byte	.LFB7
 1158 0034 0C000000 		.4byte	.LFE7-.LFB7
 1159 0038 00000000 		.4byte	.LFB8
 1160 003c 0C000000 		.4byte	.LFE8-.LFB8
 1161 0040 00000000 		.4byte	.LFB9
 1162 0044 10000000 		.4byte	.LFE9-.LFB9
 1163 0048 00000000 		.4byte	.LFB10
 1164 004c 0C000000 		.4byte	.LFE10-.LFB10
 1165 0050 00000000 		.4byte	.LFB0
 1166 0054 1C000000 		.4byte	.LFE0-.LFB0
 1167 0058 00000000 		.4byte	.LFB1
 1168 005c 1A000000 		.4byte	.LFE1-.LFB1
 1169 0060 00000000 		.4byte	.LFB2
 1170 0064 14000000 		.4byte	.LFE2-.LFB2
 1171 0068 00000000 		.4byte	.LFB11
 1172 006c 0C000000 		.4byte	.LFE11-.LFB11
 1173 0070 00000000 		.4byte	.LFB12
 1174 0074 0C000000 		.4byte	.LFE12-.LFB12
 1175 0078 00000000 		.4byte	0
 1176 007c 00000000 		.4byte	0
 1177              		.section	.debug_ranges,"",%progbits
 1178              	.Ldebug_ranges0:
ARM GAS  C:\Users\ANDREY~1\AppData\Local\Temp\ccS0SaWm.s 			page 29


 1179 0000 00000000 		.4byte	.LFB3
 1180 0004 0E000000 		.4byte	.LFE3
 1181 0008 00000000 		.4byte	.LFB4
 1182 000c 0C000000 		.4byte	.LFE4
 1183 0010 00000000 		.4byte	.LFB5
 1184 0014 0C000000 		.4byte	.LFE5
 1185 0018 00000000 		.4byte	.LFB6
 1186 001c 10000000 		.4byte	.LFE6
 1187 0020 00000000 		.4byte	.LFB7
 1188 0024 0C000000 		.4byte	.LFE7
 1189 0028 00000000 		.4byte	.LFB8
 1190 002c 0C000000 		.4byte	.LFE8
 1191 0030 00000000 		.4byte	.LFB9
 1192 0034 10000000 		.4byte	.LFE9
 1193 0038 00000000 		.4byte	.LFB10
 1194 003c 0C000000 		.4byte	.LFE10
 1195 0040 00000000 		.4byte	.LFB0
 1196 0044 1C000000 		.4byte	.LFE0
 1197 0048 00000000 		.4byte	.LFB1
 1198 004c 1A000000 		.4byte	.LFE1
 1199 0050 00000000 		.4byte	.LFB2
 1200 0054 14000000 		.4byte	.LFE2
 1201 0058 00000000 		.4byte	.LFB11
 1202 005c 0C000000 		.4byte	.LFE11
 1203 0060 00000000 		.4byte	.LFB12
 1204 0064 0C000000 		.4byte	.LFE12
 1205 0068 00000000 		.4byte	0
 1206 006c 00000000 		.4byte	0
 1207              		.section	.debug_line,"",%progbits
 1208              	.Ldebug_line0:
 1209 0000 5F010000 		.section	.debug_str,"MS",%progbits,1
 1209      02007100 
 1209      00000201 
 1209      FB0E0D00 
 1209      01010101 
 1210              	.LASF17:
 1211 0000 72656733 		.ascii	"reg32\000"
 1211      3200
 1212              	.LASF30:
 1213 0006 52656164 		.ascii	"ReadyToDrive_Int_StartEx\000"
 1213      79546F44 
 1213      72697665 
 1213      5F496E74 
 1213      5F537461 
 1214              	.LASF34:
 1215 001f 42757A7A 		.ascii	"Buzzer_Write\000"
 1215      65725F57 
 1215      72697465 
 1215      00
 1216              	.LASF25:
 1217 002c 52656164 		.ascii	"ReadyToDrive_Int_GetVector\000"
 1217      79546F44 
 1217      72697665 
 1217      5F496E74 
 1217      5F476574 
 1218              	.LASF6:
 1219 0047 73686F72 		.ascii	"short unsigned int\000"
ARM GAS  C:\Users\ANDREY~1\AppData\Local\Temp\ccS0SaWm.s 			page 30


 1219      7420756E 
 1219      7369676E 
 1219      65642069 
 1219      6E7400
 1220              	.LASF19:
 1221 005a 52656164 		.ascii	"ReadyToDrive_Int_Interrupt\000"
 1221      79546F44 
 1221      72697665 
 1221      5F496E74 
 1221      5F496E74 
 1222              	.LASF28:
 1223 0075 52656164 		.ascii	"ReadyToDrive_Int_Disable\000"
 1223      79546F44 
 1223      72697665 
 1223      5F496E74 
 1223      5F446973 
 1224              	.LASF14:
 1225 008e 666C6F61 		.ascii	"float\000"
 1225      7400
 1226              	.LASF4:
 1227 0094 756E7369 		.ascii	"unsigned char\000"
 1227      676E6564 
 1227      20636861 
 1227      7200
 1228              	.LASF36:
 1229 00a2 474E5520 		.ascii	"GNU C11 5.4.1 20160609 (release) [ARM/embedded-5-br"
 1229      43313120 
 1229      352E342E 
 1229      31203230 
 1229      31363036 
 1230 00d5 616E6368 		.ascii	"anch revision 237715] -mcpu=cortex-m3 -mthumb -g -O"
 1230      20726576 
 1230      6973696F 
 1230      6E203233 
 1230      37373135 
 1231 0108 67202D66 		.ascii	"g -ffunction-sections -ffat-lto-objects\000"
 1231      66756E63 
 1231      74696F6E 
 1231      2D736563 
 1231      74696F6E 
 1232              	.LASF16:
 1233 0130 72656738 		.ascii	"reg8\000"
 1233      00
 1234              	.LASF8:
 1235 0135 6C6F6E67 		.ascii	"long unsigned int\000"
 1235      20756E73 
 1235      69676E65 
 1235      6420696E 
 1235      7400
 1236              	.LASF12:
 1237 0147 75696E74 		.ascii	"uint8\000"
 1237      3800
 1238              	.LASF26:
 1239 014d 52656164 		.ascii	"ReadyToDrive_Int_GetPriority\000"
 1239      79546F44 
 1239      72697665 
 1239      5F496E74 
ARM GAS  C:\Users\ANDREY~1\AppData\Local\Temp\ccS0SaWm.s 			page 31


 1239      5F476574 
 1240              	.LASF24:
 1241 016a 7072696F 		.ascii	"priority\000"
 1241      72697479 
 1241      00
 1242              	.LASF15:
 1243 0173 646F7562 		.ascii	"double\000"
 1243      6C6500
 1244              	.LASF37:
 1245 017a 47656E65 		.ascii	"Generated_Source\\PSoC5\\ReadyToDrive_Int.c\000"
 1245      72617465 
 1245      645F536F 
 1245      75726365 
 1245      5C50536F 
 1246              	.LASF13:
 1247 01a4 75696E74 		.ascii	"uint32\000"
 1247      333200
 1248              	.LASF29:
 1249 01ab 52656164 		.ascii	"ReadyToDrive_Int_Start\000"
 1249      79546F44 
 1249      72697665 
 1249      5F496E74 
 1249      5F537461 
 1250              	.LASF0:
 1251 01c2 756E7369 		.ascii	"unsigned int\000"
 1251      676E6564 
 1251      20696E74 
 1251      00
 1252              	.LASF23:
 1253 01cf 61646472 		.ascii	"address\000"
 1253      65737300 
 1254              	.LASF9:
 1255 01d7 6C6F6E67 		.ascii	"long long unsigned int\000"
 1255      206C6F6E 
 1255      6720756E 
 1255      7369676E 
 1255      65642069 
 1256              	.LASF38:
 1257 01ee 5A3A5C44 		.ascii	"Z:\\Documents\\UCD\\FRUCD\\Dashboard-Firmware-FE9-F"
 1257      6F63756D 
 1257      656E7473 
 1257      5C554344 
 1257      5C465255 
 1258 021d 45372D42 		.ascii	"E7-Board\\Dashboard.cydsn\000"
 1258      6F617264 
 1258      5C446173 
 1258      68626F61 
 1258      72642E63 
 1259              	.LASF18:
 1260 0236 63796973 		.ascii	"cyisraddress\000"
 1260      72616464 
 1260      72657373 
 1260      00
 1261              	.LASF22:
 1262 0243 52656164 		.ascii	"ReadyToDrive_Int_SetPriority\000"
 1262      79546F44 
 1262      72697665 
ARM GAS  C:\Users\ANDREY~1\AppData\Local\Temp\ccS0SaWm.s 			page 32


 1262      5F496E74 
 1262      5F536574 
 1263              	.LASF10:
 1264 0260 73697A65 		.ascii	"sizetype\000"
 1264      74797065 
 1264      00
 1265              	.LASF31:
 1266 0269 52656164 		.ascii	"ReadyToDrive_Int_Stop\000"
 1266      79546F44 
 1266      72697665 
 1266      5F496E74 
 1266      5F53746F 
 1267              	.LASF1:
 1268 027f 6C6F6E67 		.ascii	"long long int\000"
 1268      206C6F6E 
 1268      6720696E 
 1268      7400
 1269              	.LASF11:
 1270 028d 63686172 		.ascii	"char\000"
 1270      00
 1271              	.LASF21:
 1272 0292 72616D56 		.ascii	"ramVectorTable\000"
 1272      6563746F 
 1272      72546162 
 1272      6C6500
 1273              	.LASF35:
 1274 02a1 52656164 		.ascii	"ReadyToDrive_Timer_Stop\000"
 1274      79546F44 
 1274      72697665 
 1274      5F54696D 
 1274      65725F53 
 1275              	.LASF5:
 1276 02b9 73686F72 		.ascii	"short int\000"
 1276      7420696E 
 1276      7400
 1277              	.LASF33:
 1278 02c3 52656164 		.ascii	"ReadyToDrive_Int_ClearPending\000"
 1278      79546F44 
 1278      72697665 
 1278      5F496E74 
 1278      5F436C65 
 1279              	.LASF20:
 1280 02e1 52656164 		.ascii	"ReadyToDrive_Int_SetVector\000"
 1280      79546F44 
 1280      72697665 
 1280      5F496E74 
 1280      5F536574 
 1281              	.LASF27:
 1282 02fc 52656164 		.ascii	"ReadyToDrive_Int_Enable\000"
 1282      79546F44 
 1282      72697665 
 1282      5F496E74 
 1282      5F456E61 
 1283              	.LASF7:
 1284 0314 6C6F6E67 		.ascii	"long int\000"
 1284      20696E74 
 1284      00
ARM GAS  C:\Users\ANDREY~1\AppData\Local\Temp\ccS0SaWm.s 			page 33


 1285              	.LASF2:
 1286 031d 6C6F6E67 		.ascii	"long double\000"
 1286      20646F75 
 1286      626C6500 
 1287              	.LASF32:
 1288 0329 52656164 		.ascii	"ReadyToDrive_Int_SetPending\000"
 1288      79546F44 
 1288      72697665 
 1288      5F496E74 
 1288      5F536574 
 1289              	.LASF3:
 1290 0345 7369676E 		.ascii	"signed char\000"
 1290      65642063 
 1290      68617200 
 1291              	.LASF39:
 1292 0351 52656164 		.ascii	"ReadyToDrive_Int_GetState\000"
 1292      79546F44 
 1292      72697665 
 1292      5F496E74 
 1292      5F476574 
 1293              		.ident	"GCC: (GNU Tools for ARM Embedded Processors) 5.4.1 20160609 (release) [ARM/embedded-5-bran
