ARM GAS  C:\Users\leoja\AppData\Local\Temp\ccsjIogk.s 			page 1


   1              		.syntax unified
   2              		.cpu cortex-m3
   3              		.fpu softvfp
   4              		.eabi_attribute 20, 1
   5              		.eabi_attribute 21, 1
   6              		.eabi_attribute 23, 3
   7              		.eabi_attribute 24, 1
   8              		.eabi_attribute 25, 1
   9              		.eabi_attribute 26, 1
  10              		.eabi_attribute 30, 1
  11              		.eabi_attribute 34, 1
  12              		.eabi_attribute 18, 4
  13              		.thumb
  14              		.syntax unified
  15              		.file	"RGB3_1.c"
  16              		.text
  17              	.Ltext0:
  18              		.cfi_sections	.debug_frame
  19              		.section	.text.RGB3_1_Write,"ax",%progbits
  20              		.align	2
  21              		.global	RGB3_1_Write
  22              		.thumb
  23              		.thumb_func
  24              		.type	RGB3_1_Write, %function
  25              	RGB3_1_Write:
  26              	.LFB0:
  27              		.file 1 "Generated_Source\\PSoC5\\RGB3_1.c"
   1:Generated_Source\PSoC5/RGB3_1.c **** /*******************************************************************************
   2:Generated_Source\PSoC5/RGB3_1.c **** * File Name: RGB3_1.c  
   3:Generated_Source\PSoC5/RGB3_1.c **** * Version 2.10
   4:Generated_Source\PSoC5/RGB3_1.c **** *
   5:Generated_Source\PSoC5/RGB3_1.c **** * Description:
   6:Generated_Source\PSoC5/RGB3_1.c **** *  This file contains API to enable firmware control of a Pins component.
   7:Generated_Source\PSoC5/RGB3_1.c **** *
   8:Generated_Source\PSoC5/RGB3_1.c **** * Note:
   9:Generated_Source\PSoC5/RGB3_1.c **** *
  10:Generated_Source\PSoC5/RGB3_1.c **** ********************************************************************************
  11:Generated_Source\PSoC5/RGB3_1.c **** * Copyright 2008-2014, Cypress Semiconductor Corporation.  All rights reserved.
  12:Generated_Source\PSoC5/RGB3_1.c **** * You may use this file only in accordance with the license, terms, conditions, 
  13:Generated_Source\PSoC5/RGB3_1.c **** * disclaimers, and limitations in the end user license agreement accompanying 
  14:Generated_Source\PSoC5/RGB3_1.c **** * the software package with which this file was provided.
  15:Generated_Source\PSoC5/RGB3_1.c **** *******************************************************************************/
  16:Generated_Source\PSoC5/RGB3_1.c **** 
  17:Generated_Source\PSoC5/RGB3_1.c **** #include "cytypes.h"
  18:Generated_Source\PSoC5/RGB3_1.c **** #include "RGB3_1.h"
  19:Generated_Source\PSoC5/RGB3_1.c **** 
  20:Generated_Source\PSoC5/RGB3_1.c **** /* APIs are not generated for P15[7:6] on PSoC 5 */
  21:Generated_Source\PSoC5/RGB3_1.c **** #if !(CY_PSOC5A &&\
  22:Generated_Source\PSoC5/RGB3_1.c **** 	 RGB3_1__PORT == 15 && ((RGB3_1__MASK & 0xC0) != 0))
  23:Generated_Source\PSoC5/RGB3_1.c **** 
  24:Generated_Source\PSoC5/RGB3_1.c **** 
  25:Generated_Source\PSoC5/RGB3_1.c **** /*******************************************************************************
  26:Generated_Source\PSoC5/RGB3_1.c **** * Function Name: RGB3_1_Write
  27:Generated_Source\PSoC5/RGB3_1.c **** ********************************************************************************
  28:Generated_Source\PSoC5/RGB3_1.c **** *
  29:Generated_Source\PSoC5/RGB3_1.c **** * Summary:
  30:Generated_Source\PSoC5/RGB3_1.c **** *  Assign a new value to the digital port's data output register.  
ARM GAS  C:\Users\leoja\AppData\Local\Temp\ccsjIogk.s 			page 2


  31:Generated_Source\PSoC5/RGB3_1.c **** *
  32:Generated_Source\PSoC5/RGB3_1.c **** * Parameters:  
  33:Generated_Source\PSoC5/RGB3_1.c **** *  prtValue:  The value to be assigned to the Digital Port. 
  34:Generated_Source\PSoC5/RGB3_1.c **** *
  35:Generated_Source\PSoC5/RGB3_1.c **** * Return: 
  36:Generated_Source\PSoC5/RGB3_1.c **** *  None
  37:Generated_Source\PSoC5/RGB3_1.c **** *  
  38:Generated_Source\PSoC5/RGB3_1.c **** *******************************************************************************/
  39:Generated_Source\PSoC5/RGB3_1.c **** void RGB3_1_Write(uint8 value) 
  40:Generated_Source\PSoC5/RGB3_1.c **** {
  28              		.loc 1 40 0
  29              		.cfi_startproc
  30              		@ args = 0, pretend = 0, frame = 0
  31              		@ frame_needed = 0, uses_anonymous_args = 0
  32              		@ link register save eliminated.
  33              	.LVL0:
  41:Generated_Source\PSoC5/RGB3_1.c ****     uint8 staticBits = (RGB3_1_DR & (uint8)(~RGB3_1_MASK));
  34              		.loc 1 41 0
  35 0000 044A     		ldr	r2, .L2
  36 0002 1378     		ldrb	r3, [r2]	@ zero_extendqisi2
  37 0004 03F0EF03 		and	r3, r3, #239
  38              	.LVL1:
  42:Generated_Source\PSoC5/RGB3_1.c ****     RGB3_1_DR = staticBits | ((uint8)(value << RGB3_1_SHIFT) & RGB3_1_MASK);
  39              		.loc 1 42 0
  40 0008 0001     		lsls	r0, r0, #4
  41              	.LVL2:
  42 000a 00F01000 		and	r0, r0, #16
  43 000e 1843     		orrs	r0, r0, r3
  44 0010 1070     		strb	r0, [r2]
  45 0012 7047     		bx	lr
  46              	.L3:
  47              		.align	2
  48              	.L2:
  49 0014 20510040 		.word	1073762592
  50              		.cfi_endproc
  51              	.LFE0:
  52              		.size	RGB3_1_Write, .-RGB3_1_Write
  53              		.section	.text.RGB3_1_SetDriveMode,"ax",%progbits
  54              		.align	2
  55              		.global	RGB3_1_SetDriveMode
  56              		.thumb
  57              		.thumb_func
  58              		.type	RGB3_1_SetDriveMode, %function
  59              	RGB3_1_SetDriveMode:
  60              	.LFB1:
  43:Generated_Source\PSoC5/RGB3_1.c **** }
  44:Generated_Source\PSoC5/RGB3_1.c **** 
  45:Generated_Source\PSoC5/RGB3_1.c **** 
  46:Generated_Source\PSoC5/RGB3_1.c **** /*******************************************************************************
  47:Generated_Source\PSoC5/RGB3_1.c **** * Function Name: RGB3_1_SetDriveMode
  48:Generated_Source\PSoC5/RGB3_1.c **** ********************************************************************************
  49:Generated_Source\PSoC5/RGB3_1.c **** *
  50:Generated_Source\PSoC5/RGB3_1.c **** * Summary:
  51:Generated_Source\PSoC5/RGB3_1.c **** *  Change the drive mode on the pins of the port.
  52:Generated_Source\PSoC5/RGB3_1.c **** * 
  53:Generated_Source\PSoC5/RGB3_1.c **** * Parameters:  
  54:Generated_Source\PSoC5/RGB3_1.c **** *  mode:  Change the pins to one of the following drive modes.
ARM GAS  C:\Users\leoja\AppData\Local\Temp\ccsjIogk.s 			page 3


  55:Generated_Source\PSoC5/RGB3_1.c **** *
  56:Generated_Source\PSoC5/RGB3_1.c **** *  RGB3_1_DM_STRONG     Strong Drive 
  57:Generated_Source\PSoC5/RGB3_1.c **** *  RGB3_1_DM_OD_HI      Open Drain, Drives High 
  58:Generated_Source\PSoC5/RGB3_1.c **** *  RGB3_1_DM_OD_LO      Open Drain, Drives Low 
  59:Generated_Source\PSoC5/RGB3_1.c **** *  RGB3_1_DM_RES_UP     Resistive Pull Up 
  60:Generated_Source\PSoC5/RGB3_1.c **** *  RGB3_1_DM_RES_DWN    Resistive Pull Down 
  61:Generated_Source\PSoC5/RGB3_1.c **** *  RGB3_1_DM_RES_UPDWN  Resistive Pull Up/Down 
  62:Generated_Source\PSoC5/RGB3_1.c **** *  RGB3_1_DM_DIG_HIZ    High Impedance Digital 
  63:Generated_Source\PSoC5/RGB3_1.c **** *  RGB3_1_DM_ALG_HIZ    High Impedance Analog 
  64:Generated_Source\PSoC5/RGB3_1.c **** *
  65:Generated_Source\PSoC5/RGB3_1.c **** * Return: 
  66:Generated_Source\PSoC5/RGB3_1.c **** *  None
  67:Generated_Source\PSoC5/RGB3_1.c **** *
  68:Generated_Source\PSoC5/RGB3_1.c **** *******************************************************************************/
  69:Generated_Source\PSoC5/RGB3_1.c **** void RGB3_1_SetDriveMode(uint8 mode) 
  70:Generated_Source\PSoC5/RGB3_1.c **** {
  61              		.loc 1 70 0
  62              		.cfi_startproc
  63              		@ args = 0, pretend = 0, frame = 0
  64              		@ frame_needed = 0, uses_anonymous_args = 0
  65              		@ link register save eliminated.
  66              	.LVL3:
  71:Generated_Source\PSoC5/RGB3_1.c **** 	CyPins_SetPinDriveMode(RGB3_1_0, mode);
  67              		.loc 1 71 0
  68 0000 044A     		ldr	r2, .L5
  69 0002 1378     		ldrb	r3, [r2]	@ zero_extendqisi2
  70 0004 03F0F103 		and	r3, r3, #241
  71 0008 00F00E00 		and	r0, r0, #14
  72              	.LVL4:
  73 000c 1843     		orrs	r0, r0, r3
  74 000e 1070     		strb	r0, [r2]
  75 0010 7047     		bx	lr
  76              	.L6:
  77 0012 00BF     		.align	2
  78              	.L5:
  79 0014 14500040 		.word	1073762324
  80              		.cfi_endproc
  81              	.LFE1:
  82              		.size	RGB3_1_SetDriveMode, .-RGB3_1_SetDriveMode
  83              		.section	.text.RGB3_1_Read,"ax",%progbits
  84              		.align	2
  85              		.global	RGB3_1_Read
  86              		.thumb
  87              		.thumb_func
  88              		.type	RGB3_1_Read, %function
  89              	RGB3_1_Read:
  90              	.LFB2:
  72:Generated_Source\PSoC5/RGB3_1.c **** }
  73:Generated_Source\PSoC5/RGB3_1.c **** 
  74:Generated_Source\PSoC5/RGB3_1.c **** 
  75:Generated_Source\PSoC5/RGB3_1.c **** /*******************************************************************************
  76:Generated_Source\PSoC5/RGB3_1.c **** * Function Name: RGB3_1_Read
  77:Generated_Source\PSoC5/RGB3_1.c **** ********************************************************************************
  78:Generated_Source\PSoC5/RGB3_1.c **** *
  79:Generated_Source\PSoC5/RGB3_1.c **** * Summary:
  80:Generated_Source\PSoC5/RGB3_1.c **** *  Read the current value on the pins of the Digital Port in right justified 
  81:Generated_Source\PSoC5/RGB3_1.c **** *  form.
ARM GAS  C:\Users\leoja\AppData\Local\Temp\ccsjIogk.s 			page 4


  82:Generated_Source\PSoC5/RGB3_1.c **** *
  83:Generated_Source\PSoC5/RGB3_1.c **** * Parameters:  
  84:Generated_Source\PSoC5/RGB3_1.c **** *  None
  85:Generated_Source\PSoC5/RGB3_1.c **** *
  86:Generated_Source\PSoC5/RGB3_1.c **** * Return: 
  87:Generated_Source\PSoC5/RGB3_1.c **** *  Returns the current value of the Digital Port as a right justified number
  88:Generated_Source\PSoC5/RGB3_1.c **** *  
  89:Generated_Source\PSoC5/RGB3_1.c **** * Note:
  90:Generated_Source\PSoC5/RGB3_1.c **** *  Macro RGB3_1_ReadPS calls this function. 
  91:Generated_Source\PSoC5/RGB3_1.c **** *  
  92:Generated_Source\PSoC5/RGB3_1.c **** *******************************************************************************/
  93:Generated_Source\PSoC5/RGB3_1.c **** uint8 RGB3_1_Read(void) 
  94:Generated_Source\PSoC5/RGB3_1.c **** {
  91              		.loc 1 94 0
  92              		.cfi_startproc
  93              		@ args = 0, pretend = 0, frame = 0
  94              		@ frame_needed = 0, uses_anonymous_args = 0
  95              		@ link register save eliminated.
  95:Generated_Source\PSoC5/RGB3_1.c ****     return (RGB3_1_PS & RGB3_1_MASK) >> RGB3_1_SHIFT;
  96              		.loc 1 95 0
  97 0000 024B     		ldr	r3, .L8
  98 0002 1878     		ldrb	r0, [r3]	@ zero_extendqisi2
  96:Generated_Source\PSoC5/RGB3_1.c **** }
  99              		.loc 1 96 0
 100 0004 C0F30010 		ubfx	r0, r0, #4, #1
 101 0008 7047     		bx	lr
 102              	.L9:
 103 000a 00BF     		.align	2
 104              	.L8:
 105 000c 21510040 		.word	1073762593
 106              		.cfi_endproc
 107              	.LFE2:
 108              		.size	RGB3_1_Read, .-RGB3_1_Read
 109              		.section	.text.RGB3_1_ReadDataReg,"ax",%progbits
 110              		.align	2
 111              		.global	RGB3_1_ReadDataReg
 112              		.thumb
 113              		.thumb_func
 114              		.type	RGB3_1_ReadDataReg, %function
 115              	RGB3_1_ReadDataReg:
 116              	.LFB3:
  97:Generated_Source\PSoC5/RGB3_1.c **** 
  98:Generated_Source\PSoC5/RGB3_1.c **** 
  99:Generated_Source\PSoC5/RGB3_1.c **** /*******************************************************************************
 100:Generated_Source\PSoC5/RGB3_1.c **** * Function Name: RGB3_1_ReadDataReg
 101:Generated_Source\PSoC5/RGB3_1.c **** ********************************************************************************
 102:Generated_Source\PSoC5/RGB3_1.c **** *
 103:Generated_Source\PSoC5/RGB3_1.c **** * Summary:
 104:Generated_Source\PSoC5/RGB3_1.c **** *  Read the current value assigned to a Digital Port's data output register
 105:Generated_Source\PSoC5/RGB3_1.c **** *
 106:Generated_Source\PSoC5/RGB3_1.c **** * Parameters:  
 107:Generated_Source\PSoC5/RGB3_1.c **** *  None 
 108:Generated_Source\PSoC5/RGB3_1.c **** *
 109:Generated_Source\PSoC5/RGB3_1.c **** * Return: 
 110:Generated_Source\PSoC5/RGB3_1.c **** *  Returns the current value assigned to the Digital Port's data output register
 111:Generated_Source\PSoC5/RGB3_1.c **** *  
 112:Generated_Source\PSoC5/RGB3_1.c **** *******************************************************************************/
ARM GAS  C:\Users\leoja\AppData\Local\Temp\ccsjIogk.s 			page 5


 113:Generated_Source\PSoC5/RGB3_1.c **** uint8 RGB3_1_ReadDataReg(void) 
 114:Generated_Source\PSoC5/RGB3_1.c **** {
 117              		.loc 1 114 0
 118              		.cfi_startproc
 119              		@ args = 0, pretend = 0, frame = 0
 120              		@ frame_needed = 0, uses_anonymous_args = 0
 121              		@ link register save eliminated.
 115:Generated_Source\PSoC5/RGB3_1.c ****     return (RGB3_1_DR & RGB3_1_MASK) >> RGB3_1_SHIFT;
 122              		.loc 1 115 0
 123 0000 024B     		ldr	r3, .L11
 124 0002 1878     		ldrb	r0, [r3]	@ zero_extendqisi2
 116:Generated_Source\PSoC5/RGB3_1.c **** }
 125              		.loc 1 116 0
 126 0004 C0F30010 		ubfx	r0, r0, #4, #1
 127 0008 7047     		bx	lr
 128              	.L12:
 129 000a 00BF     		.align	2
 130              	.L11:
 131 000c 20510040 		.word	1073762592
 132              		.cfi_endproc
 133              	.LFE3:
 134              		.size	RGB3_1_ReadDataReg, .-RGB3_1_ReadDataReg
 135              		.text
 136              	.Letext0:
 137              		.file 2 "Generated_Source\\PSoC5\\cytypes.h"
 138              		.section	.debug_info,"",%progbits
 139              	.Ldebug_info0:
 140 0000 1B010000 		.4byte	0x11b
 141 0004 0400     		.2byte	0x4
 142 0006 00000000 		.4byte	.Ldebug_abbrev0
 143 000a 04       		.byte	0x4
 144 000b 01       		.uleb128 0x1
 145 000c 47000000 		.4byte	.LASF20
 146 0010 0C       		.byte	0xc
 147 0011 25010000 		.4byte	.LASF21
 148 0015 7B010000 		.4byte	.LASF22
 149 0019 00000000 		.4byte	.Ldebug_ranges0+0
 150 001d 00000000 		.4byte	0
 151 0021 00000000 		.4byte	.Ldebug_line0
 152 0025 02       		.uleb128 0x2
 153 0026 01       		.byte	0x1
 154 0027 06       		.byte	0x6
 155 0028 EA010000 		.4byte	.LASF0
 156 002c 02       		.uleb128 0x2
 157 002d 01       		.byte	0x1
 158 002e 08       		.byte	0x8
 159 002f 39000000 		.4byte	.LASF1
 160 0033 02       		.uleb128 0x2
 161 0034 02       		.byte	0x2
 162 0035 05       		.byte	0x5
 163 0036 D1010000 		.4byte	.LASF2
 164 003a 02       		.uleb128 0x2
 165 003b 02       		.byte	0x2
 166 003c 07       		.byte	0x7
 167 003d EC000000 		.4byte	.LASF3
 168 0041 02       		.uleb128 0x2
 169 0042 04       		.byte	0x4
ARM GAS  C:\Users\leoja\AppData\Local\Temp\ccsjIogk.s 			page 6


 170 0043 05       		.byte	0x5
 171 0044 E1010000 		.4byte	.LASF4
 172 0048 02       		.uleb128 0x2
 173 0049 04       		.byte	0x4
 174 004a 07       		.byte	0x7
 175 004b DA000000 		.4byte	.LASF5
 176 004f 02       		.uleb128 0x2
 177 0050 08       		.byte	0x8
 178 0051 05       		.byte	0x5
 179 0052 00000000 		.4byte	.LASF6
 180 0056 02       		.uleb128 0x2
 181 0057 08       		.byte	0x8
 182 0058 07       		.byte	0x7
 183 0059 5F010000 		.4byte	.LASF7
 184 005d 03       		.uleb128 0x3
 185 005e 04       		.byte	0x4
 186 005f 05       		.byte	0x5
 187 0060 696E7400 		.ascii	"int\000"
 188 0064 02       		.uleb128 0x2
 189 0065 04       		.byte	0x4
 190 0066 07       		.byte	0x7
 191 0067 45010000 		.4byte	.LASF8
 192 006b 04       		.uleb128 0x4
 193 006c DB010000 		.4byte	.LASF12
 194 0070 02       		.byte	0x2
 195 0071 3801     		.2byte	0x138
 196 0073 2C000000 		.4byte	0x2c
 197 0077 02       		.uleb128 0x2
 198 0078 04       		.byte	0x4
 199 0079 04       		.byte	0x4
 200 007a 33000000 		.4byte	.LASF9
 201 007e 02       		.uleb128 0x2
 202 007f 08       		.byte	0x8
 203 0080 04       		.byte	0x4
 204 0081 FF000000 		.4byte	.LASF10
 205 0085 02       		.uleb128 0x2
 206 0086 01       		.byte	0x1
 207 0087 08       		.byte	0x8
 208 0088 CC010000 		.4byte	.LASF11
 209 008c 04       		.uleb128 0x4
 210 008d D5000000 		.4byte	.LASF13
 211 0091 02       		.byte	0x2
 212 0092 E201     		.2byte	0x1e2
 213 0094 98000000 		.4byte	0x98
 214 0098 05       		.uleb128 0x5
 215 0099 6B000000 		.4byte	0x6b
 216 009d 06       		.uleb128 0x6
 217 009e 52010000 		.4byte	.LASF14
 218 00a2 01       		.byte	0x1
 219 00a3 27       		.byte	0x27
 220 00a4 00000000 		.4byte	.LFB0
 221 00a8 18000000 		.4byte	.LFE0-.LFB0
 222 00ac 01       		.uleb128 0x1
 223 00ad 9C       		.byte	0x9c
 224 00ae CF000000 		.4byte	0xcf
 225 00b2 07       		.uleb128 0x7
 226 00b3 22000000 		.4byte	.LASF16
ARM GAS  C:\Users\leoja\AppData\Local\Temp\ccsjIogk.s 			page 7


 227 00b7 01       		.byte	0x1
 228 00b8 27       		.byte	0x27
 229 00b9 6B000000 		.4byte	0x6b
 230 00bd 00000000 		.4byte	.LLST0
 231 00c1 08       		.uleb128 0x8
 232 00c2 28000000 		.4byte	.LASF23
 233 00c6 01       		.byte	0x1
 234 00c7 29       		.byte	0x29
 235 00c8 6B000000 		.4byte	0x6b
 236 00cc 01       		.uleb128 0x1
 237 00cd 53       		.byte	0x53
 238 00ce 00       		.byte	0
 239 00cf 06       		.uleb128 0x6
 240 00d0 0E000000 		.4byte	.LASF15
 241 00d4 01       		.byte	0x1
 242 00d5 45       		.byte	0x45
 243 00d6 00000000 		.4byte	.LFB1
 244 00da 18000000 		.4byte	.LFE1-.LFB1
 245 00de 01       		.uleb128 0x1
 246 00df 9C       		.byte	0x9c
 247 00e0 F4000000 		.4byte	0xf4
 248 00e4 07       		.uleb128 0x7
 249 00e5 76010000 		.4byte	.LASF17
 250 00e9 01       		.byte	0x1
 251 00ea 45       		.byte	0x45
 252 00eb 6B000000 		.4byte	0x6b
 253 00ef 21000000 		.4byte	.LLST1
 254 00f3 00       		.byte	0
 255 00f4 09       		.uleb128 0x9
 256 00f5 19010000 		.4byte	.LASF18
 257 00f9 01       		.byte	0x1
 258 00fa 5D       		.byte	0x5d
 259 00fb 6B000000 		.4byte	0x6b
 260 00ff 00000000 		.4byte	.LFB2
 261 0103 10000000 		.4byte	.LFE2-.LFB2
 262 0107 01       		.uleb128 0x1
 263 0108 9C       		.byte	0x9c
 264 0109 09       		.uleb128 0x9
 265 010a 06010000 		.4byte	.LASF19
 266 010e 01       		.byte	0x1
 267 010f 71       		.byte	0x71
 268 0110 6B000000 		.4byte	0x6b
 269 0114 00000000 		.4byte	.LFB3
 270 0118 10000000 		.4byte	.LFE3-.LFB3
 271 011c 01       		.uleb128 0x1
 272 011d 9C       		.byte	0x9c
 273 011e 00       		.byte	0
 274              		.section	.debug_abbrev,"",%progbits
 275              	.Ldebug_abbrev0:
 276 0000 01       		.uleb128 0x1
 277 0001 11       		.uleb128 0x11
 278 0002 01       		.byte	0x1
 279 0003 25       		.uleb128 0x25
 280 0004 0E       		.uleb128 0xe
 281 0005 13       		.uleb128 0x13
 282 0006 0B       		.uleb128 0xb
 283 0007 03       		.uleb128 0x3
ARM GAS  C:\Users\leoja\AppData\Local\Temp\ccsjIogk.s 			page 8


 284 0008 0E       		.uleb128 0xe
 285 0009 1B       		.uleb128 0x1b
 286 000a 0E       		.uleb128 0xe
 287 000b 55       		.uleb128 0x55
 288 000c 17       		.uleb128 0x17
 289 000d 11       		.uleb128 0x11
 290 000e 01       		.uleb128 0x1
 291 000f 10       		.uleb128 0x10
 292 0010 17       		.uleb128 0x17
 293 0011 00       		.byte	0
 294 0012 00       		.byte	0
 295 0013 02       		.uleb128 0x2
 296 0014 24       		.uleb128 0x24
 297 0015 00       		.byte	0
 298 0016 0B       		.uleb128 0xb
 299 0017 0B       		.uleb128 0xb
 300 0018 3E       		.uleb128 0x3e
 301 0019 0B       		.uleb128 0xb
 302 001a 03       		.uleb128 0x3
 303 001b 0E       		.uleb128 0xe
 304 001c 00       		.byte	0
 305 001d 00       		.byte	0
 306 001e 03       		.uleb128 0x3
 307 001f 24       		.uleb128 0x24
 308 0020 00       		.byte	0
 309 0021 0B       		.uleb128 0xb
 310 0022 0B       		.uleb128 0xb
 311 0023 3E       		.uleb128 0x3e
 312 0024 0B       		.uleb128 0xb
 313 0025 03       		.uleb128 0x3
 314 0026 08       		.uleb128 0x8
 315 0027 00       		.byte	0
 316 0028 00       		.byte	0
 317 0029 04       		.uleb128 0x4
 318 002a 16       		.uleb128 0x16
 319 002b 00       		.byte	0
 320 002c 03       		.uleb128 0x3
 321 002d 0E       		.uleb128 0xe
 322 002e 3A       		.uleb128 0x3a
 323 002f 0B       		.uleb128 0xb
 324 0030 3B       		.uleb128 0x3b
 325 0031 05       		.uleb128 0x5
 326 0032 49       		.uleb128 0x49
 327 0033 13       		.uleb128 0x13
 328 0034 00       		.byte	0
 329 0035 00       		.byte	0
 330 0036 05       		.uleb128 0x5
 331 0037 35       		.uleb128 0x35
 332 0038 00       		.byte	0
 333 0039 49       		.uleb128 0x49
 334 003a 13       		.uleb128 0x13
 335 003b 00       		.byte	0
 336 003c 00       		.byte	0
 337 003d 06       		.uleb128 0x6
 338 003e 2E       		.uleb128 0x2e
 339 003f 01       		.byte	0x1
 340 0040 3F       		.uleb128 0x3f
ARM GAS  C:\Users\leoja\AppData\Local\Temp\ccsjIogk.s 			page 9


 341 0041 19       		.uleb128 0x19
 342 0042 03       		.uleb128 0x3
 343 0043 0E       		.uleb128 0xe
 344 0044 3A       		.uleb128 0x3a
 345 0045 0B       		.uleb128 0xb
 346 0046 3B       		.uleb128 0x3b
 347 0047 0B       		.uleb128 0xb
 348 0048 27       		.uleb128 0x27
 349 0049 19       		.uleb128 0x19
 350 004a 11       		.uleb128 0x11
 351 004b 01       		.uleb128 0x1
 352 004c 12       		.uleb128 0x12
 353 004d 06       		.uleb128 0x6
 354 004e 40       		.uleb128 0x40
 355 004f 18       		.uleb128 0x18
 356 0050 9742     		.uleb128 0x2117
 357 0052 19       		.uleb128 0x19
 358 0053 01       		.uleb128 0x1
 359 0054 13       		.uleb128 0x13
 360 0055 00       		.byte	0
 361 0056 00       		.byte	0
 362 0057 07       		.uleb128 0x7
 363 0058 05       		.uleb128 0x5
 364 0059 00       		.byte	0
 365 005a 03       		.uleb128 0x3
 366 005b 0E       		.uleb128 0xe
 367 005c 3A       		.uleb128 0x3a
 368 005d 0B       		.uleb128 0xb
 369 005e 3B       		.uleb128 0x3b
 370 005f 0B       		.uleb128 0xb
 371 0060 49       		.uleb128 0x49
 372 0061 13       		.uleb128 0x13
 373 0062 02       		.uleb128 0x2
 374 0063 17       		.uleb128 0x17
 375 0064 00       		.byte	0
 376 0065 00       		.byte	0
 377 0066 08       		.uleb128 0x8
 378 0067 34       		.uleb128 0x34
 379 0068 00       		.byte	0
 380 0069 03       		.uleb128 0x3
 381 006a 0E       		.uleb128 0xe
 382 006b 3A       		.uleb128 0x3a
 383 006c 0B       		.uleb128 0xb
 384 006d 3B       		.uleb128 0x3b
 385 006e 0B       		.uleb128 0xb
 386 006f 49       		.uleb128 0x49
 387 0070 13       		.uleb128 0x13
 388 0071 02       		.uleb128 0x2
 389 0072 18       		.uleb128 0x18
 390 0073 00       		.byte	0
 391 0074 00       		.byte	0
 392 0075 09       		.uleb128 0x9
 393 0076 2E       		.uleb128 0x2e
 394 0077 00       		.byte	0
 395 0078 3F       		.uleb128 0x3f
 396 0079 19       		.uleb128 0x19
 397 007a 03       		.uleb128 0x3
ARM GAS  C:\Users\leoja\AppData\Local\Temp\ccsjIogk.s 			page 10


 398 007b 0E       		.uleb128 0xe
 399 007c 3A       		.uleb128 0x3a
 400 007d 0B       		.uleb128 0xb
 401 007e 3B       		.uleb128 0x3b
 402 007f 0B       		.uleb128 0xb
 403 0080 27       		.uleb128 0x27
 404 0081 19       		.uleb128 0x19
 405 0082 49       		.uleb128 0x49
 406 0083 13       		.uleb128 0x13
 407 0084 11       		.uleb128 0x11
 408 0085 01       		.uleb128 0x1
 409 0086 12       		.uleb128 0x12
 410 0087 06       		.uleb128 0x6
 411 0088 40       		.uleb128 0x40
 412 0089 18       		.uleb128 0x18
 413 008a 9742     		.uleb128 0x2117
 414 008c 19       		.uleb128 0x19
 415 008d 00       		.byte	0
 416 008e 00       		.byte	0
 417 008f 00       		.byte	0
 418              		.section	.debug_loc,"",%progbits
 419              	.Ldebug_loc0:
 420              	.LLST0:
 421 0000 00000000 		.4byte	.LVL0
 422 0004 0A000000 		.4byte	.LVL2
 423 0008 0100     		.2byte	0x1
 424 000a 50       		.byte	0x50
 425 000b 0A000000 		.4byte	.LVL2
 426 000f 18000000 		.4byte	.LFE0
 427 0013 0400     		.2byte	0x4
 428 0015 F3       		.byte	0xf3
 429 0016 01       		.uleb128 0x1
 430 0017 50       		.byte	0x50
 431 0018 9F       		.byte	0x9f
 432 0019 00000000 		.4byte	0
 433 001d 00000000 		.4byte	0
 434              	.LLST1:
 435 0021 00000000 		.4byte	.LVL3
 436 0025 0C000000 		.4byte	.LVL4
 437 0029 0100     		.2byte	0x1
 438 002b 50       		.byte	0x50
 439 002c 0C000000 		.4byte	.LVL4
 440 0030 18000000 		.4byte	.LFE1
 441 0034 0400     		.2byte	0x4
 442 0036 F3       		.byte	0xf3
 443 0037 01       		.uleb128 0x1
 444 0038 50       		.byte	0x50
 445 0039 9F       		.byte	0x9f
 446 003a 00000000 		.4byte	0
 447 003e 00000000 		.4byte	0
 448              		.section	.debug_aranges,"",%progbits
 449 0000 34000000 		.4byte	0x34
 450 0004 0200     		.2byte	0x2
 451 0006 00000000 		.4byte	.Ldebug_info0
 452 000a 04       		.byte	0x4
 453 000b 00       		.byte	0
 454 000c 0000     		.2byte	0
ARM GAS  C:\Users\leoja\AppData\Local\Temp\ccsjIogk.s 			page 11


 455 000e 0000     		.2byte	0
 456 0010 00000000 		.4byte	.LFB0
 457 0014 18000000 		.4byte	.LFE0-.LFB0
 458 0018 00000000 		.4byte	.LFB1
 459 001c 18000000 		.4byte	.LFE1-.LFB1
 460 0020 00000000 		.4byte	.LFB2
 461 0024 10000000 		.4byte	.LFE2-.LFB2
 462 0028 00000000 		.4byte	.LFB3
 463 002c 10000000 		.4byte	.LFE3-.LFB3
 464 0030 00000000 		.4byte	0
 465 0034 00000000 		.4byte	0
 466              		.section	.debug_ranges,"",%progbits
 467              	.Ldebug_ranges0:
 468 0000 00000000 		.4byte	.LFB0
 469 0004 18000000 		.4byte	.LFE0
 470 0008 00000000 		.4byte	.LFB1
 471 000c 18000000 		.4byte	.LFE1
 472 0010 00000000 		.4byte	.LFB2
 473 0014 10000000 		.4byte	.LFE2
 474 0018 00000000 		.4byte	.LFB3
 475 001c 10000000 		.4byte	.LFE3
 476 0020 00000000 		.4byte	0
 477 0024 00000000 		.4byte	0
 478              		.section	.debug_line,"",%progbits
 479              	.Ldebug_line0:
 480 0000 8F000000 		.section	.debug_str,"MS",%progbits,1
 480      02004300 
 480      00000201 
 480      FB0E0D00 
 480      01010101 
 481              	.LASF6:
 482 0000 6C6F6E67 		.ascii	"long long int\000"
 482      206C6F6E 
 482      6720696E 
 482      7400
 483              	.LASF15:
 484 000e 52474233 		.ascii	"RGB3_1_SetDriveMode\000"
 484      5F315F53 
 484      65744472 
 484      6976654D 
 484      6F646500 
 485              	.LASF16:
 486 0022 76616C75 		.ascii	"value\000"
 486      6500
 487              	.LASF23:
 488 0028 73746174 		.ascii	"staticBits\000"
 488      69634269 
 488      747300
 489              	.LASF9:
 490 0033 666C6F61 		.ascii	"float\000"
 490      7400
 491              	.LASF1:
 492 0039 756E7369 		.ascii	"unsigned char\000"
 492      676E6564 
 492      20636861 
 492      7200
 493              	.LASF20:
ARM GAS  C:\Users\leoja\AppData\Local\Temp\ccsjIogk.s 			page 12


 494 0047 474E5520 		.ascii	"GNU C11 5.4.1 20160609 (release) [ARM/embedded-5-br"
 494      43313120 
 494      352E342E 
 494      31203230 
 494      31363036 
 495 007a 616E6368 		.ascii	"anch revision 237715] -mcpu=cortex-m3 -mthumb -g -O"
 495      20726576 
 495      6973696F 
 495      6E203233 
 495      37373135 
 496 00ad 67202D66 		.ascii	"g -ffunction-sections -ffat-lto-objects\000"
 496      66756E63 
 496      74696F6E 
 496      2D736563 
 496      74696F6E 
 497              	.LASF13:
 498 00d5 72656738 		.ascii	"reg8\000"
 498      00
 499              	.LASF5:
 500 00da 6C6F6E67 		.ascii	"long unsigned int\000"
 500      20756E73 
 500      69676E65 
 500      6420696E 
 500      7400
 501              	.LASF3:
 502 00ec 73686F72 		.ascii	"short unsigned int\000"
 502      7420756E 
 502      7369676E 
 502      65642069 
 502      6E7400
 503              	.LASF10:
 504 00ff 646F7562 		.ascii	"double\000"
 504      6C6500
 505              	.LASF19:
 506 0106 52474233 		.ascii	"RGB3_1_ReadDataReg\000"
 506      5F315F52 
 506      65616444 
 506      61746152 
 506      656700
 507              	.LASF18:
 508 0119 52474233 		.ascii	"RGB3_1_Read\000"
 508      5F315F52 
 508      65616400 
 509              	.LASF21:
 510 0125 47656E65 		.ascii	"Generated_Source\\PSoC5\\RGB3_1.c\000"
 510      72617465 
 510      645F536F 
 510      75726365 
 510      5C50536F 
 511              	.LASF8:
 512 0145 756E7369 		.ascii	"unsigned int\000"
 512      676E6564 
 512      20696E74 
 512      00
 513              	.LASF14:
 514 0152 52474233 		.ascii	"RGB3_1_Write\000"
 514      5F315F57 
ARM GAS  C:\Users\leoja\AppData\Local\Temp\ccsjIogk.s 			page 13


 514      72697465 
 514      00
 515              	.LASF7:
 516 015f 6C6F6E67 		.ascii	"long long unsigned int\000"
 516      206C6F6E 
 516      6720756E 
 516      7369676E 
 516      65642069 
 517              	.LASF17:
 518 0176 6D6F6465 		.ascii	"mode\000"
 518      00
 519              	.LASF22:
 520 017b 433A5C55 		.ascii	"C:\\Users\\leoja\\Documents\\GitHub\\Dashboard-Firm"
 520      73657273 
 520      5C6C656F 
 520      6A615C44 
 520      6F63756D 
 521 01a9 77617265 		.ascii	"ware-FE9-FE7-Board\\Dashboard.cydsn\000"
 521      2D464539 
 521      2D464537 
 521      2D426F61 
 521      72645C44 
 522              	.LASF11:
 523 01cc 63686172 		.ascii	"char\000"
 523      00
 524              	.LASF2:
 525 01d1 73686F72 		.ascii	"short int\000"
 525      7420696E 
 525      7400
 526              	.LASF12:
 527 01db 75696E74 		.ascii	"uint8\000"
 527      3800
 528              	.LASF4:
 529 01e1 6C6F6E67 		.ascii	"long int\000"
 529      20696E74 
 529      00
 530              	.LASF0:
 531 01ea 7369676E 		.ascii	"signed char\000"
 531      65642063 
 531      68617200 
 532              		.ident	"GCC: (GNU Tools for ARM Embedded Processors) 5.4.1 20160609 (release) [ARM/embedded-5-bran
