ARM GAS  C:\Users\ANDREY~1\AppData\Local\Temp\ccXLleqs.s 			page 1


   1              		.syntax unified
   2              		.cpu cortex-m3
   3              		.fpu softvfp
   4              		.eabi_attribute 20, 1
   5              		.eabi_attribute 21, 1
   6              		.eabi_attribute 23, 3
   7              		.eabi_attribute 24, 1
   8              		.eabi_attribute 25, 1
   9              		.eabi_attribute 26, 1
  10              		.eabi_attribute 30, 1
  11              		.eabi_attribute 34, 1
  12              		.eabi_attribute 18, 4
  13              		.thumb
  14              		.syntax unified
  15              		.file	"WDT_Timer_PM.c"
  16              		.text
  17              	.Ltext0:
  18              		.cfi_sections	.debug_frame
  19              		.section	.text.WDT_Timer_SaveConfig,"ax",%progbits
  20              		.align	2
  21              		.global	WDT_Timer_SaveConfig
  22              		.thumb
  23              		.thumb_func
  24              		.type	WDT_Timer_SaveConfig, %function
  25              	WDT_Timer_SaveConfig:
  26              	.LFB0:
  27              		.file 1 "Generated_Source\\PSoC5\\WDT_Timer_PM.c"
   1:Generated_Source\PSoC5/WDT_Timer_PM.c **** /*******************************************************************************
   2:Generated_Source\PSoC5/WDT_Timer_PM.c **** * File Name: WDT_Timer_PM.c
   3:Generated_Source\PSoC5/WDT_Timer_PM.c **** * Version 2.80
   4:Generated_Source\PSoC5/WDT_Timer_PM.c **** *
   5:Generated_Source\PSoC5/WDT_Timer_PM.c **** *  Description:
   6:Generated_Source\PSoC5/WDT_Timer_PM.c **** *     This file provides the power management source code to API for the
   7:Generated_Source\PSoC5/WDT_Timer_PM.c **** *     Timer.
   8:Generated_Source\PSoC5/WDT_Timer_PM.c **** *
   9:Generated_Source\PSoC5/WDT_Timer_PM.c **** *   Note:
  10:Generated_Source\PSoC5/WDT_Timer_PM.c **** *     None
  11:Generated_Source\PSoC5/WDT_Timer_PM.c **** *
  12:Generated_Source\PSoC5/WDT_Timer_PM.c **** *******************************************************************************
  13:Generated_Source\PSoC5/WDT_Timer_PM.c **** * Copyright 2008-2017, Cypress Semiconductor Corporation.  All rights reserved.
  14:Generated_Source\PSoC5/WDT_Timer_PM.c **** * You may use this file only in accordance with the license, terms, conditions,
  15:Generated_Source\PSoC5/WDT_Timer_PM.c **** * disclaimers, and limitations in the end user license agreement accompanying
  16:Generated_Source\PSoC5/WDT_Timer_PM.c **** * the software package with which this file was provided.
  17:Generated_Source\PSoC5/WDT_Timer_PM.c **** ********************************************************************************/
  18:Generated_Source\PSoC5/WDT_Timer_PM.c **** 
  19:Generated_Source\PSoC5/WDT_Timer_PM.c **** #include "WDT_Timer.h"
  20:Generated_Source\PSoC5/WDT_Timer_PM.c **** 
  21:Generated_Source\PSoC5/WDT_Timer_PM.c **** static WDT_Timer_backupStruct WDT_Timer_backup;
  22:Generated_Source\PSoC5/WDT_Timer_PM.c **** 
  23:Generated_Source\PSoC5/WDT_Timer_PM.c **** 
  24:Generated_Source\PSoC5/WDT_Timer_PM.c **** /*******************************************************************************
  25:Generated_Source\PSoC5/WDT_Timer_PM.c **** * Function Name: WDT_Timer_SaveConfig
  26:Generated_Source\PSoC5/WDT_Timer_PM.c **** ********************************************************************************
  27:Generated_Source\PSoC5/WDT_Timer_PM.c **** *
  28:Generated_Source\PSoC5/WDT_Timer_PM.c **** * Summary:
  29:Generated_Source\PSoC5/WDT_Timer_PM.c **** *     Save the current user configuration
  30:Generated_Source\PSoC5/WDT_Timer_PM.c **** *
ARM GAS  C:\Users\ANDREY~1\AppData\Local\Temp\ccXLleqs.s 			page 2


  31:Generated_Source\PSoC5/WDT_Timer_PM.c **** * Parameters:
  32:Generated_Source\PSoC5/WDT_Timer_PM.c **** *  void
  33:Generated_Source\PSoC5/WDT_Timer_PM.c **** *
  34:Generated_Source\PSoC5/WDT_Timer_PM.c **** * Return:
  35:Generated_Source\PSoC5/WDT_Timer_PM.c **** *  void
  36:Generated_Source\PSoC5/WDT_Timer_PM.c **** *
  37:Generated_Source\PSoC5/WDT_Timer_PM.c **** * Global variables:
  38:Generated_Source\PSoC5/WDT_Timer_PM.c **** *  WDT_Timer_backup:  Variables of this global structure are modified to
  39:Generated_Source\PSoC5/WDT_Timer_PM.c **** *  store the values of non retention configuration registers when Sleep() API is
  40:Generated_Source\PSoC5/WDT_Timer_PM.c **** *  called.
  41:Generated_Source\PSoC5/WDT_Timer_PM.c **** *
  42:Generated_Source\PSoC5/WDT_Timer_PM.c **** *******************************************************************************/
  43:Generated_Source\PSoC5/WDT_Timer_PM.c **** void WDT_Timer_SaveConfig(void) 
  44:Generated_Source\PSoC5/WDT_Timer_PM.c **** {
  28              		.loc 1 44 0
  29              		.cfi_startproc
  30              		@ args = 0, pretend = 0, frame = 0
  31              		@ frame_needed = 0, uses_anonymous_args = 0
  32 0000 10B5     		push	{r4, lr}
  33              		.cfi_def_cfa_offset 8
  34              		.cfi_offset 4, -8
  35              		.cfi_offset 14, -4
  45:Generated_Source\PSoC5/WDT_Timer_PM.c ****     #if (!WDT_Timer_UsingFixedFunction)
  46:Generated_Source\PSoC5/WDT_Timer_PM.c ****         WDT_Timer_backup.TimerUdb = WDT_Timer_ReadCounter();
  36              		.loc 1 46 0
  37 0002 FFF7FEFF 		bl	WDT_Timer_ReadCounter
  38              	.LVL0:
  39 0006 044C     		ldr	r4, .L3
  40 0008 6060     		str	r0, [r4, #4]
  47:Generated_Source\PSoC5/WDT_Timer_PM.c ****         WDT_Timer_backup.InterruptMaskValue = WDT_Timer_STATUS_MASK;
  41              		.loc 1 47 0
  42 000a 044B     		ldr	r3, .L3+4
  43 000c 1B78     		ldrb	r3, [r3]	@ zero_extendqisi2
  44 000e 2372     		strb	r3, [r4, #8]
  48:Generated_Source\PSoC5/WDT_Timer_PM.c ****         #if (WDT_Timer_UsingHWCaptureCounter)
  49:Generated_Source\PSoC5/WDT_Timer_PM.c ****             WDT_Timer_backup.TimerCaptureCounter = WDT_Timer_ReadCaptureCount();
  50:Generated_Source\PSoC5/WDT_Timer_PM.c ****         #endif /* Back Up capture counter register  */
  51:Generated_Source\PSoC5/WDT_Timer_PM.c **** 
  52:Generated_Source\PSoC5/WDT_Timer_PM.c ****         #if(!WDT_Timer_UDB_CONTROL_REG_REMOVED)
  53:Generated_Source\PSoC5/WDT_Timer_PM.c ****             WDT_Timer_backup.TimerControlRegister = WDT_Timer_ReadControlRegister();
  45              		.loc 1 53 0
  46 0010 FFF7FEFF 		bl	WDT_Timer_ReadControlRegister
  47              	.LVL1:
  48 0014 6072     		strb	r0, [r4, #9]
  49 0016 10BD     		pop	{r4, pc}
  50              	.L4:
  51              		.align	2
  52              	.L3:
  53 0018 00000000 		.word	.LANCHOR0
  54 001c 87650040 		.word	1073767815
  55              		.cfi_endproc
  56              	.LFE0:
  57              		.size	WDT_Timer_SaveConfig, .-WDT_Timer_SaveConfig
  58              		.section	.text.WDT_Timer_RestoreConfig,"ax",%progbits
  59              		.align	2
  60              		.global	WDT_Timer_RestoreConfig
  61              		.thumb
ARM GAS  C:\Users\ANDREY~1\AppData\Local\Temp\ccXLleqs.s 			page 3


  62              		.thumb_func
  63              		.type	WDT_Timer_RestoreConfig, %function
  64              	WDT_Timer_RestoreConfig:
  65              	.LFB1:
  54:Generated_Source\PSoC5/WDT_Timer_PM.c ****         #endif /* Backup the enable state of the Timer component */
  55:Generated_Source\PSoC5/WDT_Timer_PM.c ****     #endif /* Backup non retention registers in UDB implementation. All fixed function registers ar
  56:Generated_Source\PSoC5/WDT_Timer_PM.c **** }
  57:Generated_Source\PSoC5/WDT_Timer_PM.c **** 
  58:Generated_Source\PSoC5/WDT_Timer_PM.c **** 
  59:Generated_Source\PSoC5/WDT_Timer_PM.c **** /*******************************************************************************
  60:Generated_Source\PSoC5/WDT_Timer_PM.c **** * Function Name: WDT_Timer_RestoreConfig
  61:Generated_Source\PSoC5/WDT_Timer_PM.c **** ********************************************************************************
  62:Generated_Source\PSoC5/WDT_Timer_PM.c **** *
  63:Generated_Source\PSoC5/WDT_Timer_PM.c **** * Summary:
  64:Generated_Source\PSoC5/WDT_Timer_PM.c **** *  Restores the current user configuration.
  65:Generated_Source\PSoC5/WDT_Timer_PM.c **** *
  66:Generated_Source\PSoC5/WDT_Timer_PM.c **** * Parameters:
  67:Generated_Source\PSoC5/WDT_Timer_PM.c **** *  void
  68:Generated_Source\PSoC5/WDT_Timer_PM.c **** *
  69:Generated_Source\PSoC5/WDT_Timer_PM.c **** * Return:
  70:Generated_Source\PSoC5/WDT_Timer_PM.c **** *  void
  71:Generated_Source\PSoC5/WDT_Timer_PM.c **** *
  72:Generated_Source\PSoC5/WDT_Timer_PM.c **** * Global variables:
  73:Generated_Source\PSoC5/WDT_Timer_PM.c **** *  WDT_Timer_backup:  Variables of this global structure are used to
  74:Generated_Source\PSoC5/WDT_Timer_PM.c **** *  restore the values of non retention registers on wakeup from sleep mode.
  75:Generated_Source\PSoC5/WDT_Timer_PM.c **** *
  76:Generated_Source\PSoC5/WDT_Timer_PM.c **** *******************************************************************************/
  77:Generated_Source\PSoC5/WDT_Timer_PM.c **** void WDT_Timer_RestoreConfig(void) 
  78:Generated_Source\PSoC5/WDT_Timer_PM.c **** {   
  66              		.loc 1 78 0
  67              		.cfi_startproc
  68              		@ args = 0, pretend = 0, frame = 0
  69              		@ frame_needed = 0, uses_anonymous_args = 0
  70 0000 10B5     		push	{r4, lr}
  71              		.cfi_def_cfa_offset 8
  72              		.cfi_offset 4, -8
  73              		.cfi_offset 14, -4
  79:Generated_Source\PSoC5/WDT_Timer_PM.c ****     #if (!WDT_Timer_UsingFixedFunction)
  80:Generated_Source\PSoC5/WDT_Timer_PM.c **** 
  81:Generated_Source\PSoC5/WDT_Timer_PM.c ****         WDT_Timer_WriteCounter(WDT_Timer_backup.TimerUdb);
  74              		.loc 1 81 0
  75 0002 054C     		ldr	r4, .L7
  76 0004 6068     		ldr	r0, [r4, #4]
  77 0006 FFF7FEFF 		bl	WDT_Timer_WriteCounter
  78              	.LVL2:
  82:Generated_Source\PSoC5/WDT_Timer_PM.c ****         WDT_Timer_STATUS_MASK =WDT_Timer_backup.InterruptMaskValue;
  79              		.loc 1 82 0
  80 000a 227A     		ldrb	r2, [r4, #8]	@ zero_extendqisi2
  81 000c 034B     		ldr	r3, .L7+4
  82 000e 1A70     		strb	r2, [r3]
  83:Generated_Source\PSoC5/WDT_Timer_PM.c ****         #if (WDT_Timer_UsingHWCaptureCounter)
  84:Generated_Source\PSoC5/WDT_Timer_PM.c ****             WDT_Timer_SetCaptureCount(WDT_Timer_backup.TimerCaptureCounter);
  85:Generated_Source\PSoC5/WDT_Timer_PM.c ****         #endif /* Restore Capture counter register*/
  86:Generated_Source\PSoC5/WDT_Timer_PM.c **** 
  87:Generated_Source\PSoC5/WDT_Timer_PM.c ****         #if(!WDT_Timer_UDB_CONTROL_REG_REMOVED)
  88:Generated_Source\PSoC5/WDT_Timer_PM.c ****             WDT_Timer_WriteControlRegister(WDT_Timer_backup.TimerControlRegister);
  83              		.loc 1 88 0
ARM GAS  C:\Users\ANDREY~1\AppData\Local\Temp\ccXLleqs.s 			page 4


  84 0010 607A     		ldrb	r0, [r4, #9]	@ zero_extendqisi2
  85 0012 FFF7FEFF 		bl	WDT_Timer_WriteControlRegister
  86              	.LVL3:
  87 0016 10BD     		pop	{r4, pc}
  88              	.L8:
  89              		.align	2
  90              	.L7:
  91 0018 00000000 		.word	.LANCHOR0
  92 001c 87650040 		.word	1073767815
  93              		.cfi_endproc
  94              	.LFE1:
  95              		.size	WDT_Timer_RestoreConfig, .-WDT_Timer_RestoreConfig
  96              		.section	.text.WDT_Timer_Sleep,"ax",%progbits
  97              		.align	2
  98              		.global	WDT_Timer_Sleep
  99              		.thumb
 100              		.thumb_func
 101              		.type	WDT_Timer_Sleep, %function
 102              	WDT_Timer_Sleep:
 103              	.LFB2:
  89:Generated_Source\PSoC5/WDT_Timer_PM.c ****         #endif /* Restore the enable state of the Timer component */
  90:Generated_Source\PSoC5/WDT_Timer_PM.c ****     #endif /* Restore non retention registers in the UDB implementation only */
  91:Generated_Source\PSoC5/WDT_Timer_PM.c **** }
  92:Generated_Source\PSoC5/WDT_Timer_PM.c **** 
  93:Generated_Source\PSoC5/WDT_Timer_PM.c **** 
  94:Generated_Source\PSoC5/WDT_Timer_PM.c **** /*******************************************************************************
  95:Generated_Source\PSoC5/WDT_Timer_PM.c **** * Function Name: WDT_Timer_Sleep
  96:Generated_Source\PSoC5/WDT_Timer_PM.c **** ********************************************************************************
  97:Generated_Source\PSoC5/WDT_Timer_PM.c **** *
  98:Generated_Source\PSoC5/WDT_Timer_PM.c **** * Summary:
  99:Generated_Source\PSoC5/WDT_Timer_PM.c **** *     Stop and Save the user configuration
 100:Generated_Source\PSoC5/WDT_Timer_PM.c **** *
 101:Generated_Source\PSoC5/WDT_Timer_PM.c **** * Parameters:
 102:Generated_Source\PSoC5/WDT_Timer_PM.c **** *  void
 103:Generated_Source\PSoC5/WDT_Timer_PM.c **** *
 104:Generated_Source\PSoC5/WDT_Timer_PM.c **** * Return:
 105:Generated_Source\PSoC5/WDT_Timer_PM.c **** *  void
 106:Generated_Source\PSoC5/WDT_Timer_PM.c **** *
 107:Generated_Source\PSoC5/WDT_Timer_PM.c **** * Global variables:
 108:Generated_Source\PSoC5/WDT_Timer_PM.c **** *  WDT_Timer_backup.TimerEnableState:  Is modified depending on the
 109:Generated_Source\PSoC5/WDT_Timer_PM.c **** *  enable state of the block before entering sleep mode.
 110:Generated_Source\PSoC5/WDT_Timer_PM.c **** *
 111:Generated_Source\PSoC5/WDT_Timer_PM.c **** *******************************************************************************/
 112:Generated_Source\PSoC5/WDT_Timer_PM.c **** void WDT_Timer_Sleep(void) 
 113:Generated_Source\PSoC5/WDT_Timer_PM.c **** {
 104              		.loc 1 113 0
 105              		.cfi_startproc
 106              		@ args = 0, pretend = 0, frame = 0
 107              		@ frame_needed = 0, uses_anonymous_args = 0
 108 0000 08B5     		push	{r3, lr}
 109              		.cfi_def_cfa_offset 8
 110              		.cfi_offset 3, -8
 111              		.cfi_offset 14, -4
 114:Generated_Source\PSoC5/WDT_Timer_PM.c ****     #if(!WDT_Timer_UDB_CONTROL_REG_REMOVED)
 115:Generated_Source\PSoC5/WDT_Timer_PM.c ****         /* Save Counter's enable state */
 116:Generated_Source\PSoC5/WDT_Timer_PM.c ****         if(WDT_Timer_CTRL_ENABLE == (WDT_Timer_CONTROL & WDT_Timer_CTRL_ENABLE))
 112              		.loc 1 116 0
ARM GAS  C:\Users\ANDREY~1\AppData\Local\Temp\ccXLleqs.s 			page 5


 113 0002 084B     		ldr	r3, .L13
 114 0004 1B78     		ldrb	r3, [r3]	@ zero_extendqisi2
 115 0006 13F0800F 		tst	r3, #128
 116 000a 03D0     		beq	.L10
 117:Generated_Source\PSoC5/WDT_Timer_PM.c ****         {
 118:Generated_Source\PSoC5/WDT_Timer_PM.c ****             /* Timer is enabled */
 119:Generated_Source\PSoC5/WDT_Timer_PM.c ****             WDT_Timer_backup.TimerEnableState = 1u;
 117              		.loc 1 119 0
 118 000c 0122     		movs	r2, #1
 119 000e 064B     		ldr	r3, .L13+4
 120 0010 1A70     		strb	r2, [r3]
 121 0012 02E0     		b	.L11
 122              	.L10:
 120:Generated_Source\PSoC5/WDT_Timer_PM.c ****         }
 121:Generated_Source\PSoC5/WDT_Timer_PM.c ****         else
 122:Generated_Source\PSoC5/WDT_Timer_PM.c ****         {
 123:Generated_Source\PSoC5/WDT_Timer_PM.c ****             /* Timer is disabled */
 124:Generated_Source\PSoC5/WDT_Timer_PM.c ****             WDT_Timer_backup.TimerEnableState = 0u;
 123              		.loc 1 124 0
 124 0014 0022     		movs	r2, #0
 125 0016 044B     		ldr	r3, .L13+4
 126 0018 1A70     		strb	r2, [r3]
 127              	.L11:
 125:Generated_Source\PSoC5/WDT_Timer_PM.c ****         }
 126:Generated_Source\PSoC5/WDT_Timer_PM.c ****     #endif /* Back up enable state from the Timer control register */
 127:Generated_Source\PSoC5/WDT_Timer_PM.c ****     WDT_Timer_Stop();
 128              		.loc 1 127 0
 129 001a FFF7FEFF 		bl	WDT_Timer_Stop
 130              	.LVL4:
 128:Generated_Source\PSoC5/WDT_Timer_PM.c ****     WDT_Timer_SaveConfig();
 131              		.loc 1 128 0
 132 001e FFF7FEFF 		bl	WDT_Timer_SaveConfig
 133              	.LVL5:
 134 0022 08BD     		pop	{r3, pc}
 135              	.L14:
 136              		.align	2
 137              	.L13:
 138 0024 75650040 		.word	1073767797
 139 0028 00000000 		.word	.LANCHOR0
 140              		.cfi_endproc
 141              	.LFE2:
 142              		.size	WDT_Timer_Sleep, .-WDT_Timer_Sleep
 143              		.section	.text.WDT_Timer_Wakeup,"ax",%progbits
 144              		.align	2
 145              		.global	WDT_Timer_Wakeup
 146              		.thumb
 147              		.thumb_func
 148              		.type	WDT_Timer_Wakeup, %function
 149              	WDT_Timer_Wakeup:
 150              	.LFB3:
 129:Generated_Source\PSoC5/WDT_Timer_PM.c **** }
 130:Generated_Source\PSoC5/WDT_Timer_PM.c **** 
 131:Generated_Source\PSoC5/WDT_Timer_PM.c **** 
 132:Generated_Source\PSoC5/WDT_Timer_PM.c **** /*******************************************************************************
 133:Generated_Source\PSoC5/WDT_Timer_PM.c **** * Function Name: WDT_Timer_Wakeup
 134:Generated_Source\PSoC5/WDT_Timer_PM.c **** ********************************************************************************
 135:Generated_Source\PSoC5/WDT_Timer_PM.c **** *
ARM GAS  C:\Users\ANDREY~1\AppData\Local\Temp\ccXLleqs.s 			page 6


 136:Generated_Source\PSoC5/WDT_Timer_PM.c **** * Summary:
 137:Generated_Source\PSoC5/WDT_Timer_PM.c **** *  Restores and enables the user configuration
 138:Generated_Source\PSoC5/WDT_Timer_PM.c **** *
 139:Generated_Source\PSoC5/WDT_Timer_PM.c **** * Parameters:
 140:Generated_Source\PSoC5/WDT_Timer_PM.c **** *  void
 141:Generated_Source\PSoC5/WDT_Timer_PM.c **** *
 142:Generated_Source\PSoC5/WDT_Timer_PM.c **** * Return:
 143:Generated_Source\PSoC5/WDT_Timer_PM.c **** *  void
 144:Generated_Source\PSoC5/WDT_Timer_PM.c **** *
 145:Generated_Source\PSoC5/WDT_Timer_PM.c **** * Global variables:
 146:Generated_Source\PSoC5/WDT_Timer_PM.c **** *  WDT_Timer_backup.enableState:  Is used to restore the enable state of
 147:Generated_Source\PSoC5/WDT_Timer_PM.c **** *  block on wakeup from sleep mode.
 148:Generated_Source\PSoC5/WDT_Timer_PM.c **** *
 149:Generated_Source\PSoC5/WDT_Timer_PM.c **** *******************************************************************************/
 150:Generated_Source\PSoC5/WDT_Timer_PM.c **** void WDT_Timer_Wakeup(void) 
 151:Generated_Source\PSoC5/WDT_Timer_PM.c **** {
 151              		.loc 1 151 0
 152              		.cfi_startproc
 153              		@ args = 0, pretend = 0, frame = 0
 154              		@ frame_needed = 0, uses_anonymous_args = 0
 155 0000 08B5     		push	{r3, lr}
 156              		.cfi_def_cfa_offset 8
 157              		.cfi_offset 3, -8
 158              		.cfi_offset 14, -4
 152:Generated_Source\PSoC5/WDT_Timer_PM.c ****     WDT_Timer_RestoreConfig();
 159              		.loc 1 152 0
 160 0002 FFF7FEFF 		bl	WDT_Timer_RestoreConfig
 161              	.LVL6:
 153:Generated_Source\PSoC5/WDT_Timer_PM.c ****     #if(!WDT_Timer_UDB_CONTROL_REG_REMOVED)
 154:Generated_Source\PSoC5/WDT_Timer_PM.c ****         if(WDT_Timer_backup.TimerEnableState == 1u)
 162              		.loc 1 154 0
 163 0006 034B     		ldr	r3, .L18
 164 0008 1B78     		ldrb	r3, [r3]	@ zero_extendqisi2
 165 000a 012B     		cmp	r3, #1
 166 000c 01D1     		bne	.L15
 155:Generated_Source\PSoC5/WDT_Timer_PM.c ****         {     /* Enable Timer's operation */
 156:Generated_Source\PSoC5/WDT_Timer_PM.c ****                 WDT_Timer_Enable();
 167              		.loc 1 156 0
 168 000e FFF7FEFF 		bl	WDT_Timer_Enable
 169              	.LVL7:
 170              	.L15:
 171 0012 08BD     		pop	{r3, pc}
 172              	.L19:
 173              		.align	2
 174              	.L18:
 175 0014 00000000 		.word	.LANCHOR0
 176              		.cfi_endproc
 177              	.LFE3:
 178              		.size	WDT_Timer_Wakeup, .-WDT_Timer_Wakeup
 179              		.bss
 180              		.align	2
 181              		.set	.LANCHOR0,. + 0
 182              		.type	WDT_Timer_backup, %object
 183              		.size	WDT_Timer_backup, 12
 184              	WDT_Timer_backup:
 185 0000 00000000 		.space	12
 185      00000000 
ARM GAS  C:\Users\ANDREY~1\AppData\Local\Temp\ccXLleqs.s 			page 7


 185      00000000 
 186              		.text
 187              	.Letext0:
 188              		.file 2 "Generated_Source\\PSoC5\\cytypes.h"
 189              		.file 3 "Generated_Source\\PSoC5\\WDT_Timer.h"
 190              		.section	.debug_info,"",%progbits
 191              	.Ldebug_info0:
 192 0000 EB010000 		.4byte	0x1eb
 193 0004 0400     		.2byte	0x4
 194 0006 00000000 		.4byte	.Ldebug_abbrev0
 195 000a 04       		.byte	0x4
 196 000b 01       		.uleb128 0x1
 197 000c DD010000 		.4byte	.LASF32
 198 0010 0C       		.byte	0xc
 199 0011 57010000 		.4byte	.LASF33
 200 0015 7D010000 		.4byte	.LASF34
 201 0019 00000000 		.4byte	.Ldebug_ranges0+0
 202 001d 00000000 		.4byte	0
 203 0021 00000000 		.4byte	.Ldebug_line0
 204 0025 02       		.uleb128 0x2
 205 0026 01       		.byte	0x1
 206 0027 06       		.byte	0x6
 207 0028 C7020000 		.4byte	.LASF0
 208 002c 02       		.uleb128 0x2
 209 002d 01       		.byte	0x1
 210 002e 08       		.byte	0x8
 211 002f 9F000000 		.4byte	.LASF1
 212 0033 02       		.uleb128 0x2
 213 0034 02       		.byte	0x2
 214 0035 05       		.byte	0x5
 215 0036 97020000 		.4byte	.LASF2
 216 003a 02       		.uleb128 0x2
 217 003b 02       		.byte	0x2
 218 003c 07       		.byte	0x7
 219 003d 4E000000 		.4byte	.LASF3
 220 0041 02       		.uleb128 0x2
 221 0042 04       		.byte	0x4
 222 0043 05       		.byte	0x5
 223 0044 B2020000 		.4byte	.LASF4
 224 0048 02       		.uleb128 0x2
 225 0049 04       		.byte	0x4
 226 004a 07       		.byte	0x7
 227 004b C1000000 		.4byte	.LASF5
 228 004f 02       		.uleb128 0x2
 229 0050 08       		.byte	0x8
 230 0051 05       		.byte	0x5
 231 0052 84020000 		.4byte	.LASF6
 232 0056 02       		.uleb128 0x2
 233 0057 08       		.byte	0x8
 234 0058 07       		.byte	0x7
 235 0059 40010000 		.4byte	.LASF7
 236 005d 03       		.uleb128 0x3
 237 005e 04       		.byte	0x4
 238 005f 05       		.byte	0x5
 239 0060 696E7400 		.ascii	"int\000"
 240 0064 02       		.uleb128 0x2
 241 0065 04       		.byte	0x4
ARM GAS  C:\Users\ANDREY~1\AppData\Local\Temp\ccXLleqs.s 			page 8


 242 0066 07       		.byte	0x7
 243 0067 33010000 		.4byte	.LASF8
 244 006b 04       		.uleb128 0x4
 245 006c D3000000 		.4byte	.LASF9
 246 0070 02       		.byte	0x2
 247 0071 3801     		.2byte	0x138
 248 0073 2C000000 		.4byte	0x2c
 249 0077 04       		.uleb128 0x4
 250 0078 2C010000 		.4byte	.LASF10
 251 007c 02       		.byte	0x2
 252 007d 3A01     		.2byte	0x13a
 253 007f 48000000 		.4byte	0x48
 254 0083 02       		.uleb128 0x2
 255 0084 04       		.byte	0x4
 256 0085 04       		.byte	0x4
 257 0086 99000000 		.4byte	.LASF11
 258 008a 02       		.uleb128 0x2
 259 008b 08       		.byte	0x8
 260 008c 04       		.byte	0x4
 261 008d 72000000 		.4byte	.LASF12
 262 0091 02       		.uleb128 0x2
 263 0092 01       		.byte	0x1
 264 0093 08       		.byte	0x8
 265 0094 92020000 		.4byte	.LASF13
 266 0098 04       		.uleb128 0x4
 267 0099 BC000000 		.4byte	.LASF14
 268 009d 02       		.byte	0x2
 269 009e E201     		.2byte	0x1e2
 270 00a0 A4000000 		.4byte	0xa4
 271 00a4 05       		.uleb128 0x5
 272 00a5 6B000000 		.4byte	0x6b
 273 00a9 02       		.uleb128 0x2
 274 00aa 08       		.byte	0x8
 275 00ab 04       		.byte	0x4
 276 00ac BB020000 		.4byte	.LASF15
 277 00b0 02       		.uleb128 0x2
 278 00b1 04       		.byte	0x4
 279 00b2 07       		.byte	0x7
 280 00b3 6B020000 		.4byte	.LASF16
 281 00b7 06       		.uleb128 0x6
 282 00b8 0C       		.byte	0xc
 283 00b9 03       		.byte	0x3
 284 00ba 43       		.byte	0x43
 285 00bb F0000000 		.4byte	0xf0
 286 00bf 07       		.uleb128 0x7
 287 00c0 1E000000 		.4byte	.LASF17
 288 00c4 03       		.byte	0x3
 289 00c5 45       		.byte	0x45
 290 00c6 6B000000 		.4byte	0x6b
 291 00ca 00       		.byte	0
 292 00cb 07       		.uleb128 0x7
 293 00cc 79000000 		.4byte	.LASF18
 294 00d0 03       		.byte	0x3
 295 00d1 48       		.byte	0x48
 296 00d2 77000000 		.4byte	0x77
 297 00d6 04       		.byte	0x4
 298 00d7 07       		.uleb128 0x7
ARM GAS  C:\Users\ANDREY~1\AppData\Local\Temp\ccXLleqs.s 			page 9


 299 00d8 D3020000 		.4byte	.LASF19
 300 00dc 03       		.byte	0x3
 301 00dd 49       		.byte	0x49
 302 00de 6B000000 		.4byte	0x6b
 303 00e2 08       		.byte	0x8
 304 00e3 07       		.uleb128 0x7
 305 00e4 E6020000 		.4byte	.LASF20
 306 00e8 03       		.byte	0x3
 307 00e9 4F       		.byte	0x4f
 308 00ea 6B000000 		.4byte	0x6b
 309 00ee 09       		.byte	0x9
 310 00ef 00       		.byte	0
 311 00f0 08       		.uleb128 0x8
 312 00f1 82000000 		.4byte	.LASF21
 313 00f5 03       		.byte	0x3
 314 00f6 53       		.byte	0x53
 315 00f7 B7000000 		.4byte	0xb7
 316 00fb 09       		.uleb128 0x9
 317 00fc 01010000 		.4byte	.LASF22
 318 0100 01       		.byte	0x1
 319 0101 2B       		.byte	0x2b
 320 0102 00000000 		.4byte	.LFB0
 321 0106 20000000 		.4byte	.LFE0-.LFB0
 322 010a 01       		.uleb128 0x1
 323 010b 9C       		.byte	0x9c
 324 010c 23010000 		.4byte	0x123
 325 0110 0A       		.uleb128 0xa
 326 0111 06000000 		.4byte	.LVL0
 327 0115 AC010000 		.4byte	0x1ac
 328 0119 0A       		.uleb128 0xa
 329 011a 14000000 		.4byte	.LVL1
 330 011e B7010000 		.4byte	0x1b7
 331 0122 00       		.byte	0
 332 0123 09       		.uleb128 0x9
 333 0124 C5010000 		.4byte	.LASF23
 334 0128 01       		.byte	0x1
 335 0129 4D       		.byte	0x4d
 336 012a 00000000 		.4byte	.LFB1
 337 012e 20000000 		.4byte	.LFE1-.LFB1
 338 0132 01       		.uleb128 0x1
 339 0133 9C       		.byte	0x9c
 340 0134 4B010000 		.4byte	0x14b
 341 0138 0A       		.uleb128 0xa
 342 0139 0A000000 		.4byte	.LVL2
 343 013d C2010000 		.4byte	0x1c2
 344 0141 0A       		.uleb128 0xa
 345 0142 16000000 		.4byte	.LVL3
 346 0146 CD010000 		.4byte	0x1cd
 347 014a 00       		.byte	0
 348 014b 09       		.uleb128 0x9
 349 014c 74020000 		.4byte	.LASF24
 350 0150 01       		.byte	0x1
 351 0151 70       		.byte	0x70
 352 0152 00000000 		.4byte	.LFB2
 353 0156 2C000000 		.4byte	.LFE2-.LFB2
 354 015a 01       		.uleb128 0x1
 355 015b 9C       		.byte	0x9c
ARM GAS  C:\Users\ANDREY~1\AppData\Local\Temp\ccXLleqs.s 			page 10


 356 015c 73010000 		.4byte	0x173
 357 0160 0A       		.uleb128 0xa
 358 0161 1E000000 		.4byte	.LVL4
 359 0165 D8010000 		.4byte	0x1d8
 360 0169 0A       		.uleb128 0xa
 361 016a 22000000 		.4byte	.LVL5
 362 016e FB000000 		.4byte	0xfb
 363 0172 00       		.byte	0
 364 0173 09       		.uleb128 0x9
 365 0174 F0000000 		.4byte	.LASF25
 366 0178 01       		.byte	0x1
 367 0179 96       		.byte	0x96
 368 017a 00000000 		.4byte	.LFB3
 369 017e 18000000 		.4byte	.LFE3-.LFB3
 370 0182 01       		.uleb128 0x1
 371 0183 9C       		.byte	0x9c
 372 0184 9B010000 		.4byte	0x19b
 373 0188 0A       		.uleb128 0xa
 374 0189 06000000 		.4byte	.LVL6
 375 018d 23010000 		.4byte	0x123
 376 0191 0A       		.uleb128 0xa
 377 0192 12000000 		.4byte	.LVL7
 378 0196 E3010000 		.4byte	0x1e3
 379 019a 00       		.byte	0
 380 019b 0B       		.uleb128 0xb
 381 019c 61000000 		.4byte	.LASF35
 382 01a0 01       		.byte	0x1
 383 01a1 15       		.byte	0x15
 384 01a2 F0000000 		.4byte	0xf0
 385 01a6 05       		.uleb128 0x5
 386 01a7 03       		.byte	0x3
 387 01a8 00000000 		.4byte	WDT_Timer_backup
 388 01ac 0C       		.uleb128 0xc
 389 01ad 16010000 		.4byte	.LASF26
 390 01b1 16010000 		.4byte	.LASF26
 391 01b5 03       		.byte	0x3
 392 01b6 69       		.byte	0x69
 393 01b7 0C       		.uleb128 0xc
 394 01b8 00000000 		.4byte	.LASF27
 395 01bc 00000000 		.4byte	.LASF27
 396 01c0 03       		.byte	0x3
 397 01c1 63       		.byte	0x63
 398 01c2 0C       		.uleb128 0xc
 399 01c3 D9000000 		.4byte	.LASF28
 400 01c7 D9000000 		.4byte	.LASF28
 401 01cb 03       		.byte	0x3
 402 01cc 6A       		.byte	0x6a
 403 01cd 0C       		.uleb128 0xc
 404 01ce 2F000000 		.4byte	.LASF29
 405 01d2 2F000000 		.4byte	.LASF29
 406 01d6 03       		.byte	0x3
 407 01d7 64       		.byte	0x64
 408 01d8 0C       		.uleb128 0xc
 409 01d9 AD000000 		.4byte	.LASF30
 410 01dd AD000000 		.4byte	.LASF30
 411 01e1 03       		.byte	0x3
 412 01e2 5B       		.byte	0x5b
ARM GAS  C:\Users\ANDREY~1\AppData\Local\Temp\ccXLleqs.s 			page 11


 413 01e3 0C       		.uleb128 0xc
 414 01e4 A1020000 		.4byte	.LASF31
 415 01e8 A1020000 		.4byte	.LASF31
 416 01ec 03       		.byte	0x3
 417 01ed 8B       		.byte	0x8b
 418 01ee 00       		.byte	0
 419              		.section	.debug_abbrev,"",%progbits
 420              	.Ldebug_abbrev0:
 421 0000 01       		.uleb128 0x1
 422 0001 11       		.uleb128 0x11
 423 0002 01       		.byte	0x1
 424 0003 25       		.uleb128 0x25
 425 0004 0E       		.uleb128 0xe
 426 0005 13       		.uleb128 0x13
 427 0006 0B       		.uleb128 0xb
 428 0007 03       		.uleb128 0x3
 429 0008 0E       		.uleb128 0xe
 430 0009 1B       		.uleb128 0x1b
 431 000a 0E       		.uleb128 0xe
 432 000b 55       		.uleb128 0x55
 433 000c 17       		.uleb128 0x17
 434 000d 11       		.uleb128 0x11
 435 000e 01       		.uleb128 0x1
 436 000f 10       		.uleb128 0x10
 437 0010 17       		.uleb128 0x17
 438 0011 00       		.byte	0
 439 0012 00       		.byte	0
 440 0013 02       		.uleb128 0x2
 441 0014 24       		.uleb128 0x24
 442 0015 00       		.byte	0
 443 0016 0B       		.uleb128 0xb
 444 0017 0B       		.uleb128 0xb
 445 0018 3E       		.uleb128 0x3e
 446 0019 0B       		.uleb128 0xb
 447 001a 03       		.uleb128 0x3
 448 001b 0E       		.uleb128 0xe
 449 001c 00       		.byte	0
 450 001d 00       		.byte	0
 451 001e 03       		.uleb128 0x3
 452 001f 24       		.uleb128 0x24
 453 0020 00       		.byte	0
 454 0021 0B       		.uleb128 0xb
 455 0022 0B       		.uleb128 0xb
 456 0023 3E       		.uleb128 0x3e
 457 0024 0B       		.uleb128 0xb
 458 0025 03       		.uleb128 0x3
 459 0026 08       		.uleb128 0x8
 460 0027 00       		.byte	0
 461 0028 00       		.byte	0
 462 0029 04       		.uleb128 0x4
 463 002a 16       		.uleb128 0x16
 464 002b 00       		.byte	0
 465 002c 03       		.uleb128 0x3
 466 002d 0E       		.uleb128 0xe
 467 002e 3A       		.uleb128 0x3a
 468 002f 0B       		.uleb128 0xb
 469 0030 3B       		.uleb128 0x3b
ARM GAS  C:\Users\ANDREY~1\AppData\Local\Temp\ccXLleqs.s 			page 12


 470 0031 05       		.uleb128 0x5
 471 0032 49       		.uleb128 0x49
 472 0033 13       		.uleb128 0x13
 473 0034 00       		.byte	0
 474 0035 00       		.byte	0
 475 0036 05       		.uleb128 0x5
 476 0037 35       		.uleb128 0x35
 477 0038 00       		.byte	0
 478 0039 49       		.uleb128 0x49
 479 003a 13       		.uleb128 0x13
 480 003b 00       		.byte	0
 481 003c 00       		.byte	0
 482 003d 06       		.uleb128 0x6
 483 003e 13       		.uleb128 0x13
 484 003f 01       		.byte	0x1
 485 0040 0B       		.uleb128 0xb
 486 0041 0B       		.uleb128 0xb
 487 0042 3A       		.uleb128 0x3a
 488 0043 0B       		.uleb128 0xb
 489 0044 3B       		.uleb128 0x3b
 490 0045 0B       		.uleb128 0xb
 491 0046 01       		.uleb128 0x1
 492 0047 13       		.uleb128 0x13
 493 0048 00       		.byte	0
 494 0049 00       		.byte	0
 495 004a 07       		.uleb128 0x7
 496 004b 0D       		.uleb128 0xd
 497 004c 00       		.byte	0
 498 004d 03       		.uleb128 0x3
 499 004e 0E       		.uleb128 0xe
 500 004f 3A       		.uleb128 0x3a
 501 0050 0B       		.uleb128 0xb
 502 0051 3B       		.uleb128 0x3b
 503 0052 0B       		.uleb128 0xb
 504 0053 49       		.uleb128 0x49
 505 0054 13       		.uleb128 0x13
 506 0055 38       		.uleb128 0x38
 507 0056 0B       		.uleb128 0xb
 508 0057 00       		.byte	0
 509 0058 00       		.byte	0
 510 0059 08       		.uleb128 0x8
 511 005a 16       		.uleb128 0x16
 512 005b 00       		.byte	0
 513 005c 03       		.uleb128 0x3
 514 005d 0E       		.uleb128 0xe
 515 005e 3A       		.uleb128 0x3a
 516 005f 0B       		.uleb128 0xb
 517 0060 3B       		.uleb128 0x3b
 518 0061 0B       		.uleb128 0xb
 519 0062 49       		.uleb128 0x49
 520 0063 13       		.uleb128 0x13
 521 0064 00       		.byte	0
 522 0065 00       		.byte	0
 523 0066 09       		.uleb128 0x9
 524 0067 2E       		.uleb128 0x2e
 525 0068 01       		.byte	0x1
 526 0069 3F       		.uleb128 0x3f
ARM GAS  C:\Users\ANDREY~1\AppData\Local\Temp\ccXLleqs.s 			page 13


 527 006a 19       		.uleb128 0x19
 528 006b 03       		.uleb128 0x3
 529 006c 0E       		.uleb128 0xe
 530 006d 3A       		.uleb128 0x3a
 531 006e 0B       		.uleb128 0xb
 532 006f 3B       		.uleb128 0x3b
 533 0070 0B       		.uleb128 0xb
 534 0071 27       		.uleb128 0x27
 535 0072 19       		.uleb128 0x19
 536 0073 11       		.uleb128 0x11
 537 0074 01       		.uleb128 0x1
 538 0075 12       		.uleb128 0x12
 539 0076 06       		.uleb128 0x6
 540 0077 40       		.uleb128 0x40
 541 0078 18       		.uleb128 0x18
 542 0079 9742     		.uleb128 0x2117
 543 007b 19       		.uleb128 0x19
 544 007c 01       		.uleb128 0x1
 545 007d 13       		.uleb128 0x13
 546 007e 00       		.byte	0
 547 007f 00       		.byte	0
 548 0080 0A       		.uleb128 0xa
 549 0081 898201   		.uleb128 0x4109
 550 0084 00       		.byte	0
 551 0085 11       		.uleb128 0x11
 552 0086 01       		.uleb128 0x1
 553 0087 31       		.uleb128 0x31
 554 0088 13       		.uleb128 0x13
 555 0089 00       		.byte	0
 556 008a 00       		.byte	0
 557 008b 0B       		.uleb128 0xb
 558 008c 34       		.uleb128 0x34
 559 008d 00       		.byte	0
 560 008e 03       		.uleb128 0x3
 561 008f 0E       		.uleb128 0xe
 562 0090 3A       		.uleb128 0x3a
 563 0091 0B       		.uleb128 0xb
 564 0092 3B       		.uleb128 0x3b
 565 0093 0B       		.uleb128 0xb
 566 0094 49       		.uleb128 0x49
 567 0095 13       		.uleb128 0x13
 568 0096 02       		.uleb128 0x2
 569 0097 18       		.uleb128 0x18
 570 0098 00       		.byte	0
 571 0099 00       		.byte	0
 572 009a 0C       		.uleb128 0xc
 573 009b 2E       		.uleb128 0x2e
 574 009c 00       		.byte	0
 575 009d 3F       		.uleb128 0x3f
 576 009e 19       		.uleb128 0x19
 577 009f 3C       		.uleb128 0x3c
 578 00a0 19       		.uleb128 0x19
 579 00a1 6E       		.uleb128 0x6e
 580 00a2 0E       		.uleb128 0xe
 581 00a3 03       		.uleb128 0x3
 582 00a4 0E       		.uleb128 0xe
 583 00a5 3A       		.uleb128 0x3a
ARM GAS  C:\Users\ANDREY~1\AppData\Local\Temp\ccXLleqs.s 			page 14


 584 00a6 0B       		.uleb128 0xb
 585 00a7 3B       		.uleb128 0x3b
 586 00a8 0B       		.uleb128 0xb
 587 00a9 00       		.byte	0
 588 00aa 00       		.byte	0
 589 00ab 00       		.byte	0
 590              		.section	.debug_aranges,"",%progbits
 591 0000 34000000 		.4byte	0x34
 592 0004 0200     		.2byte	0x2
 593 0006 00000000 		.4byte	.Ldebug_info0
 594 000a 04       		.byte	0x4
 595 000b 00       		.byte	0
 596 000c 0000     		.2byte	0
 597 000e 0000     		.2byte	0
 598 0010 00000000 		.4byte	.LFB0
 599 0014 20000000 		.4byte	.LFE0-.LFB0
 600 0018 00000000 		.4byte	.LFB1
 601 001c 20000000 		.4byte	.LFE1-.LFB1
 602 0020 00000000 		.4byte	.LFB2
 603 0024 2C000000 		.4byte	.LFE2-.LFB2
 604 0028 00000000 		.4byte	.LFB3
 605 002c 18000000 		.4byte	.LFE3-.LFB3
 606 0030 00000000 		.4byte	0
 607 0034 00000000 		.4byte	0
 608              		.section	.debug_ranges,"",%progbits
 609              	.Ldebug_ranges0:
 610 0000 00000000 		.4byte	.LFB0
 611 0004 20000000 		.4byte	.LFE0
 612 0008 00000000 		.4byte	.LFB1
 613 000c 20000000 		.4byte	.LFE1
 614 0010 00000000 		.4byte	.LFB2
 615 0014 2C000000 		.4byte	.LFE2
 616 0018 00000000 		.4byte	.LFB3
 617 001c 18000000 		.4byte	.LFE3
 618 0020 00000000 		.4byte	0
 619 0024 00000000 		.4byte	0
 620              		.section	.debug_line,"",%progbits
 621              	.Ldebug_line0:
 622 0000 AB000000 		.section	.debug_str,"MS",%progbits,1
 622      02005800 
 622      00000201 
 622      FB0E0D00 
 622      01010101 
 623              	.LASF27:
 624 0000 5744545F 		.ascii	"WDT_Timer_ReadControlRegister\000"
 624      54696D65 
 624      725F5265 
 624      6164436F 
 624      6E74726F 
 625              	.LASF17:
 626 001e 54696D65 		.ascii	"TimerEnableState\000"
 626      72456E61 
 626      626C6553 
 626      74617465 
 626      00
 627              	.LASF29:
 628 002f 5744545F 		.ascii	"WDT_Timer_WriteControlRegister\000"
ARM GAS  C:\Users\ANDREY~1\AppData\Local\Temp\ccXLleqs.s 			page 15


 628      54696D65 
 628      725F5772 
 628      69746543 
 628      6F6E7472 
 629              	.LASF3:
 630 004e 73686F72 		.ascii	"short unsigned int\000"
 630      7420756E 
 630      7369676E 
 630      65642069 
 630      6E7400
 631              	.LASF35:
 632 0061 5744545F 		.ascii	"WDT_Timer_backup\000"
 632      54696D65 
 632      725F6261 
 632      636B7570 
 632      00
 633              	.LASF12:
 634 0072 646F7562 		.ascii	"double\000"
 634      6C6500
 635              	.LASF18:
 636 0079 54696D65 		.ascii	"TimerUdb\000"
 636      72556462 
 636      00
 637              	.LASF21:
 638 0082 5744545F 		.ascii	"WDT_Timer_backupStruct\000"
 638      54696D65 
 638      725F6261 
 638      636B7570 
 638      53747275 
 639              	.LASF11:
 640 0099 666C6F61 		.ascii	"float\000"
 640      7400
 641              	.LASF1:
 642 009f 756E7369 		.ascii	"unsigned char\000"
 642      676E6564 
 642      20636861 
 642      7200
 643              	.LASF30:
 644 00ad 5744545F 		.ascii	"WDT_Timer_Stop\000"
 644      54696D65 
 644      725F5374 
 644      6F7000
 645              	.LASF14:
 646 00bc 72656738 		.ascii	"reg8\000"
 646      00
 647              	.LASF5:
 648 00c1 6C6F6E67 		.ascii	"long unsigned int\000"
 648      20756E73 
 648      69676E65 
 648      6420696E 
 648      7400
 649              	.LASF9:
 650 00d3 75696E74 		.ascii	"uint8\000"
 650      3800
 651              	.LASF28:
 652 00d9 5744545F 		.ascii	"WDT_Timer_WriteCounter\000"
 652      54696D65 
ARM GAS  C:\Users\ANDREY~1\AppData\Local\Temp\ccXLleqs.s 			page 16


 652      725F5772 
 652      69746543 
 652      6F756E74 
 653              	.LASF25:
 654 00f0 5744545F 		.ascii	"WDT_Timer_Wakeup\000"
 654      54696D65 
 654      725F5761 
 654      6B657570 
 654      00
 655              	.LASF22:
 656 0101 5744545F 		.ascii	"WDT_Timer_SaveConfig\000"
 656      54696D65 
 656      725F5361 
 656      7665436F 
 656      6E666967 
 657              	.LASF26:
 658 0116 5744545F 		.ascii	"WDT_Timer_ReadCounter\000"
 658      54696D65 
 658      725F5265 
 658      6164436F 
 658      756E7465 
 659              	.LASF10:
 660 012c 75696E74 		.ascii	"uint32\000"
 660      333200
 661              	.LASF8:
 662 0133 756E7369 		.ascii	"unsigned int\000"
 662      676E6564 
 662      20696E74 
 662      00
 663              	.LASF7:
 664 0140 6C6F6E67 		.ascii	"long long unsigned int\000"
 664      206C6F6E 
 664      6720756E 
 664      7369676E 
 664      65642069 
 665              	.LASF33:
 666 0157 47656E65 		.ascii	"Generated_Source\\PSoC5\\WDT_Timer_PM.c\000"
 666      72617465 
 666      645F536F 
 666      75726365 
 666      5C50536F 
 667              	.LASF34:
 668 017d 5A3A5C44 		.ascii	"Z:\\Documents\\UCD\\FRUCD\\Dashboard-Firmware-FE9-F"
 668      6F63756D 
 668      656E7473 
 668      5C554344 
 668      5C465255 
 669 01ac 45372D42 		.ascii	"E7-Board\\Dashboard.cydsn\000"
 669      6F617264 
 669      5C446173 
 669      68626F61 
 669      72642E63 
 670              	.LASF23:
 671 01c5 5744545F 		.ascii	"WDT_Timer_RestoreConfig\000"
 671      54696D65 
 671      725F5265 
 671      73746F72 
ARM GAS  C:\Users\ANDREY~1\AppData\Local\Temp\ccXLleqs.s 			page 17


 671      65436F6E 
 672              	.LASF32:
 673 01dd 474E5520 		.ascii	"GNU C11 5.4.1 20160609 (release) [ARM/embedded-5-br"
 673      43313120 
 673      352E342E 
 673      31203230 
 673      31363036 
 674 0210 616E6368 		.ascii	"anch revision 237715] -mcpu=cortex-m3 -mthumb -g -O"
 674      20726576 
 674      6973696F 
 674      6E203233 
 674      37373135 
 675 0243 67202D66 		.ascii	"g -ffunction-sections -ffat-lto-objects\000"
 675      66756E63 
 675      74696F6E 
 675      2D736563 
 675      74696F6E 
 676              	.LASF16:
 677 026b 73697A65 		.ascii	"sizetype\000"
 677      74797065 
 677      00
 678              	.LASF24:
 679 0274 5744545F 		.ascii	"WDT_Timer_Sleep\000"
 679      54696D65 
 679      725F536C 
 679      65657000 
 680              	.LASF6:
 681 0284 6C6F6E67 		.ascii	"long long int\000"
 681      206C6F6E 
 681      6720696E 
 681      7400
 682              	.LASF13:
 683 0292 63686172 		.ascii	"char\000"
 683      00
 684              	.LASF2:
 685 0297 73686F72 		.ascii	"short int\000"
 685      7420696E 
 685      7400
 686              	.LASF31:
 687 02a1 5744545F 		.ascii	"WDT_Timer_Enable\000"
 687      54696D65 
 687      725F456E 
 687      61626C65 
 687      00
 688              	.LASF4:
 689 02b2 6C6F6E67 		.ascii	"long int\000"
 689      20696E74 
 689      00
 690              	.LASF15:
 691 02bb 6C6F6E67 		.ascii	"long double\000"
 691      20646F75 
 691      626C6500 
 692              	.LASF0:
 693 02c7 7369676E 		.ascii	"signed char\000"
 693      65642063 
 693      68617200 
 694              	.LASF19:
ARM GAS  C:\Users\ANDREY~1\AppData\Local\Temp\ccXLleqs.s 			page 18


 695 02d3 496E7465 		.ascii	"InterruptMaskValue\000"
 695      72727570 
 695      744D6173 
 695      6B56616C 
 695      756500
 696              	.LASF20:
 697 02e6 54696D65 		.ascii	"TimerControlRegister\000"
 697      72436F6E 
 697      74726F6C 
 697      52656769 
 697      73746572 
 698              		.ident	"GCC: (GNU Tools for ARM Embedded Processors) 5.4.1 20160609 (release) [ARM/embedded-5-bran
